2025-03-06 12:38:54,278 - __main__ - ERROR - Error in main application: st.session_state has no attribute "current_page". Did you forget to initialize it? More info: https://docs.streamlit.io/library/advanced-features/session-state#initialization
Traceback (most recent call last):
  File "C:\Users\vella\anaconda3\Lib\site-packages\streamlit\runtime\state\session_state.py", line 394, in __getitem__
    return self._getitem(widget_id, key)
           ^^^^^^^^^^^^^^^^^^^^^^^^^^^^^
  File "C:\Users\vella\anaconda3\Lib\site-packages\streamlit\runtime\state\session_state.py", line 439, in _getitem
    raise KeyError
KeyError

During handling of the above exception, another exception occurred:

Traceback (most recent call last):
  File "C:\Users\vella\anaconda3\Lib\site-packages\streamlit\runtime\state\session_state_proxy.py", line 119, in __getattr__
    return self[key]
           ~~~~^^^^^
  File "C:\Users\vella\anaconda3\Lib\site-packages\streamlit\runtime\state\session_state_proxy.py", line 90, in __getitem__
    return get_session_state()[key]
           ~~~~~~~~~~~~~~~~~~~^^^^^
  File "C:\Users\vella\anaconda3\Lib\site-packages\streamlit\runtime\state\safe_session_state.py", line 89, in __getitem__
    return self._state[key]
           ~~~~~~~~~~~^^^^^
  File "C:\Users\vella\anaconda3\Lib\site-packages\streamlit\runtime\state\session_state.py", line 396, in __getitem__
    raise KeyError(_missing_key_error_message(key))
KeyError: 'st.session_state has no key "current_page". Did you forget to initialize it? More info: https://docs.streamlit.io/library/advanced-features/session-state#initialization'

During handling of the above exception, another exception occurred:

Traceback (most recent call last):
  File "C:\Users\vella\Downloads\DPDPAssesment\Modular_code\app.py", line 75, in main
    render_header()
  File "C:\Users\vella\Downloads\DPDPAssesment\Modular_code\ui.py", line 40, in render_header
    if st.session_state.current_page != 'welcome':
       ^^^^^^^^^^^^^^^^^^^^^^^^^^^^^
  File "C:\Users\vella\anaconda3\Lib\site-packages\streamlit\runtime\state\session_state_proxy.py", line 121, in __getattr__
    raise AttributeError(_missing_attr_error_message(key))
AttributeError: st.session_state has no attribute "current_page". Did you forget to initialize it? More info: https://docs.streamlit.io/library/advanced-features/session-state#initialization
2025-03-06 12:39:25,247 - utils - INFO - Assessment reset
2025-03-06 12:39:25,248 - utils - INFO - Event: questionnaire_changed, Properties: {"regulation": "DPDP", "industry": "finance"}
2025-03-06 12:39:25,249 - utils - INFO - Changed questionnaire to DPDP/finance
2025-03-06 12:39:29,389 - utils - INFO - Event: assessment_started, Properties: {"organization": "A", "regulation": "DPDP", "industry": "finance", "date": "2025-03-06"}
2025-03-06 12:39:29,392 - questionnaire_structure - INFO - Loaded questionnaire from C:\Users\vella\Downloads\DPDPAssesment\Modular_code\Questionnaire\DPDP\finance.json
2025-03-06 12:39:29,392 - utils - INFO - Navigating to page: assessment
2025-03-06 12:39:29,392 - utils - INFO - Navigating to section 1 of 3
2025-03-06 12:39:29,529 - questionnaire_structure - INFO - Loaded questionnaire from C:\Users\vella\Downloads\DPDPAssesment\Modular_code\Questionnaire\DPDP\finance.json
2025-03-06 12:39:29,532 - questionnaire_structure - INFO - Loaded questionnaire from C:\Users\vella\Downloads\DPDPAssesment\Modular_code\Questionnaire\DPDP\finance.json
2025-03-06 12:39:32,303 - questionnaire_structure - INFO - Loaded questionnaire from C:\Users\vella\Downloads\DPDPAssesment\Modular_code\Questionnaire\DPDP\finance.json
2025-03-06 12:39:32,308 - questionnaire_structure - INFO - Loaded questionnaire from C:\Users\vella\Downloads\DPDPAssesment\Modular_code\Questionnaire\DPDP\finance.json
2025-03-06 12:39:33,367 - questionnaire_structure - INFO - Loaded questionnaire from C:\Users\vella\Downloads\DPDPAssesment\Modular_code\Questionnaire\DPDP\finance.json
2025-03-06 12:39:33,370 - questionnaire_structure - INFO - Loaded questionnaire from C:\Users\vella\Downloads\DPDPAssesment\Modular_code\Questionnaire\DPDP\finance.json
2025-03-06 12:39:34,063 - questionnaire_structure - INFO - Loaded questionnaire from C:\Users\vella\Downloads\DPDPAssesment\Modular_code\Questionnaire\DPDP\finance.json
2025-03-06 12:39:34,070 - questionnaire_structure - INFO - Loaded questionnaire from C:\Users\vella\Downloads\DPDPAssesment\Modular_code\Questionnaire\DPDP\finance.json
2025-03-06 12:39:34,087 - questionnaire_structure - INFO - Loaded questionnaire from C:\Users\vella\Downloads\DPDPAssesment\Modular_code\Questionnaire\DPDP\finance.json
2025-03-06 12:39:34,091 - utils - INFO - Navigating to page: assessment
2025-03-06 12:39:34,093 - utils - INFO - Navigating to section 2 of 3
2025-03-06 12:39:34,239 - questionnaire_structure - INFO - Loaded questionnaire from C:\Users\vella\Downloads\DPDPAssesment\Modular_code\Questionnaire\DPDP\finance.json
2025-03-06 12:39:34,245 - questionnaire_structure - INFO - Loaded questionnaire from C:\Users\vella\Downloads\DPDPAssesment\Modular_code\Questionnaire\DPDP\finance.json
2025-03-06 12:39:36,207 - questionnaire_structure - INFO - Loaded questionnaire from C:\Users\vella\Downloads\DPDPAssesment\Modular_code\Questionnaire\DPDP\finance.json
2025-03-06 12:39:36,216 - questionnaire_structure - INFO - Loaded questionnaire from C:\Users\vella\Downloads\DPDPAssesment\Modular_code\Questionnaire\DPDP\finance.json
2025-03-06 12:39:37,391 - questionnaire_structure - INFO - Loaded questionnaire from C:\Users\vella\Downloads\DPDPAssesment\Modular_code\Questionnaire\DPDP\finance.json
2025-03-06 12:39:37,399 - questionnaire_structure - INFO - Loaded questionnaire from C:\Users\vella\Downloads\DPDPAssesment\Modular_code\Questionnaire\DPDP\finance.json
2025-03-06 12:39:38,300 - questionnaire_structure - INFO - Loaded questionnaire from C:\Users\vella\Downloads\DPDPAssesment\Modular_code\Questionnaire\DPDP\finance.json
2025-03-06 12:39:38,310 - questionnaire_structure - INFO - Loaded questionnaire from C:\Users\vella\Downloads\DPDPAssesment\Modular_code\Questionnaire\DPDP\finance.json
2025-03-06 12:39:38,331 - questionnaire_structure - INFO - Loaded questionnaire from C:\Users\vella\Downloads\DPDPAssesment\Modular_code\Questionnaire\DPDP\finance.json
2025-03-06 12:39:38,337 - utils - INFO - Navigating to page: assessment
2025-03-06 12:39:38,338 - utils - INFO - Navigating to section 3 of 3
2025-03-06 12:39:38,498 - questionnaire_structure - INFO - Loaded questionnaire from C:\Users\vella\Downloads\DPDPAssesment\Modular_code\Questionnaire\DPDP\finance.json
2025-03-06 12:39:38,503 - questionnaire_structure - INFO - Loaded questionnaire from C:\Users\vella\Downloads\DPDPAssesment\Modular_code\Questionnaire\DPDP\finance.json
2025-03-06 12:39:40,054 - questionnaire_structure - INFO - Loaded questionnaire from C:\Users\vella\Downloads\DPDPAssesment\Modular_code\Questionnaire\DPDP\finance.json
2025-03-06 12:39:40,062 - questionnaire_structure - INFO - Loaded questionnaire from C:\Users\vella\Downloads\DPDPAssesment\Modular_code\Questionnaire\DPDP\finance.json
2025-03-06 12:39:41,574 - questionnaire_structure - INFO - Loaded questionnaire from C:\Users\vella\Downloads\DPDPAssesment\Modular_code\Questionnaire\DPDP\finance.json
2025-03-06 12:39:41,580 - questionnaire_structure - INFO - Loaded questionnaire from C:\Users\vella\Downloads\DPDPAssesment\Modular_code\Questionnaire\DPDP\finance.json
2025-03-06 12:39:42,646 - questionnaire_structure - INFO - Loaded questionnaire from C:\Users\vella\Downloads\DPDPAssesment\Modular_code\Questionnaire\DPDP\finance.json
2025-03-06 12:39:42,652 - questionnaire_structure - INFO - Loaded questionnaire from C:\Users\vella\Downloads\DPDPAssesment\Modular_code\Questionnaire\DPDP\finance.json
2025-03-06 12:39:42,670 - questionnaire_structure - INFO - Loaded questionnaire from C:\Users\vella\Downloads\DPDPAssesment\Modular_code\Questionnaire\DPDP\finance.json
2025-03-06 12:39:42,673 - utils - INFO - Assessment completed, calculating results
2025-03-06 12:39:42,675 - questionnaire_structure - INFO - Loaded questionnaire from C:\Users\vella\Downloads\DPDPAssesment\Modular_code\Questionnaire\DPDP\finance.json
2025-03-06 12:39:42,677 - scoring - ERROR - Error calculating compliance score: 'answer_points'
Traceback (most recent call last):
  File "C:\Users\vella\Downloads\DPDPAssesment\Modular_code\scoring.py", line 29, in calculate_compliance_score
    answer_points = questionnaire["answer_points"]
                    ~~~~~~~~~~~~~^^^^^^^^^^^^^^^^^
KeyError: 'answer_points'
2025-03-06 12:39:42,681 - utils - INFO - Navigating to page: report
2025-03-06 12:39:42,820 - questionnaire_structure - INFO - Loaded questionnaire from C:\Users\vella\Downloads\DPDPAssesment\Modular_code\Questionnaire\DPDP\finance.json
2025-03-06 12:41:58,282 - utils - INFO - Event: assessment_started, Properties: {"organization": "da", "regulation": "DPDP", "industry": "general", "date": "2025-03-06"}
2025-03-06 12:41:58,285 - questionnaire_structure - INFO - Loaded questionnaire from C:\Users\vella\Downloads\DPDPAssesment\Modular_code\Questionnaire\DPDP\general.json
2025-03-06 12:41:58,288 - utils - INFO - Navigating to page: assessment
2025-03-06 12:41:58,289 - utils - INFO - Navigating to section 1 of 10
2025-03-06 12:41:58,419 - questionnaire_structure - INFO - Loaded questionnaire from C:\Users\vella\Downloads\DPDPAssesment\Modular_code\Questionnaire\DPDP\general.json
2025-03-06 12:41:58,425 - questionnaire_structure - INFO - Loaded questionnaire from C:\Users\vella\Downloads\DPDPAssesment\Modular_code\Questionnaire\DPDP\general.json
2025-03-06 12:41:59,645 - questionnaire_structure - INFO - Loaded questionnaire from C:\Users\vella\Downloads\DPDPAssesment\Modular_code\Questionnaire\DPDP\general.json
2025-03-06 12:41:59,652 - questionnaire_structure - INFO - Loaded questionnaire from C:\Users\vella\Downloads\DPDPAssesment\Modular_code\Questionnaire\DPDP\general.json
2025-03-06 12:42:00,743 - questionnaire_structure - INFO - Loaded questionnaire from C:\Users\vella\Downloads\DPDPAssesment\Modular_code\Questionnaire\DPDP\general.json
2025-03-06 12:42:00,752 - questionnaire_structure - INFO - Loaded questionnaire from C:\Users\vella\Downloads\DPDPAssesment\Modular_code\Questionnaire\DPDP\general.json
2025-03-06 12:42:01,703 - questionnaire_structure - INFO - Loaded questionnaire from C:\Users\vella\Downloads\DPDPAssesment\Modular_code\Questionnaire\DPDP\general.json
2025-03-06 12:42:01,709 - questionnaire_structure - INFO - Loaded questionnaire from C:\Users\vella\Downloads\DPDPAssesment\Modular_code\Questionnaire\DPDP\general.json
2025-03-06 12:42:02,523 - questionnaire_structure - INFO - Loaded questionnaire from C:\Users\vella\Downloads\DPDPAssesment\Modular_code\Questionnaire\DPDP\general.json
2025-03-06 12:42:02,529 - questionnaire_structure - INFO - Loaded questionnaire from C:\Users\vella\Downloads\DPDPAssesment\Modular_code\Questionnaire\DPDP\general.json
2025-03-06 12:42:05,681 - questionnaire_structure - INFO - Loaded questionnaire from C:\Users\vella\Downloads\DPDPAssesment\Modular_code\Questionnaire\DPDP\general.json
2025-03-06 12:42:05,688 - questionnaire_structure - INFO - Loaded questionnaire from C:\Users\vella\Downloads\DPDPAssesment\Modular_code\Questionnaire\DPDP\general.json
2025-03-06 12:42:07,208 - questionnaire_structure - INFO - Loaded questionnaire from C:\Users\vella\Downloads\DPDPAssesment\Modular_code\Questionnaire\DPDP\general.json
2025-03-06 12:42:07,225 - questionnaire_structure - INFO - Loaded questionnaire from C:\Users\vella\Downloads\DPDPAssesment\Modular_code\Questionnaire\DPDP\general.json
2025-03-06 12:42:07,281 - questionnaire_structure - INFO - Loaded questionnaire from C:\Users\vella\Downloads\DPDPAssesment\Modular_code\Questionnaire\DPDP\general.json
2025-03-06 12:42:07,288 - utils - INFO - Navigating to page: assessment
2025-03-06 12:42:07,290 - utils - INFO - Navigating to section 2 of 10
2025-03-06 12:42:07,444 - questionnaire_structure - INFO - Loaded questionnaire from C:\Users\vella\Downloads\DPDPAssesment\Modular_code\Questionnaire\DPDP\general.json
2025-03-06 12:42:07,450 - questionnaire_structure - INFO - Loaded questionnaire from C:\Users\vella\Downloads\DPDPAssesment\Modular_code\Questionnaire\DPDP\general.json
2025-03-06 12:42:09,692 - questionnaire_structure - INFO - Loaded questionnaire from C:\Users\vella\Downloads\DPDPAssesment\Modular_code\Questionnaire\DPDP\general.json
2025-03-06 12:42:09,700 - questionnaire_structure - INFO - Loaded questionnaire from C:\Users\vella\Downloads\DPDPAssesment\Modular_code\Questionnaire\DPDP\general.json
2025-03-06 12:42:10,616 - questionnaire_structure - INFO - Loaded questionnaire from C:\Users\vella\Downloads\DPDPAssesment\Modular_code\Questionnaire\DPDP\general.json
2025-03-06 12:42:10,623 - questionnaire_structure - INFO - Loaded questionnaire from C:\Users\vella\Downloads\DPDPAssesment\Modular_code\Questionnaire\DPDP\general.json
2025-03-06 12:42:11,607 - questionnaire_structure - INFO - Loaded questionnaire from C:\Users\vella\Downloads\DPDPAssesment\Modular_code\Questionnaire\DPDP\general.json
2025-03-06 12:42:11,620 - questionnaire_structure - INFO - Loaded questionnaire from C:\Users\vella\Downloads\DPDPAssesment\Modular_code\Questionnaire\DPDP\general.json
2025-03-06 12:42:12,530 - questionnaire_structure - INFO - Loaded questionnaire from C:\Users\vella\Downloads\DPDPAssesment\Modular_code\Questionnaire\DPDP\general.json
2025-03-06 12:42:12,539 - questionnaire_structure - INFO - Loaded questionnaire from C:\Users\vella\Downloads\DPDPAssesment\Modular_code\Questionnaire\DPDP\general.json
2025-03-06 12:42:12,596 - questionnaire_structure - INFO - Loaded questionnaire from C:\Users\vella\Downloads\DPDPAssesment\Modular_code\Questionnaire\DPDP\general.json
2025-03-06 12:42:12,614 - utils - INFO - Navigating to page: assessment
2025-03-06 12:42:12,617 - utils - INFO - Navigating to section 3 of 10
2025-03-06 12:42:12,798 - questionnaire_structure - INFO - Loaded questionnaire from C:\Users\vella\Downloads\DPDPAssesment\Modular_code\Questionnaire\DPDP\general.json
2025-03-06 12:42:12,805 - questionnaire_structure - INFO - Loaded questionnaire from C:\Users\vella\Downloads\DPDPAssesment\Modular_code\Questionnaire\DPDP\general.json
2025-03-06 12:42:13,852 - questionnaire_structure - INFO - Loaded questionnaire from C:\Users\vella\Downloads\DPDPAssesment\Modular_code\Questionnaire\DPDP\general.json
2025-03-06 12:42:13,859 - questionnaire_structure - INFO - Loaded questionnaire from C:\Users\vella\Downloads\DPDPAssesment\Modular_code\Questionnaire\DPDP\general.json
2025-03-06 12:42:15,466 - questionnaire_structure - INFO - Loaded questionnaire from C:\Users\vella\Downloads\DPDPAssesment\Modular_code\Questionnaire\DPDP\general.json
2025-03-06 12:42:15,476 - questionnaire_structure - INFO - Loaded questionnaire from C:\Users\vella\Downloads\DPDPAssesment\Modular_code\Questionnaire\DPDP\general.json
2025-03-06 12:42:16,810 - questionnaire_structure - INFO - Loaded questionnaire from C:\Users\vella\Downloads\DPDPAssesment\Modular_code\Questionnaire\DPDP\general.json
2025-03-06 12:42:16,819 - questionnaire_structure - INFO - Loaded questionnaire from C:\Users\vella\Downloads\DPDPAssesment\Modular_code\Questionnaire\DPDP\general.json
2025-03-06 12:42:16,837 - questionnaire_structure - INFO - Loaded questionnaire from C:\Users\vella\Downloads\DPDPAssesment\Modular_code\Questionnaire\DPDP\general.json
2025-03-06 12:42:16,842 - utils - INFO - Navigating to page: assessment
2025-03-06 12:42:16,843 - utils - INFO - Navigating to section 4 of 10
2025-03-06 12:42:16,982 - questionnaire_structure - INFO - Loaded questionnaire from C:\Users\vella\Downloads\DPDPAssesment\Modular_code\Questionnaire\DPDP\general.json
2025-03-06 12:42:16,986 - questionnaire_structure - INFO - Loaded questionnaire from C:\Users\vella\Downloads\DPDPAssesment\Modular_code\Questionnaire\DPDP\general.json
2025-03-06 12:42:18,577 - questionnaire_structure - INFO - Loaded questionnaire from C:\Users\vella\Downloads\DPDPAssesment\Modular_code\Questionnaire\DPDP\general.json
2025-03-06 12:42:18,584 - questionnaire_structure - INFO - Loaded questionnaire from C:\Users\vella\Downloads\DPDPAssesment\Modular_code\Questionnaire\DPDP\general.json
2025-03-06 12:42:19,570 - questionnaire_structure - INFO - Loaded questionnaire from C:\Users\vella\Downloads\DPDPAssesment\Modular_code\Questionnaire\DPDP\general.json
2025-03-06 12:42:19,577 - questionnaire_structure - INFO - Loaded questionnaire from C:\Users\vella\Downloads\DPDPAssesment\Modular_code\Questionnaire\DPDP\general.json
2025-03-06 12:42:20,495 - questionnaire_structure - INFO - Loaded questionnaire from C:\Users\vella\Downloads\DPDPAssesment\Modular_code\Questionnaire\DPDP\general.json
2025-03-06 12:42:20,500 - questionnaire_structure - INFO - Loaded questionnaire from C:\Users\vella\Downloads\DPDPAssesment\Modular_code\Questionnaire\DPDP\general.json
2025-03-06 12:42:21,203 - questionnaire_structure - INFO - Loaded questionnaire from C:\Users\vella\Downloads\DPDPAssesment\Modular_code\Questionnaire\DPDP\general.json
2025-03-06 12:42:21,211 - questionnaire_structure - INFO - Loaded questionnaire from C:\Users\vella\Downloads\DPDPAssesment\Modular_code\Questionnaire\DPDP\general.json
2025-03-06 12:42:21,235 - questionnaire_structure - INFO - Loaded questionnaire from C:\Users\vella\Downloads\DPDPAssesment\Modular_code\Questionnaire\DPDP\general.json
2025-03-06 12:42:21,237 - utils - INFO - Navigating to page: assessment
2025-03-06 12:42:21,238 - utils - INFO - Navigating to section 5 of 10
2025-03-06 12:42:21,367 - questionnaire_structure - INFO - Loaded questionnaire from C:\Users\vella\Downloads\DPDPAssesment\Modular_code\Questionnaire\DPDP\general.json
2025-03-06 12:42:21,373 - questionnaire_structure - INFO - Loaded questionnaire from C:\Users\vella\Downloads\DPDPAssesment\Modular_code\Questionnaire\DPDP\general.json
2025-03-06 12:42:22,692 - questionnaire_structure - INFO - Loaded questionnaire from C:\Users\vella\Downloads\DPDPAssesment\Modular_code\Questionnaire\DPDP\general.json
2025-03-06 12:42:22,700 - questionnaire_structure - INFO - Loaded questionnaire from C:\Users\vella\Downloads\DPDPAssesment\Modular_code\Questionnaire\DPDP\general.json
2025-03-06 12:42:23,642 - questionnaire_structure - INFO - Loaded questionnaire from C:\Users\vella\Downloads\DPDPAssesment\Modular_code\Questionnaire\DPDP\general.json
2025-03-06 12:42:23,648 - questionnaire_structure - INFO - Loaded questionnaire from C:\Users\vella\Downloads\DPDPAssesment\Modular_code\Questionnaire\DPDP\general.json
2025-03-06 12:42:24,364 - questionnaire_structure - INFO - Loaded questionnaire from C:\Users\vella\Downloads\DPDPAssesment\Modular_code\Questionnaire\DPDP\general.json
2025-03-06 12:42:24,372 - questionnaire_structure - INFO - Loaded questionnaire from C:\Users\vella\Downloads\DPDPAssesment\Modular_code\Questionnaire\DPDP\general.json
2025-03-06 12:42:30,736 - utils - INFO - Navigating to page: assessment
2025-03-06 12:42:30,739 - utils - INFO - Event: navigation, Properties: {"destination": "assessment"}
2025-03-06 12:42:30,754 - questionnaire_structure - INFO - Loaded questionnaire from C:\Users\vella\Downloads\DPDPAssesment\Modular_code\Questionnaire\DPDP\general.json
2025-03-06 12:42:30,762 - questionnaire_structure - INFO - Loaded questionnaire from C:\Users\vella\Downloads\DPDPAssesment\Modular_code\Questionnaire\DPDP\general.json
2025-03-06 12:42:33,205 - utils - INFO - Assessment reset
2025-03-06 12:42:33,205 - utils - INFO - Navigating to page: welcome
2025-03-06 12:42:33,207 - utils - INFO - Event: new_assessment_started, Properties: {}
2025-03-06 12:42:35,751 - utils - INFO - Assessment reset
2025-03-06 12:42:35,752 - utils - INFO - Event: questionnaire_changed, Properties: {"regulation": "DPDP", "industry": "finance"}
2025-03-06 12:42:35,754 - utils - INFO - Changed questionnaire to DPDP/finance
2025-03-06 12:42:38,170 - utils - INFO - Event: assessment_started, Properties: {"organization": "fh", "regulation": "DPDP", "industry": "finance", "date": "2025-03-06"}
2025-03-06 12:42:38,173 - questionnaire_structure - INFO - Loaded questionnaire from C:\Users\vella\Downloads\DPDPAssesment\Modular_code\Questionnaire\DPDP\finance.json
2025-03-06 12:42:38,176 - utils - INFO - Navigating to page: assessment
2025-03-06 12:42:38,177 - utils - INFO - Navigating to section 1 of 3
2025-03-06 12:42:38,349 - questionnaire_structure - INFO - Loaded questionnaire from C:\Users\vella\Downloads\DPDPAssesment\Modular_code\Questionnaire\DPDP\finance.json
2025-03-06 12:42:38,354 - questionnaire_structure - INFO - Loaded questionnaire from C:\Users\vella\Downloads\DPDPAssesment\Modular_code\Questionnaire\DPDP\finance.json
2025-03-06 12:42:40,152 - questionnaire_structure - INFO - Loaded questionnaire from C:\Users\vella\Downloads\DPDPAssesment\Modular_code\Questionnaire\DPDP\finance.json
2025-03-06 12:42:40,158 - questionnaire_structure - INFO - Loaded questionnaire from C:\Users\vella\Downloads\DPDPAssesment\Modular_code\Questionnaire\DPDP\finance.json
2025-03-06 12:42:41,378 - questionnaire_structure - INFO - Loaded questionnaire from C:\Users\vella\Downloads\DPDPAssesment\Modular_code\Questionnaire\DPDP\finance.json
2025-03-06 12:42:41,384 - questionnaire_structure - INFO - Loaded questionnaire from C:\Users\vella\Downloads\DPDPAssesment\Modular_code\Questionnaire\DPDP\finance.json
2025-03-06 12:42:42,090 - questionnaire_structure - INFO - Loaded questionnaire from C:\Users\vella\Downloads\DPDPAssesment\Modular_code\Questionnaire\DPDP\finance.json
2025-03-06 12:42:42,096 - questionnaire_structure - INFO - Loaded questionnaire from C:\Users\vella\Downloads\DPDPAssesment\Modular_code\Questionnaire\DPDP\finance.json
2025-03-06 12:42:42,111 - questionnaire_structure - INFO - Loaded questionnaire from C:\Users\vella\Downloads\DPDPAssesment\Modular_code\Questionnaire\DPDP\finance.json
2025-03-06 12:42:42,116 - utils - INFO - Navigating to page: assessment
2025-03-06 12:42:42,118 - utils - INFO - Navigating to section 2 of 3
2025-03-06 12:42:42,242 - questionnaire_structure - INFO - Loaded questionnaire from C:\Users\vella\Downloads\DPDPAssesment\Modular_code\Questionnaire\DPDP\finance.json
2025-03-06 12:42:42,245 - questionnaire_structure - INFO - Loaded questionnaire from C:\Users\vella\Downloads\DPDPAssesment\Modular_code\Questionnaire\DPDP\finance.json
2025-03-06 12:42:44,168 - questionnaire_structure - INFO - Loaded questionnaire from C:\Users\vella\Downloads\DPDPAssesment\Modular_code\Questionnaire\DPDP\finance.json
2025-03-06 12:42:44,174 - questionnaire_structure - INFO - Loaded questionnaire from C:\Users\vella\Downloads\DPDPAssesment\Modular_code\Questionnaire\DPDP\finance.json
2025-03-06 12:42:46,280 - questionnaire_structure - INFO - Loaded questionnaire from C:\Users\vella\Downloads\DPDPAssesment\Modular_code\Questionnaire\DPDP\finance.json
2025-03-06 12:42:46,286 - questionnaire_structure - INFO - Loaded questionnaire from C:\Users\vella\Downloads\DPDPAssesment\Modular_code\Questionnaire\DPDP\finance.json
2025-03-06 12:42:47,322 - questionnaire_structure - INFO - Loaded questionnaire from C:\Users\vella\Downloads\DPDPAssesment\Modular_code\Questionnaire\DPDP\finance.json
2025-03-06 12:42:47,330 - questionnaire_structure - INFO - Loaded questionnaire from C:\Users\vella\Downloads\DPDPAssesment\Modular_code\Questionnaire\DPDP\finance.json
2025-03-06 12:42:47,352 - questionnaire_structure - INFO - Loaded questionnaire from C:\Users\vella\Downloads\DPDPAssesment\Modular_code\Questionnaire\DPDP\finance.json
2025-03-06 12:42:47,355 - utils - INFO - Navigating to page: assessment
2025-03-06 12:42:47,356 - utils - INFO - Navigating to section 3 of 3
2025-03-06 12:42:47,491 - questionnaire_structure - INFO - Loaded questionnaire from C:\Users\vella\Downloads\DPDPAssesment\Modular_code\Questionnaire\DPDP\finance.json
2025-03-06 12:42:47,496 - questionnaire_structure - INFO - Loaded questionnaire from C:\Users\vella\Downloads\DPDPAssesment\Modular_code\Questionnaire\DPDP\finance.json
2025-03-06 12:42:49,769 - questionnaire_structure - INFO - Loaded questionnaire from C:\Users\vella\Downloads\DPDPAssesment\Modular_code\Questionnaire\DPDP\finance.json
2025-03-06 12:42:49,775 - questionnaire_structure - INFO - Loaded questionnaire from C:\Users\vella\Downloads\DPDPAssesment\Modular_code\Questionnaire\DPDP\finance.json
2025-03-06 12:42:50,944 - questionnaire_structure - INFO - Loaded questionnaire from C:\Users\vella\Downloads\DPDPAssesment\Modular_code\Questionnaire\DPDP\finance.json
2025-03-06 12:42:50,950 - questionnaire_structure - INFO - Loaded questionnaire from C:\Users\vella\Downloads\DPDPAssesment\Modular_code\Questionnaire\DPDP\finance.json
2025-03-06 12:42:51,716 - questionnaire_structure - INFO - Loaded questionnaire from C:\Users\vella\Downloads\DPDPAssesment\Modular_code\Questionnaire\DPDP\finance.json
2025-03-06 12:42:51,724 - questionnaire_structure - INFO - Loaded questionnaire from C:\Users\vella\Downloads\DPDPAssesment\Modular_code\Questionnaire\DPDP\finance.json
2025-03-06 12:42:51,747 - questionnaire_structure - INFO - Loaded questionnaire from C:\Users\vella\Downloads\DPDPAssesment\Modular_code\Questionnaire\DPDP\finance.json
2025-03-06 12:42:51,749 - utils - INFO - Assessment completed, calculating results
2025-03-06 12:42:51,751 - questionnaire_structure - INFO - Loaded questionnaire from C:\Users\vella\Downloads\DPDPAssesment\Modular_code\Questionnaire\DPDP\finance.json
2025-03-06 12:42:51,755 - utils - INFO - Navigating to page: report
2025-03-06 12:42:51,917 - questionnaire_structure - INFO - Loaded questionnaire from C:\Users\vella\Downloads\DPDPAssesment\Modular_code\Questionnaire\DPDP\finance.json
2025-03-06 12:44:05,857 - utils - INFO - Assessment reset
2025-03-06 12:44:05,858 - utils - INFO - Event: questionnaire_changed, Properties: {"regulation": "DPDP", "industry": "finance"}
2025-03-06 12:44:05,860 - utils - INFO - Changed questionnaire to DPDP/finance
2025-03-06 12:44:09,026 - utils - INFO - Event: assessment_started, Properties: {"organization": "A", "regulation": "DPDP", "industry": "finance", "date": "2025-03-06"}
2025-03-06 12:44:09,030 - questionnaire_structure - INFO - Loaded questionnaire from C:\Users\vella\Downloads\DPDPAssesment\Modular_code\Questionnaire\DPDP\finance.json
2025-03-06 12:44:09,033 - utils - INFO - Navigating to page: assessment
2025-03-06 12:44:09,034 - utils - INFO - Navigating to section 1 of 3
2025-03-06 12:44:09,231 - questionnaire_structure - INFO - Loaded questionnaire from C:\Users\vella\Downloads\DPDPAssesment\Modular_code\Questionnaire\DPDP\finance.json
2025-03-06 12:44:09,239 - questionnaire_structure - INFO - Loaded questionnaire from C:\Users\vella\Downloads\DPDPAssesment\Modular_code\Questionnaire\DPDP\finance.json
2025-03-06 12:44:10,560 - questionnaire_structure - INFO - Loaded questionnaire from C:\Users\vella\Downloads\DPDPAssesment\Modular_code\Questionnaire\DPDP\finance.json
2025-03-06 12:44:10,566 - questionnaire_structure - INFO - Loaded questionnaire from C:\Users\vella\Downloads\DPDPAssesment\Modular_code\Questionnaire\DPDP\finance.json
2025-03-06 12:44:11,837 - questionnaire_structure - INFO - Loaded questionnaire from C:\Users\vella\Downloads\DPDPAssesment\Modular_code\Questionnaire\DPDP\finance.json
2025-03-06 12:44:11,843 - questionnaire_structure - INFO - Loaded questionnaire from C:\Users\vella\Downloads\DPDPAssesment\Modular_code\Questionnaire\DPDP\finance.json
2025-03-06 12:44:12,966 - questionnaire_structure - INFO - Loaded questionnaire from C:\Users\vella\Downloads\DPDPAssesment\Modular_code\Questionnaire\DPDP\finance.json
2025-03-06 12:44:12,972 - questionnaire_structure - INFO - Loaded questionnaire from C:\Users\vella\Downloads\DPDPAssesment\Modular_code\Questionnaire\DPDP\finance.json
2025-03-06 12:44:12,988 - questionnaire_structure - INFO - Loaded questionnaire from C:\Users\vella\Downloads\DPDPAssesment\Modular_code\Questionnaire\DPDP\finance.json
2025-03-06 12:44:12,994 - utils - INFO - Navigating to page: assessment
2025-03-06 12:44:12,996 - utils - INFO - Navigating to section 2 of 3
2025-03-06 12:44:13,195 - questionnaire_structure - INFO - Loaded questionnaire from C:\Users\vella\Downloads\DPDPAssesment\Modular_code\Questionnaire\DPDP\finance.json
2025-03-06 12:44:13,203 - questionnaire_structure - INFO - Loaded questionnaire from C:\Users\vella\Downloads\DPDPAssesment\Modular_code\Questionnaire\DPDP\finance.json
2025-03-06 12:44:14,841 - questionnaire_structure - INFO - Loaded questionnaire from C:\Users\vella\Downloads\DPDPAssesment\Modular_code\Questionnaire\DPDP\finance.json
2025-03-06 12:44:14,847 - questionnaire_structure - INFO - Loaded questionnaire from C:\Users\vella\Downloads\DPDPAssesment\Modular_code\Questionnaire\DPDP\finance.json
2025-03-06 12:44:26,823 - questionnaire_structure - INFO - Loaded questionnaire from C:\Users\vella\Downloads\DPDPAssesment\Modular_code\Questionnaire\DPDP\finance.json
2025-03-06 12:44:26,829 - questionnaire_structure - INFO - Loaded questionnaire from C:\Users\vella\Downloads\DPDPAssesment\Modular_code\Questionnaire\DPDP\finance.json
2025-03-06 12:44:29,138 - questionnaire_structure - INFO - Loaded questionnaire from C:\Users\vella\Downloads\DPDPAssesment\Modular_code\Questionnaire\DPDP\finance.json
2025-03-06 12:44:29,143 - questionnaire_structure - INFO - Loaded questionnaire from C:\Users\vella\Downloads\DPDPAssesment\Modular_code\Questionnaire\DPDP\finance.json
2025-03-06 12:44:29,165 - questionnaire_structure - INFO - Loaded questionnaire from C:\Users\vella\Downloads\DPDPAssesment\Modular_code\Questionnaire\DPDP\finance.json
2025-03-06 12:44:29,169 - utils - INFO - Navigating to page: assessment
2025-03-06 12:44:29,171 - utils - INFO - Navigating to section 3 of 3
2025-03-06 12:44:29,321 - questionnaire_structure - INFO - Loaded questionnaire from C:\Users\vella\Downloads\DPDPAssesment\Modular_code\Questionnaire\DPDP\finance.json
2025-03-06 12:44:29,326 - questionnaire_structure - INFO - Loaded questionnaire from C:\Users\vella\Downloads\DPDPAssesment\Modular_code\Questionnaire\DPDP\finance.json
2025-03-06 12:44:31,169 - questionnaire_structure - INFO - Loaded questionnaire from C:\Users\vella\Downloads\DPDPAssesment\Modular_code\Questionnaire\DPDP\finance.json
2025-03-06 12:44:31,175 - questionnaire_structure - INFO - Loaded questionnaire from C:\Users\vella\Downloads\DPDPAssesment\Modular_code\Questionnaire\DPDP\finance.json
2025-03-06 12:44:32,830 - questionnaire_structure - INFO - Loaded questionnaire from C:\Users\vella\Downloads\DPDPAssesment\Modular_code\Questionnaire\DPDP\finance.json
2025-03-06 12:44:32,835 - questionnaire_structure - INFO - Loaded questionnaire from C:\Users\vella\Downloads\DPDPAssesment\Modular_code\Questionnaire\DPDP\finance.json
2025-03-06 12:44:33,495 - questionnaire_structure - INFO - Loaded questionnaire from C:\Users\vella\Downloads\DPDPAssesment\Modular_code\Questionnaire\DPDP\finance.json
2025-03-06 12:44:33,501 - questionnaire_structure - INFO - Loaded questionnaire from C:\Users\vella\Downloads\DPDPAssesment\Modular_code\Questionnaire\DPDP\finance.json
2025-03-06 12:44:33,514 - questionnaire_structure - INFO - Loaded questionnaire from C:\Users\vella\Downloads\DPDPAssesment\Modular_code\Questionnaire\DPDP\finance.json
2025-03-06 12:44:33,516 - utils - INFO - Assessment completed, calculating results
2025-03-06 12:44:33,521 - questionnaire_structure - INFO - Loaded questionnaire from C:\Users\vella\Downloads\DPDPAssesment\Modular_code\Questionnaire\DPDP\finance.json
2025-03-06 12:44:33,524 - utils - INFO - Navigating to page: report
2025-03-06 12:44:33,656 - questionnaire_structure - INFO - Loaded questionnaire from C:\Users\vella\Downloads\DPDPAssesment\Modular_code\Questionnaire\DPDP\finance.json
2025-03-06 13:20:12,115 - utils - INFO - Assessment reset
2025-03-06 13:20:12,115 - utils - INFO - Event: questionnaire_changed, Properties: {"regulation": "DPDP", "industry": "finance"}
2025-03-06 13:20:12,115 - utils - INFO - Changed questionnaire to DPDP/finance
2025-03-06 13:22:55,119 - utils - INFO - Event: assessment_started, Properties: {"organization": "a", "regulation": "DPDP", "industry": "general", "date": "2025-03-06"}
2025-03-06 13:22:55,121 - questionnaire_structure - INFO - Loaded questionnaire from C:\Users\vella\Downloads\DPDPAssesment\Modular_code\Questionnaire\DPDP\general.json
2025-03-06 13:22:55,123 - utils - INFO - Navigating to page: assessment
2025-03-06 13:22:55,124 - utils - INFO - Navigating to section 1 of 10
2025-03-06 13:22:55,220 - questionnaire_structure - INFO - Loaded questionnaire from C:\Users\vella\Downloads\DPDPAssesment\Modular_code\Questionnaire\DPDP\general.json
2025-03-06 13:22:55,225 - questionnaire_structure - INFO - Loaded questionnaire from C:\Users\vella\Downloads\DPDPAssesment\Modular_code\Questionnaire\DPDP\general.json
2025-03-06 13:23:03,138 - utils - INFO - Assessment reset
2025-03-06 13:23:03,138 - utils - INFO - Event: questionnaire_changed, Properties: {"regulation": "DPDP", "industry": "finance"}
2025-03-06 13:23:03,144 - utils - INFO - Changed questionnaire to DPDP/finance
2025-03-06 13:23:05,105 - utils - INFO - Assessment reset
2025-03-06 13:23:05,105 - utils - INFO - Event: questionnaire_changed, Properties: {"regulation": "GDPR", "industry": "general"}
2025-03-06 13:23:05,105 - utils - INFO - Changed questionnaire to GDPR/general
2025-03-06 13:23:12,532 - utils - INFO - Assessment reset
2025-03-06 13:23:12,532 - utils - INFO - Event: questionnaire_changed, Properties: {"regulation": "DPDP", "industry": "general"}
2025-03-06 13:23:12,532 - utils - INFO - Changed questionnaire to DPDP/general
2025-03-06 13:23:17,967 - utils - INFO - Assessment reset
2025-03-06 13:23:17,967 - utils - INFO - Event: questionnaire_changed, Properties: {"regulation": "DPDP", "industry": "finance"}
2025-03-06 13:23:17,968 - utils - INFO - Changed questionnaire to DPDP/finance
2025-03-06 13:23:27,140 - utils - INFO - Assessment reset
2025-03-06 13:23:27,140 - utils - INFO - Event: questionnaire_changed, Properties: {"regulation": "GDPR", "industry": "general"}
2025-03-06 13:23:27,142 - utils - INFO - Changed questionnaire to GDPR/general
2025-03-06 13:23:34,827 - utils - INFO - Assessment reset
2025-03-06 13:23:34,828 - utils - INFO - Event: questionnaire_changed, Properties: {"regulation": "DPDP", "industry": "general"}
2025-03-06 13:23:34,829 - utils - INFO - Changed questionnaire to DPDP/general
2025-03-06 13:23:37,875 - utils - INFO - Assessment reset
2025-03-06 13:23:37,876 - utils - INFO - Event: questionnaire_changed, Properties: {"regulation": "DPDP", "industry": "technology"}
2025-03-06 13:23:37,877 - utils - INFO - Changed questionnaire to DPDP/technology
2025-03-06 14:31:41,729 - utils - INFO - Assessment reset
2025-03-06 14:31:41,730 - utils - INFO - Event: questionnaire_changed, Properties: {"regulation": "DPDP", "industry": "finance"}
2025-03-06 14:31:41,731 - utils - INFO - Changed questionnaire to DPDP/finance
2025-03-06 14:31:46,310 - utils - INFO - Assessment reset
2025-03-06 14:31:46,312 - utils - INFO - Event: questionnaire_changed, Properties: {"regulation": "GDPR", "industry": "general"}
2025-03-06 14:31:46,313 - utils - INFO - Changed questionnaire to GDPR/general
2025-03-06 14:31:54,521 - utils - INFO - Assessment reset
2025-03-06 14:31:54,522 - utils - INFO - Event: questionnaire_changed, Properties: {"regulation": "DPDP", "industry": "general"}
2025-03-06 14:31:54,523 - utils - INFO - Changed questionnaire to DPDP/general
2025-03-06 14:31:59,006 - utils - INFO - Assessment reset
2025-03-06 14:31:59,006 - utils - INFO - Event: questionnaire_changed, Properties: {"regulation": "DPDP", "industry": "finance"}
2025-03-06 14:31:59,007 - utils - INFO - Changed questionnaire to DPDP/finance
2025-03-06 14:38:31,686 - landing - WARNING - Invalid token attempt at 2025-03-06 14:38:31.686740
2025-03-06 14:53:10,473 - utils - INFO - Assessment reset
2025-03-06 14:53:10,474 - utils - INFO - Event: questionnaire_changed, Properties: {"regulation": "DPDP", "industry": "finance"}
2025-03-06 14:53:10,475 - utils - INFO - Changed questionnaire to DPDP/finance
2025-03-06 14:53:21,187 - utils - INFO - Event: assessment_started, Properties: {"organization": "DataINFA", "regulation": "DPDP", "industry": "finance", "date": "2025-03-06"}
2025-03-06 14:53:21,187 - questionnaire_structure - INFO - Loaded questionnaire from C:\Users\vella\Downloads\DPDPAssesment\Modular_code\Questionnaire\DPDP\finance.json
2025-03-06 14:53:21,195 - utils - INFO - Navigating to page: assessment
2025-03-06 14:53:21,195 - utils - INFO - Navigating to section 1 of 3
2025-03-06 14:53:21,323 - questionnaire_structure - INFO - Loaded questionnaire from C:\Users\vella\Downloads\DPDPAssesment\Modular_code\Questionnaire\DPDP\finance.json
2025-03-06 14:53:21,328 - questionnaire_structure - INFO - Loaded questionnaire from C:\Users\vella\Downloads\DPDPAssesment\Modular_code\Questionnaire\DPDP\finance.json
2025-03-06 14:59:38,542 - utils - INFO - Navigating to page: dashboard
2025-03-06 14:59:38,542 - utils - INFO - Event: navigation, Properties: {"destination": "dashboard"}
2025-03-06 14:59:40,029 - utils - INFO - Navigating to page: welcome
2025-03-06 14:59:46,083 - utils - INFO - Event: assessment_started, Properties: {"organization": "a", "regulation": "DPDP", "industry": "general", "date": "2025-03-06"}
2025-03-06 14:59:46,106 - questionnaire_structure - INFO - Loaded questionnaire from C:\Users\vella\Downloads\DPDPAssesment\Modular_code\Questionnaire\DPDP\general.json
2025-03-06 14:59:46,107 - utils - INFO - Navigating to page: assessment
2025-03-06 14:59:46,108 - utils - INFO - Navigating to section 1 of 10
2025-03-06 14:59:46,212 - questionnaire_structure - INFO - Loaded questionnaire from C:\Users\vella\Downloads\DPDPAssesment\Modular_code\Questionnaire\DPDP\general.json
2025-03-06 14:59:46,218 - questionnaire_structure - INFO - Loaded questionnaire from C:\Users\vella\Downloads\DPDPAssesment\Modular_code\Questionnaire\DPDP\general.json
2025-03-06 14:59:48,106 - questionnaire_structure - INFO - Loaded questionnaire from C:\Users\vella\Downloads\DPDPAssesment\Modular_code\Questionnaire\DPDP\general.json
2025-03-06 14:59:48,111 - questionnaire_structure - INFO - Loaded questionnaire from C:\Users\vella\Downloads\DPDPAssesment\Modular_code\Questionnaire\DPDP\general.json
2025-03-06 14:59:49,902 - questionnaire_structure - INFO - Loaded questionnaire from C:\Users\vella\Downloads\DPDPAssesment\Modular_code\Questionnaire\DPDP\general.json
2025-03-06 14:59:49,905 - questionnaire_structure - INFO - Loaded questionnaire from C:\Users\vella\Downloads\DPDPAssesment\Modular_code\Questionnaire\DPDP\general.json
2025-03-06 14:59:53,218 - utils - INFO - Navigating to page: dashboard
2025-03-06 14:59:53,219 - utils - INFO - Event: navigation, Properties: {"destination": "dashboard"}
2025-03-06 14:59:55,901 - utils - INFO - Assessment reset
2025-03-06 14:59:55,902 - utils - INFO - Navigating to page: welcome
2025-03-06 14:59:55,902 - utils - INFO - Event: new_assessment_started, Properties: {}
2025-03-06 14:59:58,492 - utils - INFO - Assessment reset
2025-03-06 14:59:58,492 - utils - INFO - Event: questionnaire_changed, Properties: {"regulation": "DPDP", "industry": "finance"}
2025-03-06 14:59:58,494 - utils - INFO - Changed questionnaire to DPDP/finance
2025-03-06 15:00:02,660 - utils - INFO - Event: assessment_started, Properties: {"organization": "a", "regulation": "DPDP", "industry": "finance", "date": "2025-03-06"}
2025-03-06 15:00:02,660 - questionnaire_structure - INFO - Loaded questionnaire from C:\Users\vella\Downloads\DPDPAssesment\Modular_code\Questionnaire\DPDP\finance.json
2025-03-06 15:00:02,664 - utils - INFO - Navigating to page: assessment
2025-03-06 15:00:02,664 - utils - INFO - Navigating to section 1 of 3
2025-03-06 15:00:02,815 - questionnaire_structure - INFO - Loaded questionnaire from C:\Users\vella\Downloads\DPDPAssesment\Modular_code\Questionnaire\DPDP\finance.json
2025-03-06 15:00:02,821 - questionnaire_structure - INFO - Loaded questionnaire from C:\Users\vella\Downloads\DPDPAssesment\Modular_code\Questionnaire\DPDP\finance.json
2025-03-06 15:00:04,302 - questionnaire_structure - INFO - Loaded questionnaire from C:\Users\vella\Downloads\DPDPAssesment\Modular_code\Questionnaire\DPDP\finance.json
2025-03-06 15:00:04,305 - questionnaire_structure - INFO - Loaded questionnaire from C:\Users\vella\Downloads\DPDPAssesment\Modular_code\Questionnaire\DPDP\finance.json
2025-03-06 15:00:06,516 - questionnaire_structure - INFO - Loaded questionnaire from C:\Users\vella\Downloads\DPDPAssesment\Modular_code\Questionnaire\DPDP\finance.json
2025-03-06 15:00:06,520 - questionnaire_structure - INFO - Loaded questionnaire from C:\Users\vella\Downloads\DPDPAssesment\Modular_code\Questionnaire\DPDP\finance.json
2025-03-06 15:00:07,726 - questionnaire_structure - INFO - Loaded questionnaire from C:\Users\vella\Downloads\DPDPAssesment\Modular_code\Questionnaire\DPDP\finance.json
2025-03-06 15:00:07,730 - questionnaire_structure - INFO - Loaded questionnaire from C:\Users\vella\Downloads\DPDPAssesment\Modular_code\Questionnaire\DPDP\finance.json
2025-03-06 15:00:07,754 - questionnaire_structure - INFO - Loaded questionnaire from C:\Users\vella\Downloads\DPDPAssesment\Modular_code\Questionnaire\DPDP\finance.json
2025-03-06 15:00:07,756 - utils - INFO - Navigating to page: assessment
2025-03-06 15:00:07,757 - utils - INFO - Navigating to section 2 of 3
2025-03-06 15:00:07,901 - questionnaire_structure - INFO - Loaded questionnaire from C:\Users\vella\Downloads\DPDPAssesment\Modular_code\Questionnaire\DPDP\finance.json
2025-03-06 15:00:07,907 - questionnaire_structure - INFO - Loaded questionnaire from C:\Users\vella\Downloads\DPDPAssesment\Modular_code\Questionnaire\DPDP\finance.json
2025-03-06 15:00:08,979 - questionnaire_structure - INFO - Loaded questionnaire from C:\Users\vella\Downloads\DPDPAssesment\Modular_code\Questionnaire\DPDP\finance.json
2025-03-06 15:00:08,982 - questionnaire_structure - INFO - Loaded questionnaire from C:\Users\vella\Downloads\DPDPAssesment\Modular_code\Questionnaire\DPDP\finance.json
2025-03-06 15:00:09,954 - questionnaire_structure - INFO - Loaded questionnaire from C:\Users\vella\Downloads\DPDPAssesment\Modular_code\Questionnaire\DPDP\finance.json
2025-03-06 15:00:09,958 - questionnaire_structure - INFO - Loaded questionnaire from C:\Users\vella\Downloads\DPDPAssesment\Modular_code\Questionnaire\DPDP\finance.json
2025-03-06 15:00:10,904 - questionnaire_structure - INFO - Loaded questionnaire from C:\Users\vella\Downloads\DPDPAssesment\Modular_code\Questionnaire\DPDP\finance.json
2025-03-06 15:00:10,909 - questionnaire_structure - INFO - Loaded questionnaire from C:\Users\vella\Downloads\DPDPAssesment\Modular_code\Questionnaire\DPDP\finance.json
2025-03-06 15:00:10,926 - questionnaire_structure - INFO - Loaded questionnaire from C:\Users\vella\Downloads\DPDPAssesment\Modular_code\Questionnaire\DPDP\finance.json
2025-03-06 15:00:10,928 - utils - INFO - Navigating to page: assessment
2025-03-06 15:00:10,929 - utils - INFO - Navigating to section 3 of 3
2025-03-06 15:00:11,053 - questionnaire_structure - INFO - Loaded questionnaire from C:\Users\vella\Downloads\DPDPAssesment\Modular_code\Questionnaire\DPDP\finance.json
2025-03-06 15:00:11,057 - questionnaire_structure - INFO - Loaded questionnaire from C:\Users\vella\Downloads\DPDPAssesment\Modular_code\Questionnaire\DPDP\finance.json
2025-03-06 15:00:12,188 - questionnaire_structure - INFO - Loaded questionnaire from C:\Users\vella\Downloads\DPDPAssesment\Modular_code\Questionnaire\DPDP\finance.json
2025-03-06 15:00:12,191 - questionnaire_structure - INFO - Loaded questionnaire from C:\Users\vella\Downloads\DPDPAssesment\Modular_code\Questionnaire\DPDP\finance.json
2025-03-06 15:00:12,918 - questionnaire_structure - INFO - Loaded questionnaire from C:\Users\vella\Downloads\DPDPAssesment\Modular_code\Questionnaire\DPDP\finance.json
2025-03-06 15:00:12,924 - questionnaire_structure - INFO - Loaded questionnaire from C:\Users\vella\Downloads\DPDPAssesment\Modular_code\Questionnaire\DPDP\finance.json
2025-03-06 15:00:13,934 - questionnaire_structure - INFO - Loaded questionnaire from C:\Users\vella\Downloads\DPDPAssesment\Modular_code\Questionnaire\DPDP\finance.json
2025-03-06 15:00:13,937 - questionnaire_structure - INFO - Loaded questionnaire from C:\Users\vella\Downloads\DPDPAssesment\Modular_code\Questionnaire\DPDP\finance.json
2025-03-06 15:00:13,949 - questionnaire_structure - INFO - Loaded questionnaire from C:\Users\vella\Downloads\DPDPAssesment\Modular_code\Questionnaire\DPDP\finance.json
2025-03-06 15:00:13,950 - utils - INFO - Assessment completed, calculating results
2025-03-06 15:00:13,952 - questionnaire_structure - INFO - Loaded questionnaire from C:\Users\vella\Downloads\DPDPAssesment\Modular_code\Questionnaire\DPDP\finance.json
2025-03-06 15:00:13,953 - utils - INFO - Navigating to page: report
2025-03-06 15:00:14,057 - questionnaire_structure - INFO - Loaded questionnaire from C:\Users\vella\Downloads\DPDPAssesment\Modular_code\Questionnaire\DPDP\finance.json
2025-03-06 15:00:17,023 - questionnaire_structure - INFO - Loaded questionnaire from C:\Users\vella\Downloads\DPDPAssesment\Modular_code\Questionnaire\DPDP\finance.json
2025-03-06 15:00:17,102 - utils - INFO - Navigating to page: recommendations
2025-03-06 15:00:17,102 - utils - INFO - Event: navigation, Properties: {"destination": "recommendations"}
2025-03-06 15:00:20,327 - questionnaire_structure - INFO - Loaded questionnaire from C:\Users\vella\Downloads\DPDPAssesment\Modular_code\Questionnaire\DPDP\finance.json
2025-03-06 15:00:24,688 - utils - INFO - Navigating to page: dashboard
2025-03-06 15:00:24,688 - utils - INFO - Event: navigation, Properties: {"destination": "dashboard"}
2025-03-06 15:00:26,876 - utils - INFO - Navigating to page: dashboard
2025-03-06 15:00:26,876 - utils - INFO - Event: navigation, Properties: {"destination": "dashboard"}
2025-03-06 15:02:41,823 - utils - INFO - Assessment reset
2025-03-06 15:02:41,824 - utils - INFO - Navigating to page: welcome
2025-03-06 15:02:41,825 - utils - INFO - Event: new_assessment_started, Properties: {}
2025-03-06 15:02:46,244 - utils - INFO - Event: assessment_started, Properties: {"organization": "a", "regulation": "DPDP", "industry": "finance", "date": "2025-03-06"}
2025-03-06 15:02:46,247 - questionnaire_structure - INFO - Loaded questionnaire from C:\Users\vella\Downloads\DPDPAssesment\Modular_code\Questionnaire\DPDP\finance.json
2025-03-06 15:02:46,250 - utils - INFO - Navigating to page: assessment
2025-03-06 15:02:46,250 - utils - INFO - Navigating to section 1 of 3
2025-03-06 15:02:46,371 - questionnaire_structure - INFO - Loaded questionnaire from C:\Users\vella\Downloads\DPDPAssesment\Modular_code\Questionnaire\DPDP\finance.json
2025-03-06 15:02:46,373 - questionnaire_structure - INFO - Loaded questionnaire from C:\Users\vella\Downloads\DPDPAssesment\Modular_code\Questionnaire\DPDP\finance.json
2025-03-06 15:02:49,478 - questionnaire_structure - INFO - Loaded questionnaire from C:\Users\vella\Downloads\DPDPAssesment\Modular_code\Questionnaire\DPDP\finance.json
2025-03-06 15:02:49,482 - questionnaire_structure - INFO - Loaded questionnaire from C:\Users\vella\Downloads\DPDPAssesment\Modular_code\Questionnaire\DPDP\finance.json
2025-03-06 15:02:50,222 - questionnaire_structure - INFO - Loaded questionnaire from C:\Users\vella\Downloads\DPDPAssesment\Modular_code\Questionnaire\DPDP\finance.json
2025-03-06 15:02:50,225 - questionnaire_structure - INFO - Loaded questionnaire from C:\Users\vella\Downloads\DPDPAssesment\Modular_code\Questionnaire\DPDP\finance.json
2025-03-06 15:02:52,319 - questionnaire_structure - INFO - Loaded questionnaire from C:\Users\vella\Downloads\DPDPAssesment\Modular_code\Questionnaire\DPDP\finance.json
2025-03-06 15:02:52,322 - questionnaire_structure - INFO - Loaded questionnaire from C:\Users\vella\Downloads\DPDPAssesment\Modular_code\Questionnaire\DPDP\finance.json
2025-03-06 15:02:52,332 - questionnaire_structure - INFO - Loaded questionnaire from C:\Users\vella\Downloads\DPDPAssesment\Modular_code\Questionnaire\DPDP\finance.json
2025-03-06 15:02:52,333 - utils - INFO - Navigating to page: assessment
2025-03-06 15:02:52,334 - utils - INFO - Navigating to section 2 of 3
2025-03-06 15:02:52,449 - questionnaire_structure - INFO - Loaded questionnaire from C:\Users\vella\Downloads\DPDPAssesment\Modular_code\Questionnaire\DPDP\finance.json
2025-03-06 15:02:52,454 - questionnaire_structure - INFO - Loaded questionnaire from C:\Users\vella\Downloads\DPDPAssesment\Modular_code\Questionnaire\DPDP\finance.json
2025-03-06 15:02:53,625 - questionnaire_structure - INFO - Loaded questionnaire from C:\Users\vella\Downloads\DPDPAssesment\Modular_code\Questionnaire\DPDP\finance.json
2025-03-06 15:02:53,629 - questionnaire_structure - INFO - Loaded questionnaire from C:\Users\vella\Downloads\DPDPAssesment\Modular_code\Questionnaire\DPDP\finance.json
2025-03-06 15:02:54,390 - questionnaire_structure - INFO - Loaded questionnaire from C:\Users\vella\Downloads\DPDPAssesment\Modular_code\Questionnaire\DPDP\finance.json
2025-03-06 15:02:54,395 - questionnaire_structure - INFO - Loaded questionnaire from C:\Users\vella\Downloads\DPDPAssesment\Modular_code\Questionnaire\DPDP\finance.json
2025-03-06 15:02:55,263 - questionnaire_structure - INFO - Loaded questionnaire from C:\Users\vella\Downloads\DPDPAssesment\Modular_code\Questionnaire\DPDP\finance.json
2025-03-06 15:02:55,267 - questionnaire_structure - INFO - Loaded questionnaire from C:\Users\vella\Downloads\DPDPAssesment\Modular_code\Questionnaire\DPDP\finance.json
2025-03-06 15:02:55,278 - questionnaire_structure - INFO - Loaded questionnaire from C:\Users\vella\Downloads\DPDPAssesment\Modular_code\Questionnaire\DPDP\finance.json
2025-03-06 15:02:55,280 - utils - INFO - Navigating to page: assessment
2025-03-06 15:02:55,281 - utils - INFO - Navigating to section 3 of 3
2025-03-06 15:02:55,390 - questionnaire_structure - INFO - Loaded questionnaire from C:\Users\vella\Downloads\DPDPAssesment\Modular_code\Questionnaire\DPDP\finance.json
2025-03-06 15:02:55,394 - questionnaire_structure - INFO - Loaded questionnaire from C:\Users\vella\Downloads\DPDPAssesment\Modular_code\Questionnaire\DPDP\finance.json
2025-03-06 15:02:56,754 - questionnaire_structure - INFO - Loaded questionnaire from C:\Users\vella\Downloads\DPDPAssesment\Modular_code\Questionnaire\DPDP\finance.json
2025-03-06 15:02:56,761 - questionnaire_structure - INFO - Loaded questionnaire from C:\Users\vella\Downloads\DPDPAssesment\Modular_code\Questionnaire\DPDP\finance.json
2025-03-06 15:02:57,343 - questionnaire_structure - INFO - Loaded questionnaire from C:\Users\vella\Downloads\DPDPAssesment\Modular_code\Questionnaire\DPDP\finance.json
2025-03-06 15:02:57,346 - questionnaire_structure - INFO - Loaded questionnaire from C:\Users\vella\Downloads\DPDPAssesment\Modular_code\Questionnaire\DPDP\finance.json
2025-03-06 15:02:58,201 - questionnaire_structure - INFO - Loaded questionnaire from C:\Users\vella\Downloads\DPDPAssesment\Modular_code\Questionnaire\DPDP\finance.json
2025-03-06 15:02:58,206 - questionnaire_structure - INFO - Loaded questionnaire from C:\Users\vella\Downloads\DPDPAssesment\Modular_code\Questionnaire\DPDP\finance.json
2025-03-06 15:02:58,215 - questionnaire_structure - INFO - Loaded questionnaire from C:\Users\vella\Downloads\DPDPAssesment\Modular_code\Questionnaire\DPDP\finance.json
2025-03-06 15:02:58,216 - utils - INFO - Assessment completed, calculating results
2025-03-06 15:02:58,218 - questionnaire_structure - INFO - Loaded questionnaire from C:\Users\vella\Downloads\DPDPAssesment\Modular_code\Questionnaire\DPDP\finance.json
2025-03-06 15:02:58,311 - data_storage - INFO - Saved assessment report for a
2025-03-06 15:02:58,311 - data_storage - INFO - Saved assessment data for a to assessment_data\organizations\a\assessment_20250306_150258.json
2025-03-06 15:02:58,311 - utils - INFO - Navigating to page: report
2025-03-06 15:02:58,420 - questionnaire_structure - INFO - Loaded questionnaire from C:\Users\vella\Downloads\DPDPAssesment\Modular_code\Questionnaire\DPDP\finance.json
2025-03-06 15:03:07,702 - questionnaire_structure - INFO - Loaded questionnaire from C:\Users\vella\Downloads\DPDPAssesment\Modular_code\Questionnaire\DPDP\finance.json
2025-03-06 15:03:07,805 - utils - INFO - Navigating to page: recommendations
2025-03-06 15:03:07,805 - utils - INFO - Event: navigation, Properties: {"destination": "recommendations"}
2025-03-06 15:03:09,825 - questionnaire_structure - INFO - Loaded questionnaire from C:\Users\vella\Downloads\DPDPAssesment\Modular_code\Questionnaire\DPDP\finance.json
2025-03-06 15:03:17,212 - utils - INFO - Navigating to page: dashboard
2025-03-06 15:03:17,212 - utils - INFO - Event: navigation, Properties: {"destination": "dashboard"}
2025-03-06 15:03:26,130 - utils - INFO - Navigating to page: report
2025-03-06 15:03:26,130 - utils - INFO - Event: navigation, Properties: {"destination": "report"}
2025-03-06 15:03:26,141 - questionnaire_structure - INFO - Loaded questionnaire from C:\Users\vella\Downloads\DPDPAssesment\Modular_code\Questionnaire\DPDP\finance.json
2025-03-06 15:03:40,337 - utils - INFO - Navigating to page: report
2025-03-06 15:03:40,337 - utils - INFO - Event: navigation, Properties: {"destination": "report"}
2025-03-06 15:03:40,355 - questionnaire_structure - INFO - Loaded questionnaire from C:\Users\vella\Downloads\DPDPAssesment\Modular_code\Questionnaire\DPDP\finance.json
2025-03-06 15:03:41,719 - utils - INFO - Navigating to page: recommendations
2025-03-06 15:03:41,720 - utils - INFO - Event: navigation, Properties: {"destination": "recommendations"}
2025-03-06 15:03:41,724 - questionnaire_structure - INFO - Loaded questionnaire from C:\Users\vella\Downloads\DPDPAssesment\Modular_code\Questionnaire\DPDP\finance.json
2025-03-06 15:12:42,952 - landing - WARNING - Invalid token attempt at 2025-03-06 15:12:42.952097
2025-03-06 15:14:14,275 - utils - INFO - Assessment reset
2025-03-06 15:14:14,275 - utils - INFO - Event: questionnaire_changed, Properties: {"regulation": "GDPR", "industry": "general"}
2025-03-06 15:14:14,275 - utils - INFO - Changed questionnaire to GDPR/general
2025-03-06 15:14:18,900 - utils - INFO - Assessment reset
2025-03-06 15:14:18,903 - utils - INFO - Event: questionnaire_changed, Properties: {"regulation": "PDPL", "industry": "general"}
2025-03-06 15:14:18,905 - utils - INFO - Changed questionnaire to PDPL/general
2025-03-06 15:14:22,268 - utils - INFO - Assessment reset
2025-03-06 15:14:22,270 - utils - INFO - Event: questionnaire_changed, Properties: {"regulation": "LGPD", "industry": "general"}
2025-03-06 15:14:22,270 - utils - INFO - Changed questionnaire to LGPD/general
2025-03-06 15:14:24,569 - utils - INFO - Assessment reset
2025-03-06 15:14:24,570 - utils - INFO - Event: questionnaire_changed, Properties: {"regulation": "DPDP", "industry": "general"}
2025-03-06 15:14:24,571 - utils - INFO - Changed questionnaire to DPDP/general
2025-03-06 15:14:27,976 - utils - INFO - Assessment reset
2025-03-06 15:14:27,978 - utils - INFO - Event: questionnaire_changed, Properties: {"regulation": "DPDP", "industry": "finance"}
2025-03-06 15:14:27,980 - utils - INFO - Changed questionnaire to DPDP/finance
2025-03-06 15:14:43,548 - utils - INFO - Event: assessment_started, Properties: {"organization": "DINFA", "regulation": "DPDP", "industry": "finance", "date": "2025-03-06"}
2025-03-06 15:14:43,550 - questionnaire_structure - INFO - Loaded questionnaire from C:\Users\vella\Downloads\DPDPAssesment\Modular_code\Questionnaire\DPDP\finance.json
2025-03-06 15:14:43,550 - utils - INFO - Navigating to page: assessment
2025-03-06 15:14:43,554 - utils - INFO - Navigating to section 1 of 3
2025-03-06 15:14:43,701 - questionnaire_structure - INFO - Loaded questionnaire from C:\Users\vella\Downloads\DPDPAssesment\Modular_code\Questionnaire\DPDP\finance.json
2025-03-06 15:14:43,708 - questionnaire_structure - INFO - Loaded questionnaire from C:\Users\vella\Downloads\DPDPAssesment\Modular_code\Questionnaire\DPDP\finance.json
2025-03-06 15:14:45,507 - questionnaire_structure - INFO - Loaded questionnaire from C:\Users\vella\Downloads\DPDPAssesment\Modular_code\Questionnaire\DPDP\finance.json
2025-03-06 15:14:45,515 - questionnaire_structure - INFO - Loaded questionnaire from C:\Users\vella\Downloads\DPDPAssesment\Modular_code\Questionnaire\DPDP\finance.json
2025-03-06 15:14:46,733 - questionnaire_structure - INFO - Loaded questionnaire from C:\Users\vella\Downloads\DPDPAssesment\Modular_code\Questionnaire\DPDP\finance.json
2025-03-06 15:14:46,734 - questionnaire_structure - INFO - Loaded questionnaire from C:\Users\vella\Downloads\DPDPAssesment\Modular_code\Questionnaire\DPDP\finance.json
2025-03-06 15:14:47,493 - questionnaire_structure - INFO - Loaded questionnaire from C:\Users\vella\Downloads\DPDPAssesment\Modular_code\Questionnaire\DPDP\finance.json
2025-03-06 15:14:47,498 - questionnaire_structure - INFO - Loaded questionnaire from C:\Users\vella\Downloads\DPDPAssesment\Modular_code\Questionnaire\DPDP\finance.json
2025-03-06 15:14:47,515 - questionnaire_structure - INFO - Loaded questionnaire from C:\Users\vella\Downloads\DPDPAssesment\Modular_code\Questionnaire\DPDP\finance.json
2025-03-06 15:14:47,519 - utils - INFO - Navigating to page: assessment
2025-03-06 15:14:47,519 - utils - INFO - Navigating to section 2 of 3
2025-03-06 15:14:47,664 - questionnaire_structure - INFO - Loaded questionnaire from C:\Users\vella\Downloads\DPDPAssesment\Modular_code\Questionnaire\DPDP\finance.json
2025-03-06 15:14:47,667 - questionnaire_structure - INFO - Loaded questionnaire from C:\Users\vella\Downloads\DPDPAssesment\Modular_code\Questionnaire\DPDP\finance.json
2025-03-06 15:14:48,926 - questionnaire_structure - INFO - Loaded questionnaire from C:\Users\vella\Downloads\DPDPAssesment\Modular_code\Questionnaire\DPDP\finance.json
2025-03-06 15:14:48,936 - questionnaire_structure - INFO - Loaded questionnaire from C:\Users\vella\Downloads\DPDPAssesment\Modular_code\Questionnaire\DPDP\finance.json
2025-03-06 15:14:49,372 - questionnaire_structure - INFO - Loaded questionnaire from C:\Users\vella\Downloads\DPDPAssesment\Modular_code\Questionnaire\DPDP\finance.json
2025-03-06 15:14:49,382 - questionnaire_structure - INFO - Loaded questionnaire from C:\Users\vella\Downloads\DPDPAssesment\Modular_code\Questionnaire\DPDP\finance.json
2025-03-06 15:14:50,152 - questionnaire_structure - INFO - Loaded questionnaire from C:\Users\vella\Downloads\DPDPAssesment\Modular_code\Questionnaire\DPDP\finance.json
2025-03-06 15:14:50,158 - questionnaire_structure - INFO - Loaded questionnaire from C:\Users\vella\Downloads\DPDPAssesment\Modular_code\Questionnaire\DPDP\finance.json
2025-03-06 15:14:50,179 - questionnaire_structure - INFO - Loaded questionnaire from C:\Users\vella\Downloads\DPDPAssesment\Modular_code\Questionnaire\DPDP\finance.json
2025-03-06 15:14:50,182 - utils - INFO - Navigating to page: assessment
2025-03-06 15:14:50,183 - utils - INFO - Navigating to section 3 of 3
2025-03-06 15:14:50,348 - questionnaire_structure - INFO - Loaded questionnaire from C:\Users\vella\Downloads\DPDPAssesment\Modular_code\Questionnaire\DPDP\finance.json
2025-03-06 15:14:50,353 - questionnaire_structure - INFO - Loaded questionnaire from C:\Users\vella\Downloads\DPDPAssesment\Modular_code\Questionnaire\DPDP\finance.json
2025-03-06 15:14:51,319 - questionnaire_structure - INFO - Loaded questionnaire from C:\Users\vella\Downloads\DPDPAssesment\Modular_code\Questionnaire\DPDP\finance.json
2025-03-06 15:14:51,330 - questionnaire_structure - INFO - Loaded questionnaire from C:\Users\vella\Downloads\DPDPAssesment\Modular_code\Questionnaire\DPDP\finance.json
2025-03-06 15:14:53,426 - questionnaire_structure - INFO - Loaded questionnaire from C:\Users\vella\Downloads\DPDPAssesment\Modular_code\Questionnaire\DPDP\finance.json
2025-03-06 15:14:53,435 - questionnaire_structure - INFO - Loaded questionnaire from C:\Users\vella\Downloads\DPDPAssesment\Modular_code\Questionnaire\DPDP\finance.json
2025-03-06 15:14:54,242 - questionnaire_structure - INFO - Loaded questionnaire from C:\Users\vella\Downloads\DPDPAssesment\Modular_code\Questionnaire\DPDP\finance.json
2025-03-06 15:14:54,247 - questionnaire_structure - INFO - Loaded questionnaire from C:\Users\vella\Downloads\DPDPAssesment\Modular_code\Questionnaire\DPDP\finance.json
2025-03-06 15:14:54,261 - questionnaire_structure - INFO - Loaded questionnaire from C:\Users\vella\Downloads\DPDPAssesment\Modular_code\Questionnaire\DPDP\finance.json
2025-03-06 15:14:54,261 - utils - INFO - Assessment completed, calculating results
2025-03-06 15:14:54,261 - questionnaire_structure - INFO - Loaded questionnaire from C:\Users\vella\Downloads\DPDPAssesment\Modular_code\Questionnaire\DPDP\finance.json
2025-03-06 15:14:54,372 - data_storage - INFO - Saved assessment report for DINFA
2025-03-06 15:14:54,372 - data_storage - INFO - Saved assessment data for DINFA to assessment_data\organizations\DINFA\assessment_20250306_151454.json
2025-03-06 15:14:54,374 - utils - INFO - Navigating to page: report
2025-03-06 15:14:54,519 - questionnaire_structure - INFO - Loaded questionnaire from C:\Users\vella\Downloads\DPDPAssesment\Modular_code\Questionnaire\DPDP\finance.json
2025-03-06 15:15:05,251 - questionnaire_structure - INFO - Loaded questionnaire from C:\Users\vella\Downloads\DPDPAssesment\Modular_code\Questionnaire\DPDP\finance.json
2025-03-06 15:15:05,349 - utils - INFO - Navigating to page: recommendations
2025-03-06 15:15:05,352 - utils - INFO - Event: navigation, Properties: {"destination": "recommendations"}
2025-03-06 15:15:23,599 - questionnaire_structure - INFO - Loaded questionnaire from C:\Users\vella\Downloads\DPDPAssesment\Modular_code\Questionnaire\DPDP\finance.json
2025-03-06 15:15:29,631 - utils - INFO - Navigating to page: dashboard
2025-03-06 15:15:29,631 - utils - INFO - Event: navigation, Properties: {"destination": "dashboard"}
2025-03-06 15:17:13,884 - utils - INFO - Navigating to page: dashboard
2025-03-06 15:17:13,888 - utils - INFO - Event: navigation, Properties: {"destination": "dashboard"}
2025-03-06 15:17:16,413 - utils - INFO - Navigating to page: recommendations
2025-03-06 15:17:16,413 - utils - INFO - Event: navigation, Properties: {"destination": "recommendations"}
2025-03-06 15:17:16,424 - questionnaire_structure - INFO - Loaded questionnaire from C:\Users\vella\Downloads\DPDPAssesment\Modular_code\Questionnaire\DPDP\finance.json
2025-03-06 15:17:17,953 - utils - INFO - Navigating to page: report
2025-03-06 15:17:17,953 - utils - INFO - Event: navigation, Properties: {"destination": "report"}
2025-03-06 15:17:17,972 - questionnaire_structure - INFO - Loaded questionnaire from C:\Users\vella\Downloads\DPDPAssesment\Modular_code\Questionnaire\DPDP\finance.json
2025-03-06 15:17:58,528 - utils - INFO - Navigating to page: recommendations
2025-03-06 15:17:58,530 - utils - INFO - Event: navigation, Properties: {"destination": "recommendations"}
2025-03-06 15:17:58,537 - questionnaire_structure - INFO - Loaded questionnaire from C:\Users\vella\Downloads\DPDPAssesment\Modular_code\Questionnaire\DPDP\finance.json
2025-03-06 15:18:03,627 - utils - INFO - Navigating to page: dashboard
2025-03-06 15:18:03,631 - utils - INFO - Event: navigation, Properties: {"destination": "dashboard"}
2025-03-06 15:48:28,419 - utils - INFO - Assessment reset
2025-03-06 15:48:28,419 - utils - INFO - Event: questionnaire_changed, Properties: {"regulation": "DPDP", "industry": "finance"}
2025-03-06 15:48:28,425 - utils - INFO - Changed questionnaire to DPDP/finance
2025-03-06 15:48:30,000 - utils - INFO - Event: assessment_started, Properties: {"organization": "DataINFA", "regulation": "DPDP", "industry": "finance", "date": "2025-03-06"}
2025-03-06 15:48:30,002 - questionnaire_structure - INFO - Loaded questionnaire from C:\Users\vella\Downloads\DPDPAssesment\Modular_code\Questionnaire\DPDP\finance.json
2025-03-06 15:48:30,006 - utils - INFO - Navigating to page: assessment
2025-03-06 15:48:30,006 - utils - INFO - Navigating to section 1 of 3
2025-03-06 15:48:30,169 - questionnaire_structure - INFO - Loaded questionnaire from C:\Users\vella\Downloads\DPDPAssesment\Modular_code\Questionnaire\DPDP\finance.json
2025-03-06 15:48:30,177 - questionnaire_structure - INFO - Loaded questionnaire from C:\Users\vella\Downloads\DPDPAssesment\Modular_code\Questionnaire\DPDP\finance.json
2025-03-06 15:48:31,469 - questionnaire_structure - INFO - Loaded questionnaire from C:\Users\vella\Downloads\DPDPAssesment\Modular_code\Questionnaire\DPDP\finance.json
2025-03-06 15:48:31,475 - questionnaire_structure - INFO - Loaded questionnaire from C:\Users\vella\Downloads\DPDPAssesment\Modular_code\Questionnaire\DPDP\finance.json
2025-03-06 15:48:32,315 - questionnaire_structure - INFO - Loaded questionnaire from C:\Users\vella\Downloads\DPDPAssesment\Modular_code\Questionnaire\DPDP\finance.json
2025-03-06 15:48:32,319 - questionnaire_structure - INFO - Loaded questionnaire from C:\Users\vella\Downloads\DPDPAssesment\Modular_code\Questionnaire\DPDP\finance.json
2025-03-06 15:48:33,195 - questionnaire_structure - INFO - Loaded questionnaire from C:\Users\vella\Downloads\DPDPAssesment\Modular_code\Questionnaire\DPDP\finance.json
2025-03-06 15:48:33,203 - questionnaire_structure - INFO - Loaded questionnaire from C:\Users\vella\Downloads\DPDPAssesment\Modular_code\Questionnaire\DPDP\finance.json
2025-03-06 15:48:33,227 - questionnaire_structure - INFO - Loaded questionnaire from C:\Users\vella\Downloads\DPDPAssesment\Modular_code\Questionnaire\DPDP\finance.json
2025-03-06 15:48:33,230 - utils - INFO - Navigating to page: assessment
2025-03-06 15:48:33,233 - utils - INFO - Navigating to section 2 of 3
2025-03-06 15:48:33,388 - questionnaire_structure - INFO - Loaded questionnaire from C:\Users\vella\Downloads\DPDPAssesment\Modular_code\Questionnaire\DPDP\finance.json
2025-03-06 15:48:33,396 - questionnaire_structure - INFO - Loaded questionnaire from C:\Users\vella\Downloads\DPDPAssesment\Modular_code\Questionnaire\DPDP\finance.json
2025-03-06 15:48:34,847 - questionnaire_structure - INFO - Loaded questionnaire from C:\Users\vella\Downloads\DPDPAssesment\Modular_code\Questionnaire\DPDP\finance.json
2025-03-06 15:48:34,852 - questionnaire_structure - INFO - Loaded questionnaire from C:\Users\vella\Downloads\DPDPAssesment\Modular_code\Questionnaire\DPDP\finance.json
2025-03-06 15:48:35,441 - questionnaire_structure - INFO - Loaded questionnaire from C:\Users\vella\Downloads\DPDPAssesment\Modular_code\Questionnaire\DPDP\finance.json
2025-03-06 15:48:35,447 - questionnaire_structure - INFO - Loaded questionnaire from C:\Users\vella\Downloads\DPDPAssesment\Modular_code\Questionnaire\DPDP\finance.json
2025-03-06 15:48:36,362 - questionnaire_structure - INFO - Loaded questionnaire from C:\Users\vella\Downloads\DPDPAssesment\Modular_code\Questionnaire\DPDP\finance.json
2025-03-06 15:48:36,372 - questionnaire_structure - INFO - Loaded questionnaire from C:\Users\vella\Downloads\DPDPAssesment\Modular_code\Questionnaire\DPDP\finance.json
2025-03-06 15:48:36,396 - questionnaire_structure - INFO - Loaded questionnaire from C:\Users\vella\Downloads\DPDPAssesment\Modular_code\Questionnaire\DPDP\finance.json
2025-03-06 15:48:36,400 - utils - INFO - Navigating to page: assessment
2025-03-06 15:48:36,400 - utils - INFO - Navigating to section 3 of 3
2025-03-06 15:48:36,532 - questionnaire_structure - INFO - Loaded questionnaire from C:\Users\vella\Downloads\DPDPAssesment\Modular_code\Questionnaire\DPDP\finance.json
2025-03-06 15:48:36,537 - questionnaire_structure - INFO - Loaded questionnaire from C:\Users\vella\Downloads\DPDPAssesment\Modular_code\Questionnaire\DPDP\finance.json
2025-03-06 15:48:37,352 - questionnaire_structure - INFO - Loaded questionnaire from C:\Users\vella\Downloads\DPDPAssesment\Modular_code\Questionnaire\DPDP\finance.json
2025-03-06 15:48:37,364 - questionnaire_structure - INFO - Loaded questionnaire from C:\Users\vella\Downloads\DPDPAssesment\Modular_code\Questionnaire\DPDP\finance.json
2025-03-06 15:48:37,984 - questionnaire_structure - INFO - Loaded questionnaire from C:\Users\vella\Downloads\DPDPAssesment\Modular_code\Questionnaire\DPDP\finance.json
2025-03-06 15:48:37,987 - questionnaire_structure - INFO - Loaded questionnaire from C:\Users\vella\Downloads\DPDPAssesment\Modular_code\Questionnaire\DPDP\finance.json
2025-03-06 15:48:38,690 - questionnaire_structure - INFO - Loaded questionnaire from C:\Users\vella\Downloads\DPDPAssesment\Modular_code\Questionnaire\DPDP\finance.json
2025-03-06 15:48:38,696 - questionnaire_structure - INFO - Loaded questionnaire from C:\Users\vella\Downloads\DPDPAssesment\Modular_code\Questionnaire\DPDP\finance.json
2025-03-06 15:48:38,710 - questionnaire_structure - INFO - Loaded questionnaire from C:\Users\vella\Downloads\DPDPAssesment\Modular_code\Questionnaire\DPDP\finance.json
2025-03-06 15:48:38,715 - utils - INFO - Assessment completed, calculating results
2025-03-06 15:48:38,718 - questionnaire_structure - INFO - Loaded questionnaire from C:\Users\vella\Downloads\DPDPAssesment\Modular_code\Questionnaire\DPDP\finance.json
2025-03-06 15:48:38,821 - data_storage - INFO - Saved assessment report for DataINFA
2025-03-06 15:48:38,824 - data_storage - INFO - Saved assessment data for DataINFA to assessment_data\organizations\DataINFA\assessment_20250306_154838.json
2025-03-06 15:48:38,824 - utils - INFO - Navigating to page: report
2025-03-06 15:48:38,970 - questionnaire_structure - INFO - Loaded questionnaire from C:\Users\vella\Downloads\DPDPAssesment\Modular_code\Questionnaire\DPDP\finance.json
2025-03-06 15:50:11,256 - questionnaire_structure - INFO - Loaded questionnaire from C:\Users\vella\Downloads\DPDPAssesment\Modular_code\Questionnaire\DPDP\finance.json
2025-03-06 15:50:11,388 - utils - INFO - Navigating to page: recommendations
2025-03-06 15:50:11,389 - utils - INFO - Event: navigation, Properties: {"destination": "recommendations"}
2025-03-06 15:50:12,848 - questionnaire_structure - INFO - Loaded questionnaire from C:\Users\vella\Downloads\DPDPAssesment\Modular_code\Questionnaire\DPDP\finance.json
2025-03-06 15:50:16,706 - utils - INFO - Navigating to page: dashboard
2025-03-06 15:50:16,708 - utils - INFO - Event: navigation, Properties: {"destination": "dashboard"}
2025-03-06 15:52:14,117 - utils - INFO - Navigating to page: report
2025-03-06 15:52:14,117 - utils - INFO - Event: navigation, Properties: {"destination": "report"}
2025-03-06 15:52:14,132 - questionnaire_structure - INFO - Loaded questionnaire from C:\Users\vella\Downloads\DPDPAssesment\Modular_code\Questionnaire\DPDP\finance.json
2025-03-06 15:52:19,512 - questionnaire_structure - INFO - Loaded questionnaire from C:\Users\vella\Downloads\DPDPAssesment\Modular_code\Questionnaire\DPDP\finance.json
2025-03-06 15:52:19,622 - utils - INFO - Navigating to page: recommendations
2025-03-06 15:52:19,624 - utils - INFO - Event: navigation, Properties: {"destination": "recommendations"}
2025-03-06 15:52:21,638 - utils - INFO - Navigating to page: report
2025-03-06 15:52:21,638 - utils - INFO - Event: navigation, Properties: {"destination": "report"}
2025-03-06 15:52:21,651 - questionnaire_structure - INFO - Loaded questionnaire from C:\Users\vella\Downloads\DPDPAssesment\Modular_code\Questionnaire\DPDP\finance.json
2025-03-06 15:52:50,884 - utils - INFO - Navigating to page: dashboard
2025-03-06 15:52:50,886 - utils - INFO - Event: navigation, Properties: {"destination": "dashboard"}
2025-03-06 15:54:53,069 - utils - INFO - Navigating to page: dashboard
2025-03-06 15:54:53,073 - utils - INFO - Event: navigation, Properties: {"destination": "dashboard"}
2025-03-06 15:54:57,189 - utils - INFO - Navigating to page: assessment
2025-03-06 15:54:57,191 - utils - INFO - Event: navigation, Properties: {"destination": "assessment"}
2025-03-06 15:54:57,198 - questionnaire_structure - INFO - Loaded questionnaire from C:\Users\vella\Downloads\DPDPAssesment\Modular_code\Questionnaire\DPDP\finance.json
2025-03-06 15:54:57,207 - questionnaire_structure - INFO - Loaded questionnaire from C:\Users\vella\Downloads\DPDPAssesment\Modular_code\Questionnaire\DPDP\finance.json
2025-03-06 15:54:58,597 - utils - INFO - Navigating to page: report
2025-03-06 15:54:58,597 - utils - INFO - Event: navigation, Properties: {"destination": "report"}
2025-03-06 15:54:58,614 - questionnaire_structure - INFO - Loaded questionnaire from C:\Users\vella\Downloads\DPDPAssesment\Modular_code\Questionnaire\DPDP\finance.json
2025-03-06 15:55:25,282 - utils - INFO - Navigating to page: dashboard
2025-03-06 15:55:25,282 - utils - INFO - Event: navigation, Properties: {"destination": "dashboard"}
2025-03-06 15:56:31,985 - utils - INFO - Navigating to page: dashboard
2025-03-06 15:56:31,985 - utils - INFO - Event: navigation, Properties: {"destination": "dashboard"}
2025-03-06 15:57:50,091 - utils - INFO - Assessment reset
2025-03-06 15:57:50,091 - utils - INFO - Event: questionnaire_changed, Properties: {"regulation": "DPDP", "industry": "healthcare"}
2025-03-06 15:57:50,093 - utils - INFO - Changed questionnaire to DPDP/healthcare
2025-03-06 15:57:51,838 - utils - INFO - Assessment reset
2025-03-06 15:57:51,841 - utils - INFO - Event: questionnaire_changed, Properties: {"regulation": "DPDP", "industry": "finance"}
2025-03-06 15:57:51,841 - utils - INFO - Changed questionnaire to DPDP/finance
2025-03-06 15:57:55,612 - utils - INFO - Assessment reset
2025-03-06 15:57:55,612 - utils - INFO - Event: questionnaire_changed, Properties: {"regulation": "DPDP", "industry": "technology"}
2025-03-06 15:57:55,614 - utils - INFO - Changed questionnaire to DPDP/technology
2025-03-06 15:58:00,128 - utils - INFO - Assessment reset
2025-03-06 15:58:00,129 - utils - INFO - Event: questionnaire_changed, Properties: {"regulation": "DPDP", "industry": "manufacturing"}
2025-03-06 15:58:00,130 - utils - INFO - Changed questionnaire to DPDP/manufacturing
2025-03-06 15:58:02,570 - utils - INFO - Assessment reset
2025-03-06 15:58:02,573 - utils - INFO - Event: questionnaire_changed, Properties: {"regulation": "DPDP", "industry": "healthcare"}
2025-03-06 15:58:02,574 - utils - INFO - Changed questionnaire to DPDP/healthcare
2025-03-06 15:58:37,308 - utils - INFO - Assessment reset
2025-03-06 15:58:37,310 - utils - INFO - Event: questionnaire_changed, Properties: {"regulation": "PDPL", "industry": "general"}
2025-03-06 15:58:37,312 - utils - INFO - Changed questionnaire to PDPL/general
2025-03-06 15:58:45,056 - utils - INFO - Navigating to page: dashboard
2025-03-06 15:58:45,056 - utils - INFO - Event: navigation, Properties: {"destination": "dashboard"}
2025-03-06 15:58:45,779 - utils - INFO - Navigating to page: welcome
2025-03-06 15:58:45,779 - utils - INFO - Event: navigation, Properties: {"destination": "assessment"}
2025-03-06 15:58:50,274 - utils - INFO - Assessment reset
2025-03-06 15:58:50,274 - utils - INFO - Event: questionnaire_changed, Properties: {"regulation": "DPDP", "industry": "general"}
2025-03-06 15:58:50,276 - utils - INFO - Changed questionnaire to DPDP/general
2025-03-06 15:58:52,117 - utils - INFO - Navigating to page: dashboard
2025-03-06 15:58:52,117 - utils - INFO - Event: navigation, Properties: {"destination": "dashboard"}
2025-03-06 15:58:56,253 - utils - INFO - Navigating to page: dashboard
2025-03-06 15:58:56,257 - utils - INFO - Event: navigation, Properties: {"destination": "dashboard"}
2025-03-06 15:59:13,598 - utils - INFO - Navigating to page: welcome
2025-03-06 15:59:13,600 - utils - INFO - Event: navigation, Properties: {"destination": "assessment"}
2025-03-06 15:59:22,519 - utils - INFO - Event: assessment_started, Properties: {"organization": "DataINFAAAAA", "regulation": "DPDP", "industry": "general", "date": "2025-03-06"}
2025-03-06 15:59:22,524 - questionnaire_structure - INFO - Loaded questionnaire from C:\Users\vella\Downloads\DPDPAssesment\Modular_code\Questionnaire\DPDP\general.json
2025-03-06 15:59:22,527 - utils - INFO - Navigating to page: assessment
2025-03-06 15:59:22,527 - utils - INFO - Navigating to section 1 of 10
2025-03-06 15:59:22,679 - questionnaire_structure - INFO - Loaded questionnaire from C:\Users\vella\Downloads\DPDPAssesment\Modular_code\Questionnaire\DPDP\general.json
2025-03-06 15:59:22,686 - questionnaire_structure - INFO - Loaded questionnaire from C:\Users\vella\Downloads\DPDPAssesment\Modular_code\Questionnaire\DPDP\general.json
2025-03-06 15:59:26,235 - questionnaire_structure - INFO - Loaded questionnaire from C:\Users\vella\Downloads\DPDPAssesment\Modular_code\Questionnaire\DPDP\general.json
2025-03-06 15:59:26,240 - questionnaire_structure - INFO - Loaded questionnaire from C:\Users\vella\Downloads\DPDPAssesment\Modular_code\Questionnaire\DPDP\general.json
2025-03-06 15:59:27,300 - questionnaire_structure - INFO - Loaded questionnaire from C:\Users\vella\Downloads\DPDPAssesment\Modular_code\Questionnaire\DPDP\general.json
2025-03-06 15:59:27,310 - questionnaire_structure - INFO - Loaded questionnaire from C:\Users\vella\Downloads\DPDPAssesment\Modular_code\Questionnaire\DPDP\general.json
2025-03-06 15:59:29,729 - questionnaire_structure - INFO - Loaded questionnaire from C:\Users\vella\Downloads\DPDPAssesment\Modular_code\Questionnaire\DPDP\general.json
2025-03-06 15:59:29,735 - questionnaire_structure - INFO - Loaded questionnaire from C:\Users\vella\Downloads\DPDPAssesment\Modular_code\Questionnaire\DPDP\general.json
2025-03-06 15:59:30,612 - questionnaire_structure - INFO - Loaded questionnaire from C:\Users\vella\Downloads\DPDPAssesment\Modular_code\Questionnaire\DPDP\general.json
2025-03-06 15:59:30,621 - questionnaire_structure - INFO - Loaded questionnaire from C:\Users\vella\Downloads\DPDPAssesment\Modular_code\Questionnaire\DPDP\general.json
2025-03-06 15:59:31,795 - questionnaire_structure - INFO - Loaded questionnaire from C:\Users\vella\Downloads\DPDPAssesment\Modular_code\Questionnaire\DPDP\general.json
2025-03-06 15:59:31,804 - questionnaire_structure - INFO - Loaded questionnaire from C:\Users\vella\Downloads\DPDPAssesment\Modular_code\Questionnaire\DPDP\general.json
2025-03-06 15:59:31,837 - questionnaire_structure - INFO - Loaded questionnaire from C:\Users\vella\Downloads\DPDPAssesment\Modular_code\Questionnaire\DPDP\general.json
2025-03-06 15:59:31,843 - utils - INFO - Navigating to page: assessment
2025-03-06 15:59:31,843 - utils - INFO - Navigating to section 2 of 10
2025-03-06 15:59:32,016 - questionnaire_structure - INFO - Loaded questionnaire from C:\Users\vella\Downloads\DPDPAssesment\Modular_code\Questionnaire\DPDP\general.json
2025-03-06 15:59:32,023 - questionnaire_structure - INFO - Loaded questionnaire from C:\Users\vella\Downloads\DPDPAssesment\Modular_code\Questionnaire\DPDP\general.json
2025-03-06 16:00:18,368 - utils - INFO - Navigating to page: assessment
2025-03-06 16:00:18,368 - utils - INFO - Event: navigation, Properties: {"destination": "assessment"}
2025-03-06 16:00:18,378 - questionnaire_structure - INFO - Loaded questionnaire from C:\Users\vella\Downloads\DPDPAssesment\Modular_code\Questionnaire\DPDP\general.json
2025-03-06 16:00:18,387 - questionnaire_structure - INFO - Loaded questionnaire from C:\Users\vella\Downloads\DPDPAssesment\Modular_code\Questionnaire\DPDP\general.json
2025-03-06 16:00:20,396 - utils - INFO - Navigating to page: assessment
2025-03-06 16:00:20,396 - utils - INFO - Event: navigation, Properties: {"destination": "assessment"}
2025-03-06 16:00:20,404 - questionnaire_structure - INFO - Loaded questionnaire from C:\Users\vella\Downloads\DPDPAssesment\Modular_code\Questionnaire\DPDP\general.json
2025-03-06 16:00:20,414 - questionnaire_structure - INFO - Loaded questionnaire from C:\Users\vella\Downloads\DPDPAssesment\Modular_code\Questionnaire\DPDP\general.json
2025-03-06 16:00:20,580 - utils - INFO - Navigating to page: assessment
2025-03-06 16:00:20,580 - utils - INFO - Event: navigation, Properties: {"destination": "assessment"}
2025-03-06 16:00:20,590 - questionnaire_structure - INFO - Loaded questionnaire from C:\Users\vella\Downloads\DPDPAssesment\Modular_code\Questionnaire\DPDP\general.json
2025-03-06 16:00:20,594 - questionnaire_structure - INFO - Loaded questionnaire from C:\Users\vella\Downloads\DPDPAssesment\Modular_code\Questionnaire\DPDP\general.json
2025-03-06 16:00:22,306 - utils - INFO - Navigating to page: dashboard
2025-03-06 16:00:22,307 - utils - INFO - Event: navigation, Properties: {"destination": "dashboard"}
2025-03-06 16:00:42,900 - utils - INFO - Assessment reset
2025-03-06 16:00:42,902 - utils - INFO - Event: questionnaire_changed, Properties: {"regulation": "DPDP", "industry": "finance"}
2025-03-06 16:00:42,903 - utils - INFO - Changed questionnaire to DPDP/finance
2025-03-06 16:20:42,597 - utils - INFO - Navigating to page: welcome
2025-03-06 16:20:42,599 - utils - INFO - Event: navigation, Properties: {"destination": "assessment"}
2025-03-06 16:20:46,151 - utils - INFO - Navigating to page: dashboard
2025-03-06 16:20:46,153 - utils - INFO - Event: navigation, Properties: {"destination": "dashboard"}
2025-03-06 17:50:46,219 - utils - INFO - Assessment reset
2025-03-06 17:50:46,220 - utils - INFO - Event: questionnaire_changed, Properties: {"regulation": "DPDP", "industry": "finance"}
2025-03-06 17:50:46,222 - utils - INFO - Changed questionnaire to DPDP/finance
2025-03-06 17:50:48,734 - utils - INFO - Navigating to page: dashboard
2025-03-06 17:50:48,734 - utils - INFO - Event: navigation, Properties: {"destination": "dashboard"}
2025-03-06 17:50:50,458 - utils - INFO - Navigating to page: welcome
2025-03-06 17:50:50,458 - utils - INFO - Event: navigation, Properties: {"destination": "assessment"}
2025-03-06 17:50:53,546 - utils - INFO - Navigating to page: welcome
2025-03-06 17:50:53,546 - utils - INFO - Event: navigation, Properties: {"destination": "assessment"}
2025-03-06 17:50:54,541 - utils - INFO - Navigating to page: welcome
2025-03-06 17:50:54,543 - utils - INFO - Event: navigation, Properties: {"destination": "assessment"}
2025-03-06 17:50:57,355 - utils - INFO - Navigating to page: welcome
2025-03-06 17:50:57,355 - utils - INFO - Event: navigation, Properties: {"destination": "assessment"}
2025-03-06 17:52:16,462 - landing - WARNING - Invalid token attempt at 2025-03-06 17:52:16.462881
2025-03-06 17:52:24,978 - landing - WARNING - Invalid token attempt at 2025-03-06 17:52:24.978578
2025-03-06 17:52:51,501 - utils - INFO - Event: assessment_started, Properties: {"organization": "DataINFA", "regulation": "DPDP", "industry": "general", "date": "2025-03-06"}
2025-03-06 17:52:51,503 - questionnaire_structure - INFO - Loaded questionnaire from C:\Users\vella\Downloads\DPDPAssesment\Modular_code\Questionnaire\DPDP\general.json
2025-03-06 17:52:51,505 - utils - INFO - Navigating to page: assessment
2025-03-06 17:52:51,505 - utils - INFO - Navigating to section 1 of 10
2025-03-06 17:52:51,737 - questionnaire_structure - INFO - Loaded questionnaire from C:\Users\vella\Downloads\DPDPAssesment\Modular_code\Questionnaire\DPDP\general.json
2025-03-06 17:52:51,743 - questionnaire_structure - INFO - Loaded questionnaire from C:\Users\vella\Downloads\DPDPAssesment\Modular_code\Questionnaire\DPDP\general.json
2025-03-06 18:02:15,771 - utils - INFO - Navigating to page: admin
2025-03-06 18:02:15,777 - utils - INFO - Event: navigation, Properties: {"destination": "admin"}
2025-03-06 18:02:19,971 - utils - INFO - Navigating to page: admin
2025-03-06 18:02:19,974 - utils - INFO - Event: navigation, Properties: {"destination": "admin"}
2025-03-06 18:02:21,573 - utils - INFO - Navigating to page: admin
2025-03-06 18:02:21,575 - utils - INFO - Event: navigation, Properties: {"destination": "admin"}
2025-03-06 18:02:29,916 - utils - INFO - Navigating to page: admin
2025-03-06 18:02:29,918 - utils - INFO - Event: navigation, Properties: {"destination": "admin"}
2025-03-06 18:08:23,529 - utils - INFO - Navigating to page: admin
2025-03-06 18:08:23,529 - utils - INFO - Event: navigation, Properties: {"destination": "admin"}
2025-03-06 18:08:34,655 - utils - INFO - Event: token_generated, Properties: {"organization": "INFA"}
