2025-04-04 13:10:56,018 - assessment - WARNING - Response 'Partially, Notices are not provided in all required languages.' not found in answer_points
2025-04-04 13:10:56,021 - assessment - WARNING - Response 'The Manual processes are in place, but they are effective: The organization uses manual processes for data erasure, which are effective but may not be as efficient or compliant with recognized standards as automated solutions.' not found in answer_points
2025-04-04 13:10:56,021 - assessment - WARNING - No points assigned for response: 'Partially, Notices are not provided in all required languages.'
2025-04-04 13:10:56,029 - assessment - WARNING - No points assigned for response: 'The Manual processes are in place, but they are effective: The organization uses manual processes for data erasure, which are effective but may not be as efficient or compliant with recognized standards as automated solutions.'
2025-04-04 13:15:45,864 - assessment - WARNING - Response 'Partially, Notices are not provided in all required languages.' not found in answer_points
2025-04-04 13:15:45,865 - assessment - WARNING - Response 'The Manual processes are in place, but they are effective: The organization uses manual processes for data erasure, which are effective but may not be as efficient or compliant with recognized standards as automated solutions.' not found in answer_points
2025-04-04 13:15:45,867 - assessment - WARNING - No points assigned for response: 'Partially, Notices are not provided in all required languages.'
2025-04-04 13:15:45,869 - assessment - WARNING - No points assigned for response: 'The Manual processes are in place, but they are effective: The organization uses manual processes for data erasure, which are effective but may not be as efficient or compliant with recognized standards as automated solutions.'
2025-04-04 14:03:04,594 - assessment - WARNING - Response 'Partially, Notices are not provided in all required languages.' not found in answer_points
2025-04-04 14:03:04,596 - assessment - WARNING - No points assigned for response: 'Partially, Notices are not provided in all required languages.'
2025-04-04 14:13:21,203 - assessment - WARNING - Response 'Partially, Notices are not provided in all required languages.' not found in answer_points
2025-04-04 14:13:21,205 - assessment - WARNING - Response 'Yes, with robust measures: The organization has implemented comprehensive technical and organizational measures to ensure the effectiveness of the grievance redressal system, including dedicated channels for submitting grievances, clear timelines for resolution, and a robust monitoring system to analyze performance and identify trends.' not found in answer_points
2025-04-04 14:13:21,207 - assessment - WARNING - No points assigned for response: 'Partially, Notices are not provided in all required languages.'
2025-04-04 14:13:21,212 - assessment - WARNING - No points assigned for response: 'Yes, with robust measures: The organization has implemented comprehensive technical and organizational measures to ensure the effectiveness of the grievance redressal system, including dedicated channels for submitting grievances, clear timelines for resolution, and a robust monitoring system to analyze performance and identify trends.'
2025-04-04 14:29:43,867 - assessment - WARNING - Response 'Partially, Notices are not provided in all required languages.' not found in answer_points
2025-04-04 14:29:43,868 - assessment - WARNING - No points assigned for response: 'Partially, Notices are not provided in all required languages.'
2025-04-04 15:47:43,106 - assessment - WARNING - Response 'Yes, Notices are provided in English and all 22 official Indian languages listed in the Eighth Schedule of the Constitution.' not found in answer_points
2025-04-04 15:47:43,107 - assessment - WARNING - Response 'Yes, with robust measures: The organization has implemented comprehensive technical and organizational measures to ensure the effectiveness of the grievance redressal system, including dedicated channels for submitting grievances, clear timelines for resolution, and a robust monitoring system to analyze performance and identify trends.' not found in answer_points
2025-04-04 15:47:43,108 - assessment - WARNING - No points assigned for response: 'Yes, with robust measures: The organization has implemented comprehensive technical and organizational measures to ensure the effectiveness of the grievance redressal system, including dedicated channels for submitting grievances, clear timelines for resolution, and a robust monitoring system to analyze performance and identify trends.'
2025-04-04 15:51:50,533 - assessment - WARNING - Response 'Partially, Notices are not provided in all required languages.' not found in answer_points
2025-04-04 15:51:50,534 - assessment - WARNING - Response 'The Manual processes are in place, but they are effective: The organization uses manual processes for data erasure, which are effective but may not be as efficient or compliant with recognized standards as automated solutions.' not found in answer_points
2025-04-04 15:51:50,536 - assessment - WARNING - No points assigned for response: 'Partially, Notices are not provided in all required languages.'
2025-04-04 15:51:50,537 - assessment - WARNING - No points assigned for response: 'The Manual processes are in place, but they are effective: The organization uses manual processes for data erasure, which are effective but may not be as efficient or compliant with recognized standards as automated solutions.'
2025-04-04 15:53:36,670 - assessment - WARNING - Response 'The Manual processes are in place, but they are effective: The organization uses manual processes for data erasure, which are effective but may not be as efficient or compliant with recognized standards as automated solutions.' not found in answer_points
2025-04-04 15:53:36,672 - assessment - WARNING - Response 'Yes, with robust measures: The organization has implemented comprehensive technical and organizational measures to ensure the effectiveness of the grievance redressal system, including dedicated channels for submitting grievances, clear timelines for resolution, and a robust monitoring system to analyze performance and identify trends.' not found in answer_points
2025-04-04 15:53:36,673 - assessment - WARNING - No points assigned for response: 'The Manual processes are in place, but they are effective: The organization uses manual processes for data erasure, which are effective but may not be as efficient or compliant with recognized standards as automated solutions.'
2025-04-04 15:53:36,675 - assessment - WARNING - No points assigned for response: 'Yes, with robust measures: The organization has implemented comprehensive technical and organizational measures to ensure the effectiveness of the grievance redressal system, including dedicated channels for submitting grievances, clear timelines for resolution, and a robust monitoring system to analyze performance and identify trends.'
2025-04-04 16:10:25,411 - assessment - WARNING - Response 'The Manual processes are in place, but they are effective: The organization uses manual processes for data erasure, which are effective but may not be as efficient or compliant with recognized standards as automated solutions.' not found in answer_points
2025-04-04 16:10:25,415 - assessment - WARNING - No points assigned for response: 'The Manual processes are in place, but they are effective: The organization uses manual processes for data erasure, which are effective but may not be as efficient or compliant with recognized standards as automated solutions.'
2025-04-04 16:30:40,907 - assessment - WARNING - Response 'Partially, Notices are not provided in all required languages.' not found in answer_points
2025-04-04 16:30:40,908 - assessment - WARNING - Response 'The Manual processes are in place, but they are effective: The organization uses manual processes for data erasure, which are effective but may not be as efficient or compliant with recognized standards as automated solutions.' not found in answer_points
2025-04-04 16:30:40,909 - assessment - WARNING - No points assigned for response: 'Partially, Notices are not provided in all required languages.'
2025-04-04 16:30:40,910 - assessment - WARNING - No points assigned for response: 'The Manual processes are in place, but they are effective: The organization uses manual processes for data erasure, which are effective but may not be as efficient or compliant with recognized standards as automated solutions.'
2025-04-04 16:32:02,743 - assessment - WARNING - Response 'Yes, Notices are provided in English and all 22 official Indian languages listed in the Eighth Schedule of the Constitution.' not found in answer_points
2025-04-04 16:39:05,384 - assessment - WARNING - Response 'Yes, Notices are provided in English and all 22 official Indian languages listed in the Eighth Schedule of the Constitution.' not found in answer_points
2025-04-04 16:39:05,385 - assessment - WARNING - Response 'The Manual processes are in place, but they are effective: The organization uses manual processes for data erasure, which are effective but may not be as efficient or compliant with recognized standards as automated solutions.' not found in answer_points
2025-04-04 16:39:05,387 - assessment - WARNING - No points assigned for response: 'The Manual processes are in place, but they are effective: The organization uses manual processes for data erasure, which are effective but may not be as efficient or compliant with recognized standards as automated solutions.'
2025-04-04 16:51:57,404 - token_storage - WARNING - No matching token found: ...
2025-04-04 16:51:57,405 - helpers - WARNING - Token validation failed
2025-04-04 16:53:29,009 - assessment - WARNING - Response 'Partially, Notices are not provided in all required languages.' not found in answer_points
2025-04-04 16:53:29,010 - assessment - WARNING - Response 'The Manual processes are in place, but they are effective: The organization uses manual processes for data erasure, which are effective but may not be as efficient or compliant with recognized standards as automated solutions.' not found in answer_points
2025-04-04 16:53:29,011 - assessment - WARNING - No points assigned for response: 'Partially, Notices are not provided in all required languages.'
2025-04-04 16:53:29,013 - assessment - WARNING - No points assigned for response: 'The Manual processes are in place, but they are effective: The organization uses manual processes for data erasure, which are effective but may not be as efficient or compliant with recognized standards as automated solutions.'
2025-04-04 17:04:36,010 - __main__ - ERROR - Error in main application: 'Weight'
Traceback (most recent call last):
  File "C:\Users\vella\anaconda3\Lib\site-packages\pandas\core\indexes\base.py", line 3790, in get_loc
    return self._engine.get_loc(casted_key)
           ^^^^^^^^^^^^^^^^^^^^^^^^^^^^^^^^
  File "index.pyx", line 152, in pandas._libs.index.IndexEngine.get_loc
  File "index.pyx", line 181, in pandas._libs.index.IndexEngine.get_loc
  File "pandas\_libs\hashtable_class_helper.pxi", line 7080, in pandas._libs.hashtable.PyObjectHashTable.get_item
  File "pandas\_libs\hashtable_class_helper.pxi", line 7088, in pandas._libs.hashtable.PyObjectHashTable.get_item
KeyError: 'Weight'

The above exception was the direct cause of the following exception:

Traceback (most recent call last):
  File "C:\Users\vella\Downloads\DPDPAssesment\Modular_code\Modular_code\app.py", line 122, in main
    render_report()
  File "C:\Users\vella\Downloads\DPDPAssesment\Modular_code\Modular_code\views.py", line 763, in render_report
    customdata=df["Weight"]
               ~~^^^^^^^^^^
  File "C:\Users\vella\anaconda3\Lib\site-packages\pandas\core\frame.py", line 3896, in __getitem__
    indexer = self.columns.get_loc(key)
              ^^^^^^^^^^^^^^^^^^^^^^^^^
  File "C:\Users\vella\anaconda3\Lib\site-packages\pandas\core\indexes\base.py", line 3797, in get_loc
    raise KeyError(key) from err
KeyError: 'Weight'
2025-04-04 17:11:05,833 - __main__ - ERROR - Error in main application: name 'section_data' is not defined
Traceback (most recent call last):
  File "C:\Users\vella\Downloads\DPDPAssesment\Modular_code\Modular_code\app.py", line 122, in main
    render_report()
  File "C:\Users\vella\Downloads\DPDPAssesment\Modular_code\Modular_code\views.py", line 788, in render_report
    df = pd.DataFrame(section_data)
                      ^^^^^^^^^^^^
NameError: name 'section_data' is not defined. Did you mean: 'section_name'?
2025-04-04 17:11:40,529 - __main__ - ERROR - Error in main application: name 'none_score_sections' is not defined
Traceback (most recent call last):
  File "C:\Users\vella\Downloads\DPDPAssesment\Modular_code\Modular_code\app.py", line 122, in main
    render_report()
  File "C:\Users\vella\Downloads\DPDPAssesment\Modular_code\Modular_code\views.py", line 788, in render_report
    if none_score_sections:
       ^^^^^^^^^^^^^^^^^^^
NameError: name 'none_score_sections' is not defined
2025-04-04 19:43:48,196 - assessment - WARNING - Response 'Yes, Notices are provided in English and all 22 official Indian languages listed in the Eighth Schedule of the Constitution.' not found in answer_points
2025-04-04 19:43:48,197 - assessment - WARNING - Response 'The Manual processes are in place, but they are effective: The organization uses manual processes for data erasure, which are effective but may not be as efficient or compliant with recognized standards as automated solutions.' not found in answer_points
2025-04-04 19:43:48,199 - assessment - WARNING - No points assigned for response: 'The Manual processes are in place, but they are effective: The organization uses manual processes for data erasure, which are effective but may not be as efficient or compliant with recognized standards as automated solutions.'
2025-04-04 20:03:54,170 - assessment - WARNING - Response 'Partially, Notices are not provided in all required languages.' not found in answer_points
2025-04-04 20:03:54,171 - assessment - WARNING - No points assigned for response: 'Partially, Notices are not provided in all required languages.'
2025-04-04 20:34:30,709 - assessment - WARNING - Response 'Yes, Notices are provided in English and all 22 official Indian languages listed in the Eighth Schedule of the Constitution.' not found in answer_points
2025-04-04 20:34:30,711 - assessment - WARNING - Response 'Yes, with robust measures: The organization has implemented comprehensive technical and organizational measures to ensure the effectiveness of the grievance redressal system, including dedicated channels for submitting grievances, clear timelines for resolution, and a robust monitoring system to analyze performance and identify trends.' not found in answer_points
2025-04-04 20:34:30,713 - assessment - WARNING - No points assigned for response: 'Yes, with robust measures: The organization has implemented comprehensive technical and organizational measures to ensure the effectiveness of the grievance redressal system, including dedicated channels for submitting grievances, clear timelines for resolution, and a robust monitoring system to analyze performance and identify trends.'
