2025-03-05 19:14:33,932 - utils - INFO - Event: assessment_started, Properties: {"organization": "datainfa", "regulation": "DPDP", "industry": "general", "date": "2025-03-05"}
2025-03-05 19:14:33,961 - questionnaire_structure - INFO - Loaded questionnaire from Questionnaire\general.json
2025-03-05 19:14:33,963 - utils - INFO - Navigating to page: assessment
2025-03-05 19:14:33,964 - utils - INFO - Navigating to section 1 of 10
2025-03-05 19:14:34,117 - questionnaire_structure - INFO - Loaded questionnaire from Questionnaire\general.json
2025-03-05 19:14:34,120 - questionnaire_structure - INFO - Loaded questionnaire from Questionnaire\general.json
2025-03-05 19:14:35,785 - questionnaire_structure - INFO - Loaded questionnaire from Questionnaire\general.json
2025-03-05 19:14:35,790 - questionnaire_structure - INFO - Loaded questionnaire from Questionnaire\general.json
2025-03-05 19:14:37,017 - questionnaire_structure - INFO - Loaded questionnaire from Questionnaire\general.json
2025-03-05 19:14:37,022 - questionnaire_structure - INFO - Loaded questionnaire from Questionnaire\general.json
2025-03-05 19:14:37,889 - questionnaire_structure - INFO - Loaded questionnaire from Questionnaire\general.json
2025-03-05 19:14:37,895 - questionnaire_structure - INFO - Loaded questionnaire from Questionnaire\general.json
2025-03-05 19:14:38,861 - questionnaire_structure - INFO - Loaded questionnaire from Questionnaire\general.json
2025-03-05 19:14:38,865 - questionnaire_structure - INFO - Loaded questionnaire from Questionnaire\general.json
2025-03-05 19:14:39,770 - questionnaire_structure - INFO - Loaded questionnaire from Questionnaire\general.json
2025-03-05 19:14:39,773 - questionnaire_structure - INFO - Loaded questionnaire from Questionnaire\general.json
2025-03-05 19:14:39,792 - questionnaire_structure - INFO - Loaded questionnaire from Questionnaire\general.json
2025-03-05 19:14:39,794 - utils - INFO - Navigating to page: assessment
2025-03-05 19:14:39,795 - utils - INFO - Navigating to section 2 of 10
2025-03-05 19:14:39,795 - utils - INFO - Event: navigation, Properties: {"action": "next_section"}
2025-03-05 19:14:44,413 - questionnaire_structure - INFO - Loaded questionnaire from Questionnaire\general.json
2025-03-05 19:14:44,425 - questionnaire_structure - INFO - Loaded questionnaire from Questionnaire\general.json
2025-03-05 19:14:47,158 - questionnaire_structure - INFO - Loaded questionnaire from Questionnaire\general.json
2025-03-05 19:14:47,163 - questionnaire_structure - INFO - Loaded questionnaire from Questionnaire\general.json
2025-03-05 19:14:48,016 - questionnaire_structure - INFO - Loaded questionnaire from Questionnaire\general.json
2025-03-05 19:14:48,052 - questionnaire_structure - INFO - Loaded questionnaire from Questionnaire\general.json
2025-03-05 19:14:49,020 - questionnaire_structure - INFO - Loaded questionnaire from Questionnaire\general.json
2025-03-05 19:14:49,024 - questionnaire_structure - INFO - Loaded questionnaire from Questionnaire\general.json
2025-03-05 19:14:49,709 - questionnaire_structure - INFO - Loaded questionnaire from Questionnaire\general.json
2025-03-05 19:14:49,712 - questionnaire_structure - INFO - Loaded questionnaire from Questionnaire\general.json
2025-03-05 19:14:49,728 - questionnaire_structure - INFO - Loaded questionnaire from Questionnaire\general.json
2025-03-05 19:14:49,730 - utils - INFO - Navigating to page: assessment
2025-03-05 19:14:49,731 - utils - INFO - Navigating to section 3 of 10
2025-03-05 19:14:49,731 - utils - INFO - Event: navigation, Properties: {"action": "next_section"}
2025-03-05 19:14:52,840 - questionnaire_structure - INFO - Loaded questionnaire from Questionnaire\general.json
2025-03-05 19:14:52,851 - questionnaire_structure - INFO - Loaded questionnaire from Questionnaire\general.json
2025-03-05 19:14:54,835 - questionnaire_structure - INFO - Loaded questionnaire from Questionnaire\general.json
2025-03-05 19:14:54,840 - questionnaire_structure - INFO - Loaded questionnaire from Questionnaire\general.json
2025-03-05 19:14:55,646 - questionnaire_structure - INFO - Loaded questionnaire from Questionnaire\general.json
2025-03-05 19:14:55,651 - questionnaire_structure - INFO - Loaded questionnaire from Questionnaire\general.json
2025-03-05 19:14:57,206 - questionnaire_structure - INFO - Loaded questionnaire from Questionnaire\general.json
2025-03-05 19:14:57,211 - questionnaire_structure - INFO - Loaded questionnaire from Questionnaire\general.json
2025-03-05 19:14:57,231 - questionnaire_structure - INFO - Loaded questionnaire from Questionnaire\general.json
2025-03-05 19:14:57,234 - utils - INFO - Navigating to page: assessment
2025-03-05 19:14:57,235 - utils - INFO - Navigating to section 4 of 10
2025-03-05 19:14:57,237 - utils - INFO - Event: navigation, Properties: {"action": "next_section"}
2025-03-05 19:14:57,648 - questionnaire_structure - INFO - Loaded questionnaire from Questionnaire\general.json
2025-03-05 19:14:57,653 - questionnaire_structure - INFO - Loaded questionnaire from Questionnaire\general.json
2025-03-05 19:14:59,038 - questionnaire_structure - INFO - Loaded questionnaire from Questionnaire\general.json
2025-03-05 19:14:59,043 - questionnaire_structure - INFO - Loaded questionnaire from Questionnaire\general.json
2025-03-05 19:15:00,048 - questionnaire_structure - INFO - Loaded questionnaire from Questionnaire\general.json
2025-03-05 19:15:00,053 - questionnaire_structure - INFO - Loaded questionnaire from Questionnaire\general.json
2025-03-05 19:15:00,648 - questionnaire_structure - INFO - Loaded questionnaire from Questionnaire\general.json
2025-03-05 19:15:00,656 - questionnaire_structure - INFO - Loaded questionnaire from Questionnaire\general.json
2025-03-05 19:15:01,478 - questionnaire_structure - INFO - Loaded questionnaire from Questionnaire\general.json
2025-03-05 19:15:01,482 - questionnaire_structure - INFO - Loaded questionnaire from Questionnaire\general.json
2025-03-05 19:15:01,514 - questionnaire_structure - INFO - Loaded questionnaire from Questionnaire\general.json
2025-03-05 19:15:01,517 - utils - INFO - Navigating to page: assessment
2025-03-05 19:15:01,518 - utils - INFO - Navigating to section 5 of 10
2025-03-05 19:15:01,519 - utils - INFO - Event: navigation, Properties: {"action": "next_section"}
2025-03-05 19:15:01,780 - questionnaire_structure - INFO - Loaded questionnaire from Questionnaire\general.json
2025-03-05 19:15:01,787 - questionnaire_structure - INFO - Loaded questionnaire from Questionnaire\general.json
2025-03-05 19:15:04,067 - questionnaire_structure - INFO - Loaded questionnaire from Questionnaire\general.json
2025-03-05 19:15:04,070 - questionnaire_structure - INFO - Loaded questionnaire from Questionnaire\general.json
2025-03-05 19:15:06,515 - questionnaire_structure - INFO - Loaded questionnaire from Questionnaire\general.json
2025-03-05 19:15:06,519 - questionnaire_structure - INFO - Loaded questionnaire from Questionnaire\general.json
2025-03-05 19:15:07,154 - questionnaire_structure - INFO - Loaded questionnaire from Questionnaire\general.json
2025-03-05 19:15:07,159 - questionnaire_structure - INFO - Loaded questionnaire from Questionnaire\general.json
2025-03-05 19:15:08,052 - questionnaire_structure - INFO - Loaded questionnaire from Questionnaire\general.json
2025-03-05 19:15:08,055 - questionnaire_structure - INFO - Loaded questionnaire from Questionnaire\general.json
2025-03-05 19:15:08,776 - questionnaire_structure - INFO - Loaded questionnaire from Questionnaire\general.json
2025-03-05 19:15:08,782 - questionnaire_structure - INFO - Loaded questionnaire from Questionnaire\general.json
2025-03-05 19:15:08,810 - questionnaire_structure - INFO - Loaded questionnaire from Questionnaire\general.json
2025-03-05 19:15:08,814 - utils - INFO - Navigating to page: assessment
2025-03-05 19:15:08,815 - utils - INFO - Navigating to section 6 of 10
2025-03-05 19:15:08,815 - utils - INFO - Event: navigation, Properties: {"action": "next_section"}
2025-03-05 19:15:10,573 - questionnaire_structure - INFO - Loaded questionnaire from Questionnaire\general.json
2025-03-05 19:15:10,578 - questionnaire_structure - INFO - Loaded questionnaire from Questionnaire\general.json
2025-03-05 19:15:12,423 - questionnaire_structure - INFO - Loaded questionnaire from Questionnaire\general.json
2025-03-05 19:15:12,428 - questionnaire_structure - INFO - Loaded questionnaire from Questionnaire\general.json
2025-03-05 19:15:13,378 - questionnaire_structure - INFO - Loaded questionnaire from Questionnaire\general.json
2025-03-05 19:15:13,382 - questionnaire_structure - INFO - Loaded questionnaire from Questionnaire\general.json
2025-03-05 19:15:13,957 - questionnaire_structure - INFO - Loaded questionnaire from Questionnaire\general.json
2025-03-05 19:15:13,961 - questionnaire_structure - INFO - Loaded questionnaire from Questionnaire\general.json
2025-03-05 19:15:15,160 - questionnaire_structure - INFO - Loaded questionnaire from Questionnaire\general.json
2025-03-05 19:15:15,164 - questionnaire_structure - INFO - Loaded questionnaire from Questionnaire\general.json
2025-03-05 19:15:15,753 - questionnaire_structure - INFO - Loaded questionnaire from Questionnaire\general.json
2025-03-05 19:15:15,756 - questionnaire_structure - INFO - Loaded questionnaire from Questionnaire\general.json
2025-03-05 19:15:18,767 - questionnaire_structure - INFO - Loaded questionnaire from Questionnaire\general.json
2025-03-05 19:15:18,770 - questionnaire_structure - INFO - Loaded questionnaire from Questionnaire\general.json
2025-03-05 19:15:20,354 - questionnaire_structure - INFO - Loaded questionnaire from Questionnaire\general.json
2025-03-05 19:15:20,358 - questionnaire_structure - INFO - Loaded questionnaire from Questionnaire\general.json
2025-03-05 19:15:20,390 - questionnaire_structure - INFO - Loaded questionnaire from Questionnaire\general.json
2025-03-05 19:15:20,392 - utils - INFO - Navigating to page: assessment
2025-03-05 19:15:20,393 - utils - INFO - Navigating to section 7 of 10
2025-03-05 19:15:20,395 - utils - INFO - Event: navigation, Properties: {"action": "next_section"}
2025-03-05 19:15:20,532 - questionnaire_structure - INFO - Loaded questionnaire from Questionnaire\general.json
2025-03-05 19:15:20,538 - questionnaire_structure - INFO - Loaded questionnaire from Questionnaire\general.json
2025-03-05 19:15:21,964 - questionnaire_structure - INFO - Loaded questionnaire from Questionnaire\general.json
2025-03-05 19:15:21,969 - questionnaire_structure - INFO - Loaded questionnaire from Questionnaire\general.json
2025-03-05 19:15:22,866 - questionnaire_structure - INFO - Loaded questionnaire from Questionnaire\general.json
2025-03-05 19:15:22,869 - questionnaire_structure - INFO - Loaded questionnaire from Questionnaire\general.json
2025-03-05 19:15:24,164 - questionnaire_structure - INFO - Loaded questionnaire from Questionnaire\general.json
2025-03-05 19:15:24,169 - questionnaire_structure - INFO - Loaded questionnaire from Questionnaire\general.json
2025-03-05 19:15:25,549 - questionnaire_structure - INFO - Loaded questionnaire from Questionnaire\general.json
2025-03-05 19:15:25,551 - questionnaire_structure - INFO - Loaded questionnaire from Questionnaire\general.json
2025-03-05 19:15:27,207 - questionnaire_structure - INFO - Loaded questionnaire from Questionnaire\general.json
2025-03-05 19:15:27,209 - questionnaire_structure - INFO - Loaded questionnaire from Questionnaire\general.json
2025-03-05 19:15:27,225 - questionnaire_structure - INFO - Loaded questionnaire from Questionnaire\general.json
2025-03-05 19:15:27,228 - utils - INFO - Navigating to page: assessment
2025-03-05 19:15:27,228 - utils - INFO - Navigating to section 8 of 10
2025-03-05 19:15:27,229 - utils - INFO - Event: navigation, Properties: {"action": "next_section"}
2025-03-05 19:15:27,386 - questionnaire_structure - INFO - Loaded questionnaire from Questionnaire\general.json
2025-03-05 19:15:27,391 - questionnaire_structure - INFO - Loaded questionnaire from Questionnaire\general.json
2025-03-05 19:15:29,249 - questionnaire_structure - INFO - Loaded questionnaire from Questionnaire\general.json
2025-03-05 19:15:29,253 - questionnaire_structure - INFO - Loaded questionnaire from Questionnaire\general.json
2025-03-05 19:15:30,044 - questionnaire_structure - INFO - Loaded questionnaire from Questionnaire\general.json
2025-03-05 19:15:30,049 - questionnaire_structure - INFO - Loaded questionnaire from Questionnaire\general.json
2025-03-05 19:15:30,793 - questionnaire_structure - INFO - Loaded questionnaire from Questionnaire\general.json
2025-03-05 19:15:30,796 - questionnaire_structure - INFO - Loaded questionnaire from Questionnaire\general.json
2025-03-05 19:15:31,484 - questionnaire_structure - INFO - Loaded questionnaire from Questionnaire\general.json
2025-03-05 19:15:31,489 - questionnaire_structure - INFO - Loaded questionnaire from Questionnaire\general.json
2025-03-05 19:15:31,504 - questionnaire_structure - INFO - Loaded questionnaire from Questionnaire\general.json
2025-03-05 19:15:31,507 - utils - INFO - Navigating to page: assessment
2025-03-05 19:15:31,508 - utils - INFO - Navigating to section 9 of 10
2025-03-05 19:15:31,508 - utils - INFO - Event: navigation, Properties: {"action": "next_section"}
2025-03-05 19:15:31,624 - questionnaire_structure - INFO - Loaded questionnaire from Questionnaire\general.json
2025-03-05 19:15:31,629 - questionnaire_structure - INFO - Loaded questionnaire from Questionnaire\general.json
2025-03-05 19:15:33,409 - questionnaire_structure - INFO - Loaded questionnaire from Questionnaire\general.json
2025-03-05 19:15:33,412 - questionnaire_structure - INFO - Loaded questionnaire from Questionnaire\general.json
2025-03-05 19:15:35,346 - questionnaire_structure - INFO - Loaded questionnaire from Questionnaire\general.json
2025-03-05 19:15:35,350 - questionnaire_structure - INFO - Loaded questionnaire from Questionnaire\general.json
2025-03-05 19:15:36,230 - questionnaire_structure - INFO - Loaded questionnaire from Questionnaire\general.json
2025-03-05 19:15:36,235 - questionnaire_structure - INFO - Loaded questionnaire from Questionnaire\general.json
2025-03-05 19:15:36,256 - questionnaire_structure - INFO - Loaded questionnaire from Questionnaire\general.json
2025-03-05 19:15:36,259 - utils - INFO - Navigating to page: assessment
2025-03-05 19:15:36,260 - utils - INFO - Navigating to section 10 of 10
2025-03-05 19:15:36,261 - utils - INFO - Event: navigation, Properties: {"action": "next_section"}
2025-03-05 19:15:39,255 - questionnaire_structure - INFO - Loaded questionnaire from Questionnaire\general.json
2025-03-05 19:15:39,265 - questionnaire_structure - INFO - Loaded questionnaire from Questionnaire\general.json
2025-03-05 19:15:39,548 - questionnaire_structure - INFO - Loaded questionnaire from Questionnaire\general.json
2025-03-05 19:15:39,555 - questionnaire_structure - INFO - Loaded questionnaire from Questionnaire\general.json
2025-03-05 19:15:40,503 - questionnaire_structure - INFO - Loaded questionnaire from Questionnaire\general.json
2025-03-05 19:15:40,509 - questionnaire_structure - INFO - Loaded questionnaire from Questionnaire\general.json
2025-03-05 19:15:42,241 - questionnaire_structure - INFO - Loaded questionnaire from Questionnaire\general.json
2025-03-05 19:15:42,244 - questionnaire_structure - INFO - Loaded questionnaire from Questionnaire\general.json
2025-03-05 19:15:42,739 - questionnaire_structure - INFO - Loaded questionnaire from Questionnaire\general.json
2025-03-05 19:15:42,742 - questionnaire_structure - INFO - Loaded questionnaire from Questionnaire\general.json
2025-03-05 19:15:43,472 - questionnaire_structure - INFO - Loaded questionnaire from Questionnaire\general.json
2025-03-05 19:15:43,482 - questionnaire_structure - INFO - Loaded questionnaire from Questionnaire\general.json
2025-03-05 19:15:43,526 - questionnaire_structure - INFO - Loaded questionnaire from Questionnaire\general.json
2025-03-05 19:15:43,537 - utils - INFO - Assessment completed, calculating results
2025-03-05 19:15:43,539 - questionnaire_structure - INFO - Loaded questionnaire from Questionnaire\general.json
2025-03-05 19:15:43,546 - utils - INFO - Navigating to page: report
2025-03-05 19:15:43,547 - utils - INFO - Event: navigation, Properties: {"action": "next_section"}
2025-03-05 19:15:43,755 - questionnaire_structure - INFO - Loaded questionnaire from Questionnaire\general.json
2025-03-05 19:15:47,820 - questionnaire_structure - INFO - Loaded questionnaire from Questionnaire\general.json
2025-03-05 19:15:47,932 - utils - INFO - Navigating to page: recommendations
2025-03-05 19:15:47,935 - utils - INFO - Event: navigation, Properties: {"destination": "recommendations"}
2025-03-05 19:16:09,694 - questionnaire_structure - INFO - Loaded questionnaire from Questionnaire\general.json
2025-03-05 19:16:14,549 - utils - INFO - Navigating to page: dashboard
2025-03-05 19:16:14,551 - utils - INFO - Event: navigation, Properties: {"destination": "dashboard"}
2025-03-05 19:16:17,889 - utils - INFO - Navigating to page: dashboard
2025-03-05 19:16:17,890 - utils - INFO - Event: navigation, Properties: {"destination": "dashboard"}
2025-03-05 19:16:18,154 - utils - INFO - Navigating to page: dashboard
2025-03-05 19:16:18,154 - utils - INFO - Event: navigation, Properties: {"destination": "dashboard"}
