2025-03-13 14:04:50,609 - helpers - INFO - Admin token validated
2025-03-13 14:04:59,086 - views - INFO - Starting new assessment for awda, regulation: DPDP, industry: finance
2025-03-13 14:04:59,086 - helpers - INFO - Navigating to page: assessment from welcome
2025-03-13 14:04:59,194 - __main__ - INFO - Current responses count: 0
2025-03-13 14:04:59,202 - assessment - INFO - Converting legacy questionnaire format to standard format
2025-03-13 14:04:59,203 - assessment - INFO - Loaded questionnaire from C:\Users\vella\Downloads\DPDPAssesment\Modular_code\Modular_code\Questionnaire\DPDP\finance.json with 13 sections, total weight: 1.0
2025-03-13 14:04:59,204 - assessment - ERROR - Section 0, question 0 must be a dictionary
2025-03-13 14:04:59,205 - assessment - ERROR - Invalid questionnaire structure in C:\Users\vella\Downloads\DPDPAssesment\Modular_code\Modular_code\Questionnaire\DPDP\finance.json
2025-03-13 14:04:59,205 - assessment - INFO - Successfully fixed questionnaire weights for C:\Users\vella\Downloads\DPDPAssesment\Modular_code\Modular_code\Questionnaire\DPDP\finance.json
2025-03-13 14:04:59,206 - __main__ - INFO - Current section 0 has 5 questions
2025-03-13 14:04:59,207 - __main__ - INFO - Question 1 response key s0_q0: missing
2025-03-13 14:04:59,207 - __main__ - INFO - Question 2 response key s0_q1: missing
2025-03-13 14:04:59,209 - __main__ - INFO - Question 3 response key s0_q2: missing
2025-03-13 14:04:59,210 - __main__ - INFO - Question 4 response key s0_q3: missing
2025-03-13 14:04:59,210 - __main__ - INFO - Question 5 response key s0_q4: missing
2025-03-13 14:04:59,225 - assessment - INFO - Converting legacy questionnaire format to standard format
2025-03-13 14:04:59,226 - assessment - INFO - Loaded questionnaire from C:\Users\vella\Downloads\DPDPAssesment\Modular_code\Modular_code\Questionnaire\DPDP\finance.json with 13 sections, total weight: 1.0
2025-03-13 14:04:59,227 - assessment - ERROR - Section 0, question 0 must be a dictionary
2025-03-13 14:04:59,229 - assessment - ERROR - Invalid questionnaire structure in C:\Users\vella\Downloads\DPDPAssesment\Modular_code\Modular_code\Questionnaire\DPDP\finance.json
2025-03-13 14:04:59,230 - assessment - INFO - Successfully fixed questionnaire weights for C:\Users\vella\Downloads\DPDPAssesment\Modular_code\Modular_code\Questionnaire\DPDP\finance.json
2025-03-13 14:04:59,235 - assessment - INFO - Converting legacy questionnaire format to standard format
2025-03-13 14:04:59,236 - assessment - INFO - Loaded questionnaire from C:\Users\vella\Downloads\DPDPAssesment\Modular_code\Modular_code\Questionnaire\DPDP\finance.json with 13 sections, total weight: 1.0
2025-03-13 14:04:59,238 - assessment - ERROR - Section 0, question 0 must be a dictionary
2025-03-13 14:04:59,238 - assessment - ERROR - Invalid questionnaire structure in C:\Users\vella\Downloads\DPDPAssesment\Modular_code\Modular_code\Questionnaire\DPDP\finance.json
2025-03-13 14:04:59,239 - assessment - INFO - Successfully fixed questionnaire weights for C:\Users\vella\Downloads\DPDPAssesment\Modular_code\Modular_code\Questionnaire\DPDP\finance.json
2025-03-13 14:04:59,243 - __main__ - ERROR - Error in main application: 'str' object has no attribute 'get'
Traceback (most recent call last):
  File "C:\Users\vella\Downloads\DPDPAssesment\Modular_code\Modular_code\app.py", line 150, in main
    render_assessment()
  File "C:\Users\vella\Downloads\DPDPAssesment\Modular_code\Modular_code\views.py", line 198, in render_assessment
    q_id = question.get("id", q_idx + 1)
           ^^^^^^^^^^^^
AttributeError: 'str' object has no attribute 'get'
2025-03-13 14:14:17,987 - helpers - INFO - Admin token validated
2025-03-13 14:14:23,331 - views - INFO - Starting new assessment for wad, regulation: DPDP, industry: finance
2025-03-13 14:14:23,333 - helpers - INFO - Navigating to page: assessment from welcome
2025-03-13 14:14:23,443 - __main__ - INFO - Current responses count: 0
2025-03-13 14:14:23,448 - assessment - INFO - Converting legacy questionnaire format to standard format
2025-03-13 14:14:23,449 - assessment - INFO - Loaded questionnaire from C:\Users\vella\Downloads\DPDPAssesment\Modular_code\Modular_code\Questionnaire\DPDP\finance.json with 13 sections, total weight: 1.0
2025-03-13 14:14:23,450 - __main__ - INFO - Current section 0 has 5 questions
2025-03-13 14:14:23,452 - __main__ - INFO - Question 1 response key s0_q0: missing
2025-03-13 14:14:23,453 - __main__ - INFO - Question 2 response key s0_q1: missing
2025-03-13 14:14:23,454 - __main__ - INFO - Question 3 response key s0_q2: missing
2025-03-13 14:14:23,455 - __main__ - INFO - Question 4 response key s0_q3: missing
2025-03-13 14:14:23,456 - __main__ - INFO - Question 5 response key s0_q4: missing
2025-03-13 14:14:23,471 - assessment - INFO - Converting legacy questionnaire format to standard format
2025-03-13 14:14:23,474 - assessment - INFO - Loaded questionnaire from C:\Users\vella\Downloads\DPDPAssesment\Modular_code\Modular_code\Questionnaire\DPDP\finance.json with 13 sections, total weight: 1.0
2025-03-13 14:14:23,481 - assessment - INFO - Converting legacy questionnaire format to standard format
2025-03-13 14:14:23,482 - assessment - INFO - Loaded questionnaire from C:\Users\vella\Downloads\DPDPAssesment\Modular_code\Modular_code\Questionnaire\DPDP\finance.json with 13 sections, total weight: 1.0
2025-03-13 14:14:36,905 - __main__ - INFO - Current responses count: 0
2025-03-13 14:14:36,908 - assessment - INFO - Loaded questionnaire from C:\Users\vella\Downloads\DPDPAssesment\Modular_code\Modular_code\Questionnaire\DPDP\general.json with 3 sections, total weight: 1.0
2025-03-13 14:14:36,910 - assessment - ERROR - Section 0, question 0 must be a dictionary
2025-03-13 14:14:36,911 - assessment - ERROR - Invalid questionnaire structure in C:\Users\vella\Downloads\DPDPAssesment\Modular_code\Modular_code\Questionnaire\DPDP\general.json
2025-03-13 14:14:36,911 - assessment - INFO - Successfully fixed questionnaire weights for C:\Users\vella\Downloads\DPDPAssesment\Modular_code\Modular_code\Questionnaire\DPDP\general.json
2025-03-13 14:14:36,912 - __main__ - INFO - Current section 0 has 2 questions
2025-03-13 14:14:36,913 - __main__ - INFO - Question 1 response key s0_q0: missing
2025-03-13 14:14:36,914 - __main__ - INFO - Question 2 response key s0_q1: missing
2025-03-13 14:14:36,931 - assessment - INFO - Loaded questionnaire from C:\Users\vella\Downloads\DPDPAssesment\Modular_code\Modular_code\Questionnaire\DPDP\general.json with 3 sections, total weight: 1.0
2025-03-13 14:14:36,932 - assessment - ERROR - Section 0, question 0 must be a dictionary
2025-03-13 14:14:36,934 - assessment - ERROR - Invalid questionnaire structure in C:\Users\vella\Downloads\DPDPAssesment\Modular_code\Modular_code\Questionnaire\DPDP\general.json
2025-03-13 14:14:36,940 - assessment - INFO - Successfully fixed questionnaire weights for C:\Users\vella\Downloads\DPDPAssesment\Modular_code\Modular_code\Questionnaire\DPDP\general.json
2025-03-13 14:14:36,947 - assessment - INFO - Loaded questionnaire from C:\Users\vella\Downloads\DPDPAssesment\Modular_code\Modular_code\Questionnaire\DPDP\general.json with 3 sections, total weight: 1.0
2025-03-13 14:14:36,948 - assessment - ERROR - Section 0, question 0 must be a dictionary
2025-03-13 14:14:36,950 - assessment - ERROR - Invalid questionnaire structure in C:\Users\vella\Downloads\DPDPAssesment\Modular_code\Modular_code\Questionnaire\DPDP\general.json
2025-03-13 14:14:36,951 - assessment - INFO - Successfully fixed questionnaire weights for C:\Users\vella\Downloads\DPDPAssesment\Modular_code\Modular_code\Questionnaire\DPDP\general.json
2025-03-13 14:14:47,972 - __main__ - INFO - Current responses count: 0
2025-03-13 14:14:47,976 - assessment - INFO - Loaded questionnaire from C:\Users\vella\Downloads\DPDPAssesment\Modular_code\Modular_code\Questionnaire\DPDP\general.json with 3 sections, total weight: 1.0
2025-03-13 14:14:47,977 - assessment - ERROR - Section 0, question 0 must be a dictionary
2025-03-13 14:14:47,977 - assessment - ERROR - Invalid questionnaire structure in C:\Users\vella\Downloads\DPDPAssesment\Modular_code\Modular_code\Questionnaire\DPDP\general.json
2025-03-13 14:14:47,979 - assessment - INFO - Successfully fixed questionnaire weights for C:\Users\vella\Downloads\DPDPAssesment\Modular_code\Modular_code\Questionnaire\DPDP\general.json
2025-03-13 14:14:47,982 - __main__ - INFO - Current section 0 has 2 questions
2025-03-13 14:14:47,984 - __main__ - INFO - Question 1 response key s0_q0: missing
2025-03-13 14:14:47,985 - __main__ - INFO - Question 2 response key s0_q1: missing
2025-03-13 14:14:48,001 - assessment - INFO - Loaded questionnaire from C:\Users\vella\Downloads\DPDPAssesment\Modular_code\Modular_code\Questionnaire\DPDP\general.json with 3 sections, total weight: 1.0
2025-03-13 14:14:48,003 - assessment - ERROR - Section 0, question 0 must be a dictionary
2025-03-13 14:14:48,004 - assessment - ERROR - Invalid questionnaire structure in C:\Users\vella\Downloads\DPDPAssesment\Modular_code\Modular_code\Questionnaire\DPDP\general.json
2025-03-13 14:14:48,005 - assessment - INFO - Successfully fixed questionnaire weights for C:\Users\vella\Downloads\DPDPAssesment\Modular_code\Modular_code\Questionnaire\DPDP\general.json
2025-03-13 14:14:48,012 - assessment - INFO - Loaded questionnaire from C:\Users\vella\Downloads\DPDPAssesment\Modular_code\Modular_code\Questionnaire\DPDP\general.json with 3 sections, total weight: 1.0
2025-03-13 14:14:48,013 - assessment - ERROR - Section 0, question 0 must be a dictionary
2025-03-13 14:14:48,014 - assessment - ERROR - Invalid questionnaire structure in C:\Users\vella\Downloads\DPDPAssesment\Modular_code\Modular_code\Questionnaire\DPDP\general.json
2025-03-13 14:14:48,015 - assessment - INFO - Successfully fixed questionnaire weights for C:\Users\vella\Downloads\DPDPAssesment\Modular_code\Modular_code\Questionnaire\DPDP\general.json
2025-03-13 14:14:48,042 - helpers - INFO - EVENT: section_completed - {"section": "Consent Management"}
2025-03-13 14:14:48,170 - __main__ - INFO - Current responses count: 2
2025-03-13 14:14:48,174 - assessment - INFO - Loaded questionnaire from C:\Users\vella\Downloads\DPDPAssesment\Modular_code\Modular_code\Questionnaire\DPDP\general.json with 3 sections, total weight: 1.0
2025-03-13 14:14:48,175 - assessment - ERROR - Section 0, question 0 must be a dictionary
2025-03-13 14:14:48,176 - assessment - ERROR - Invalid questionnaire structure in C:\Users\vella\Downloads\DPDPAssesment\Modular_code\Modular_code\Questionnaire\DPDP\general.json
2025-03-13 14:14:48,177 - assessment - INFO - Successfully fixed questionnaire weights for C:\Users\vella\Downloads\DPDPAssesment\Modular_code\Modular_code\Questionnaire\DPDP\general.json
2025-03-13 14:14:48,178 - __main__ - INFO - Current section 1 has 2 questions
2025-03-13 14:14:48,179 - __main__ - INFO - Question 1 response key s1_q0: missing
2025-03-13 14:14:48,180 - __main__ - INFO - Question 2 response key s1_q1: missing
2025-03-13 14:14:48,198 - assessment - INFO - Loaded questionnaire from C:\Users\vella\Downloads\DPDPAssesment\Modular_code\Modular_code\Questionnaire\DPDP\general.json with 3 sections, total weight: 1.0
2025-03-13 14:14:48,201 - assessment - ERROR - Section 0, question 0 must be a dictionary
2025-03-13 14:14:48,202 - assessment - ERROR - Invalid questionnaire structure in C:\Users\vella\Downloads\DPDPAssesment\Modular_code\Modular_code\Questionnaire\DPDP\general.json
2025-03-13 14:14:48,202 - assessment - INFO - Successfully fixed questionnaire weights for C:\Users\vella\Downloads\DPDPAssesment\Modular_code\Modular_code\Questionnaire\DPDP\general.json
2025-03-13 14:14:48,208 - assessment - INFO - Loaded questionnaire from C:\Users\vella\Downloads\DPDPAssesment\Modular_code\Modular_code\Questionnaire\DPDP\general.json with 3 sections, total weight: 1.0
2025-03-13 14:14:48,210 - assessment - ERROR - Section 0, question 0 must be a dictionary
2025-03-13 14:14:48,211 - assessment - ERROR - Invalid questionnaire structure in C:\Users\vella\Downloads\DPDPAssesment\Modular_code\Modular_code\Questionnaire\DPDP\general.json
2025-03-13 14:14:48,212 - assessment - INFO - Successfully fixed questionnaire weights for C:\Users\vella\Downloads\DPDPAssesment\Modular_code\Modular_code\Questionnaire\DPDP\general.json
2025-03-13 14:37:09,800 - helpers - INFO - Admin token validated
2025-03-13 14:37:13,970 - views - INFO - Starting new assessment for adw, regulation: DPDP, industry: finance
2025-03-13 14:37:13,973 - helpers - INFO - Navigating to page: assessment from welcome
2025-03-13 14:37:14,091 - __main__ - INFO - Current responses count: 0
2025-03-13 14:37:14,093 - assessment - INFO - Converting legacy questionnaire format to standard format
2025-03-13 14:37:14,094 - assessment - INFO - Loaded questionnaire from C:\Users\vella\Downloads\DPDPAssesment\Modular_code\Modular_code\Questionnaire\DPDP\finance.json with 13 sections, total weight: 1.0
2025-03-13 14:37:14,096 - __main__ - INFO - Current section 0 has 5 questions
2025-03-13 14:37:14,097 - __main__ - INFO - Question 1 response key s0_q0: missing
2025-03-13 14:37:14,098 - __main__ - INFO - Question 2 response key s0_q1: missing
2025-03-13 14:37:14,099 - __main__ - INFO - Question 3 response key s0_q2: missing
2025-03-13 14:37:14,100 - __main__ - INFO - Question 4 response key s0_q3: missing
2025-03-13 14:37:14,101 - __main__ - INFO - Question 5 response key s0_q4: missing
2025-03-13 14:37:14,116 - assessment - INFO - Converting legacy questionnaire format to standard format
2025-03-13 14:37:14,118 - assessment - INFO - Loaded questionnaire from C:\Users\vella\Downloads\DPDPAssesment\Modular_code\Modular_code\Questionnaire\DPDP\finance.json with 13 sections, total weight: 1.0
2025-03-13 14:37:14,124 - assessment - INFO - Converting legacy questionnaire format to standard format
2025-03-13 14:37:14,125 - assessment - INFO - Loaded questionnaire from C:\Users\vella\Downloads\DPDPAssesment\Modular_code\Modular_code\Questionnaire\DPDP\finance.json with 13 sections, total weight: 1.0
2025-03-13 14:37:25,653 - __main__ - INFO - Current responses count: 0
2025-03-13 14:37:25,655 - assessment - INFO - Loaded questionnaire from C:\Users\vella\Downloads\DPDPAssesment\Modular_code\Modular_code\Questionnaire\DPDP\general.json with 3 sections, total weight: 1.0
2025-03-13 14:37:25,656 - __main__ - INFO - Current section 0 has 2 questions
2025-03-13 14:37:25,657 - __main__ - INFO - Question 1 response key s0_q0: missing
2025-03-13 14:37:25,657 - __main__ - INFO - Question 2 response key s0_q1: missing
2025-03-13 14:37:25,672 - assessment - INFO - Loaded questionnaire from C:\Users\vella\Downloads\DPDPAssesment\Modular_code\Modular_code\Questionnaire\DPDP\general.json with 3 sections, total weight: 1.0
2025-03-13 14:37:25,681 - assessment - INFO - Loaded questionnaire from C:\Users\vella\Downloads\DPDPAssesment\Modular_code\Modular_code\Questionnaire\DPDP\general.json with 3 sections, total weight: 1.0
2025-03-13 14:39:23,585 - helpers - INFO - Admin token validated
2025-03-13 14:40:33,525 - helpers - INFO - Admin token validated
2025-03-13 14:42:29,115 - helpers - INFO - Admin token validated
2025-03-13 14:43:21,896 - helpers - INFO - Admin token validated
2025-03-13 14:44:01,927 - helpers - INFO - Admin token validated
2025-03-13 14:44:15,208 - views - INFO - Starting new assessment for awda, regulation: DPDP, industry: finance
2025-03-13 14:44:15,209 - helpers - INFO - Navigating to page: assessment from welcome
2025-03-13 14:44:15,375 - __main__ - INFO - Current responses count: 0
2025-03-13 14:44:15,381 - assessment - INFO - Converting legacy questionnaire format to standard format
2025-03-13 14:44:15,381 - assessment - INFO - Loaded questionnaire from C:\Users\vella\Downloads\DPDPAssesment\Modular_code\Modular_code\Questionnaire\DPDP\finance.json with 13 sections, total weight: 1.0
2025-03-13 14:44:15,382 - __main__ - INFO - Current section 0 has 5 questions
2025-03-13 14:44:15,382 - __main__ - INFO - Question 1 response key s0_q0: missing
2025-03-13 14:44:15,382 - __main__ - INFO - Question 2 response key s0_q1: missing
2025-03-13 14:44:15,384 - __main__ - INFO - Question 3 response key s0_q2: missing
2025-03-13 14:44:15,384 - __main__ - INFO - Question 4 response key s0_q3: missing
2025-03-13 14:44:15,385 - __main__ - INFO - Question 5 response key s0_q4: missing
2025-03-13 14:44:15,397 - assessment - INFO - Converting legacy questionnaire format to standard format
2025-03-13 14:44:15,400 - assessment - INFO - Loaded questionnaire from C:\Users\vella\Downloads\DPDPAssesment\Modular_code\Modular_code\Questionnaire\DPDP\finance.json with 13 sections, total weight: 1.0
2025-03-13 14:44:15,406 - assessment - INFO - Converting legacy questionnaire format to standard format
2025-03-13 14:44:15,407 - assessment - INFO - Loaded questionnaire from C:\Users\vella\Downloads\DPDPAssesment\Modular_code\Modular_code\Questionnaire\DPDP\finance.json with 13 sections, total weight: 1.0
2025-03-13 14:52:32,050 - helpers - INFO - Admin token validated
2025-03-13 14:54:31,753 - helpers - INFO - Admin token validated
2025-03-13 15:01:33,670 - helpers - INFO - Admin token validated
2025-03-13 15:01:33,806 - __main__ - ERROR - Error in main application: 'NoneType' object has no attribute 'keys'
Traceback (most recent call last):
  File "C:\Users\vella\Downloads\DPDPAssesment\Modular_code\Modular_code\app.py", line 146, in main
    render_welcome_page()
  File "C:\Users\vella\Downloads\DPDPAssesment\Modular_code\Modular_code\views.py", line 1213, in render_welcome_page
    options=list(industries.keys()),
                 ^^^^^^^^^^^^^^^
AttributeError: 'NoneType' object has no attribute 'keys'
2025-03-13 15:01:38,937 - __main__ - ERROR - Error in main application: 'NoneType' object has no attribute 'keys'
Traceback (most recent call last):
  File "C:\Users\vella\Downloads\DPDPAssesment\Modular_code\Modular_code\app.py", line 146, in main
    render_welcome_page()
  File "C:\Users\vella\Downloads\DPDPAssesment\Modular_code\Modular_code\views.py", line 1213, in render_welcome_page
    options=list(industries.keys()),
                 ^^^^^^^^^^^^^^^
AttributeError: 'NoneType' object has no attribute 'keys'
2025-03-13 16:03:14,551 - helpers - INFO - Admin token validated
2025-03-13 16:03:57,676 - views - INFO - Starting new assessment for aaad, regulation: DPDP, industry: New banking fin
2025-03-13 16:03:57,677 - helpers - INFO - Navigating to page: assessment from welcome
2025-03-13 16:03:57,794 - __main__ - INFO - Current responses count: 0
2025-03-13 16:03:57,798 - assessment - INFO - Loaded questionnaire from C:\Users\vella\Downloads\DPDPAssesment\Modular_code\Modular_code\Questionnaire\DPDP\New banking fin.json with 2 sections, total weight: 0.3
2025-03-13 16:03:57,799 - assessment - WARNING - Total section weights (0.3) not close to 1.0 - this may affect scoring accuracy
2025-03-13 16:03:57,800 - assessment - WARNING - Individual weights: Data Collection and Processing: 0.15, Data Principal Rights: 0.15
2025-03-13 16:03:57,801 - __main__ - INFO - Current section 0 has 5 questions
2025-03-13 16:03:57,802 - __main__ - INFO - Question 1 response key s0_q0: missing
2025-03-13 16:03:57,803 - __main__ - INFO - Question 2 response key s0_q1: missing
2025-03-13 16:03:57,804 - __main__ - INFO - Question 3 response key s0_q2: missing
2025-03-13 16:03:57,805 - __main__ - INFO - Question 4 response key s0_q3: missing
2025-03-13 16:03:57,806 - __main__ - INFO - Question 5 response key s0_q4: missing
2025-03-13 16:03:57,820 - assessment - INFO - Loaded questionnaire from C:\Users\vella\Downloads\DPDPAssesment\Modular_code\Modular_code\Questionnaire\DPDP\New banking fin.json with 2 sections, total weight: 0.3
2025-03-13 16:03:57,823 - assessment - WARNING - Total section weights (0.3) not close to 1.0 - this may affect scoring accuracy
2025-03-13 16:03:57,824 - assessment - WARNING - Individual weights: Data Collection and Processing: 0.15, Data Principal Rights: 0.15
2025-03-13 16:03:57,831 - assessment - INFO - Loaded questionnaire from C:\Users\vella\Downloads\DPDPAssesment\Modular_code\Modular_code\Questionnaire\DPDP\New banking fin.json with 2 sections, total weight: 0.3
2025-03-13 16:03:57,832 - assessment - WARNING - Total section weights (0.3) not close to 1.0 - this may affect scoring accuracy
2025-03-13 16:03:57,832 - assessment - WARNING - Individual weights: Data Collection and Processing: 0.15, Data Principal Rights: 0.15
2025-03-13 16:04:08,401 - __main__ - INFO - Current responses count: 0
2025-03-13 16:04:08,404 - assessment - INFO - Loaded questionnaire from C:\Users\vella\Downloads\DPDPAssesment\Modular_code\Modular_code\Questionnaire\DPDP\general.json with 3 sections, total weight: 1.0
2025-03-13 16:04:08,404 - __main__ - INFO - Current section 0 has 2 questions
2025-03-13 16:04:08,405 - __main__ - INFO - Question 1 response key s0_q0: missing
2025-03-13 16:04:08,406 - __main__ - INFO - Question 2 response key s0_q1: missing
2025-03-13 16:04:08,420 - assessment - INFO - Loaded questionnaire from C:\Users\vella\Downloads\DPDPAssesment\Modular_code\Modular_code\Questionnaire\DPDP\general.json with 3 sections, total weight: 1.0
2025-03-13 16:04:08,426 - assessment - INFO - Loaded questionnaire from C:\Users\vella\Downloads\DPDPAssesment\Modular_code\Modular_code\Questionnaire\DPDP\general.json with 3 sections, total weight: 1.0
2025-03-13 16:13:41,512 - helpers - INFO - Admin token validated
2025-03-13 16:13:46,287 - views - INFO - Starting new assessment for awda, regulation: DPDP, industry: New banking fin
2025-03-13 16:13:46,289 - helpers - INFO - Navigating to page: assessment from welcome
2025-03-13 16:13:46,388 - __main__ - INFO - Current responses count: 0
2025-03-13 16:13:46,394 - assessment - INFO - Loaded questionnaire from C:\Users\vella\Downloads\DPDPAssesment\Modular_code\Modular_code\Questionnaire\DPDP\New banking fin.json with 2 sections, total weight: 0.3
2025-03-13 16:13:46,394 - assessment - WARNING - Total section weights (0.3) not close to 1.0 - this may affect scoring accuracy
2025-03-13 16:13:46,396 - assessment - WARNING - Individual weights: Data Collection and Processing: 0.15, Data Principal Rights: 0.15
2025-03-13 16:13:46,397 - __main__ - INFO - Current section 0 has 5 questions
2025-03-13 16:13:46,399 - __main__ - INFO - Question 1 response key s0_q0: missing
2025-03-13 16:13:46,399 - __main__ - INFO - Question 2 response key s0_q1: missing
2025-03-13 16:13:46,400 - __main__ - INFO - Question 3 response key s0_q2: missing
2025-03-13 16:13:46,401 - __main__ - INFO - Question 4 response key s0_q3: missing
2025-03-13 16:13:46,401 - __main__ - INFO - Question 5 response key s0_q4: missing
2025-03-13 16:13:46,416 - assessment - INFO - Loaded questionnaire from C:\Users\vella\Downloads\DPDPAssesment\Modular_code\Modular_code\Questionnaire\DPDP\New banking fin.json with 2 sections, total weight: 0.3
2025-03-13 16:13:46,417 - assessment - WARNING - Total section weights (0.3) not close to 1.0 - this may affect scoring accuracy
2025-03-13 16:13:46,420 - assessment - WARNING - Individual weights: Data Collection and Processing: 0.15, Data Principal Rights: 0.15
2025-03-13 16:13:46,427 - assessment - INFO - Loaded questionnaire from C:\Users\vella\Downloads\DPDPAssesment\Modular_code\Modular_code\Questionnaire\DPDP\New banking fin.json with 2 sections, total weight: 0.3
2025-03-13 16:13:46,429 - assessment - WARNING - Total section weights (0.3) not close to 1.0 - this may affect scoring accuracy
2025-03-13 16:13:46,430 - assessment - WARNING - Individual weights: Data Collection and Processing: 0.15, Data Principal Rights: 0.15
2025-03-13 16:13:55,624 - __main__ - INFO - Current responses count: 0
2025-03-13 16:13:55,626 - assessment - INFO - Loaded questionnaire from C:\Users\vella\Downloads\DPDPAssesment\Modular_code\Modular_code\Questionnaire\DPDP\general.json with 3 sections, total weight: 1.0
2025-03-13 16:13:55,627 - __main__ - INFO - Current section 0 has 2 questions
2025-03-13 16:13:55,629 - __main__ - INFO - Question 1 response key s0_q0: missing
2025-03-13 16:13:55,629 - __main__ - INFO - Question 2 response key s0_q1: missing
2025-03-13 16:13:55,642 - assessment - INFO - Loaded questionnaire from C:\Users\vella\Downloads\DPDPAssesment\Modular_code\Modular_code\Questionnaire\DPDP\general.json with 3 sections, total weight: 1.0
2025-03-13 16:13:55,650 - assessment - INFO - Loaded questionnaire from C:\Users\vella\Downloads\DPDPAssesment\Modular_code\Modular_code\Questionnaire\DPDP\general.json with 3 sections, total weight: 1.0
2025-03-13 16:22:00,917 - helpers - INFO - Admin token validated
2025-03-13 16:22:08,451 - views - INFO - Starting new assessment for awda, regulation: DPDP, industry: New banking fin
2025-03-13 16:22:08,453 - helpers - INFO - Navigating to page: assessment from welcome
2025-03-13 16:22:08,600 - __main__ - INFO - Current responses count: 0
2025-03-13 16:22:08,605 - assessment - INFO - Loaded questionnaire from C:\Users\vella\Downloads\DPDPAssesment\Modular_code\Modular_code\Questionnaire\DPDP\New banking fin.json with 2 sections, total weight: 0.3
2025-03-13 16:22:08,609 - assessment - WARNING - Total section weights (0.3) not close to 1.0 - this may affect scoring accuracy
2025-03-13 16:22:08,610 - assessment - WARNING - Individual weights: Data Collection and Processing: 0.15, Data Principal Rights: 0.15
2025-03-13 16:22:08,611 - __main__ - INFO - Current section 0 has 5 questions
2025-03-13 16:22:08,612 - __main__ - INFO - Question 1 response key s0_q0: missing
2025-03-13 16:22:08,612 - __main__ - INFO - Question 2 response key s0_q1: missing
2025-03-13 16:22:08,613 - __main__ - INFO - Question 3 response key s0_q2: missing
2025-03-13 16:22:08,614 - __main__ - INFO - Question 4 response key s0_q3: missing
2025-03-13 16:22:08,614 - __main__ - INFO - Question 5 response key s0_q4: missing
2025-03-13 16:22:08,634 - assessment - INFO - Loaded questionnaire from C:\Users\vella\Downloads\DPDPAssesment\Modular_code\Modular_code\Questionnaire\DPDP\New banking fin.json with 2 sections, total weight: 0.3
2025-03-13 16:22:08,635 - assessment - WARNING - Total section weights (0.3) not close to 1.0 - this may affect scoring accuracy
2025-03-13 16:22:08,637 - assessment - WARNING - Individual weights: Data Collection and Processing: 0.15, Data Principal Rights: 0.15
2025-03-13 16:22:08,645 - assessment - INFO - Loaded questionnaire from C:\Users\vella\Downloads\DPDPAssesment\Modular_code\Modular_code\Questionnaire\DPDP\New banking fin.json with 2 sections, total weight: 0.3
2025-03-13 16:22:08,646 - assessment - WARNING - Total section weights (0.3) not close to 1.0 - this may affect scoring accuracy
2025-03-13 16:22:08,646 - assessment - WARNING - Individual weights: Data Collection and Processing: 0.15, Data Principal Rights: 0.15
2025-03-13 16:22:18,963 - __main__ - INFO - Current responses count: 0
2025-03-13 16:22:18,965 - assessment - INFO - Loaded questionnaire from C:\Users\vella\Downloads\DPDPAssesment\Modular_code\Modular_code\Questionnaire\DPDP\general.json with 3 sections, total weight: 1.0
2025-03-13 16:22:18,966 - __main__ - INFO - Current section 0 has 2 questions
2025-03-13 16:22:18,967 - __main__ - INFO - Question 1 response key s0_q0: missing
2025-03-13 16:22:18,968 - __main__ - INFO - Question 2 response key s0_q1: missing
2025-03-13 16:22:18,982 - assessment - INFO - Loaded questionnaire from C:\Users\vella\Downloads\DPDPAssesment\Modular_code\Modular_code\Questionnaire\DPDP\general.json with 3 sections, total weight: 1.0
2025-03-13 16:22:18,989 - assessment - INFO - Loaded questionnaire from C:\Users\vella\Downloads\DPDPAssesment\Modular_code\Modular_code\Questionnaire\DPDP\general.json with 3 sections, total weight: 1.0
2025-03-13 16:23:01,399 - helpers - INFO - Admin token validated
2025-03-13 16:23:06,303 - views - INFO - Starting new assessment for awd, regulation: DPDP, industry: New banking fin
2025-03-13 16:23:06,305 - helpers - INFO - Navigating to page: assessment from welcome
2025-03-13 16:23:06,411 - __main__ - INFO - Current responses count: 0
2025-03-13 16:23:06,415 - assessment - INFO - Loaded questionnaire from C:\Users\vella\Downloads\DPDPAssesment\Modular_code\Modular_code\Questionnaire\DPDP\New banking fin.json with 2 sections, total weight: 1.0
2025-03-13 16:23:06,418 - __main__ - INFO - Current section 0 has 5 questions
2025-03-13 16:23:06,420 - __main__ - INFO - Question 1 response key s0_q0: missing
2025-03-13 16:23:06,421 - __main__ - INFO - Question 2 response key s0_q1: missing
2025-03-13 16:23:06,421 - __main__ - INFO - Question 3 response key s0_q2: missing
2025-03-13 16:23:06,422 - __main__ - INFO - Question 4 response key s0_q3: missing
2025-03-13 16:23:06,424 - __main__ - INFO - Question 5 response key s0_q4: missing
2025-03-13 16:23:06,438 - assessment - INFO - Loaded questionnaire from C:\Users\vella\Downloads\DPDPAssesment\Modular_code\Modular_code\Questionnaire\DPDP\New banking fin.json with 2 sections, total weight: 1.0
2025-03-13 16:23:06,444 - assessment - INFO - Loaded questionnaire from C:\Users\vella\Downloads\DPDPAssesment\Modular_code\Modular_code\Questionnaire\DPDP\New banking fin.json with 2 sections, total weight: 1.0
2025-03-13 16:23:15,861 - __main__ - INFO - Current responses count: 0
2025-03-13 16:23:15,864 - assessment - INFO - Loaded questionnaire from C:\Users\vella\Downloads\DPDPAssesment\Modular_code\Modular_code\Questionnaire\DPDP\general.json with 3 sections, total weight: 1.0
2025-03-13 16:23:15,865 - __main__ - INFO - Current section 0 has 2 questions
2025-03-13 16:23:15,865 - __main__ - INFO - Question 1 response key s0_q0: missing
2025-03-13 16:23:15,866 - __main__ - INFO - Question 2 response key s0_q1: missing
2025-03-13 16:23:15,881 - assessment - INFO - Loaded questionnaire from C:\Users\vella\Downloads\DPDPAssesment\Modular_code\Modular_code\Questionnaire\DPDP\general.json with 3 sections, total weight: 1.0
2025-03-13 16:23:15,887 - assessment - INFO - Loaded questionnaire from C:\Users\vella\Downloads\DPDPAssesment\Modular_code\Modular_code\Questionnaire\DPDP\general.json with 3 sections, total weight: 1.0
2025-03-13 16:24:00,046 - __main__ - INFO - Current responses count: 0
2025-03-13 16:24:00,050 - assessment - INFO - Loaded questionnaire from C:\Users\vella\Downloads\DPDPAssesment\Modular_code\Modular_code\Questionnaire\DPDP\general.json with 3 sections, total weight: 1.0
2025-03-13 16:24:00,050 - __main__ - INFO - Current section 0 has 2 questions
2025-03-13 16:24:00,051 - __main__ - INFO - Question 1 response key s0_q0: missing
2025-03-13 16:24:00,052 - __main__ - INFO - Question 2 response key s0_q1: missing
2025-03-13 16:24:00,063 - helpers - INFO - Navigating to page: admin from assessment
2025-03-13 16:24:00,225 - views - INFO - CSV Header: token,created_at,expires_at,organization_name,generated_by
2025-03-13 16:24:00,266 - views - INFO - CSV columns detected: ['token', 'created_at', 'expires_at', 'organization_name', 'generated_by']
2025-03-13 16:24:00,294 - views - ERROR - Token loading error: cannot access local variable 'row' where it is not associated with a value
Traceback (most recent call last):
  File "C:\Users\vella\Downloads\DPDPAssesment\Modular_code\Modular_code\views.py", line 849, in render_admin_page
    if pd.notna(row['expires_at']):
                ^^^
UnboundLocalError: cannot access local variable 'row' where it is not associated with a value
2025-03-13 16:24:03,971 - views - INFO - CSV Header: token,created_at,expires_at,organization_name,generated_by
2025-03-13 16:24:03,983 - views - INFO - CSV columns detected: ['token', 'created_at', 'expires_at', 'organization_name', 'generated_by']
2025-03-13 16:24:03,994 - views - ERROR - Token loading error: cannot access local variable 'row' where it is not associated with a value
Traceback (most recent call last):
  File "C:\Users\vella\Downloads\DPDPAssesment\Modular_code\Modular_code\views.py", line 849, in render_admin_page
    if pd.notna(row['expires_at']):
                ^^^
UnboundLocalError: cannot access local variable 'row' where it is not associated with a value
2025-03-13 16:24:04,204 - token_storage - INFO - Generated token for adawd by Admin: DATAINFA_ADAWD_59279d3627262d54
2025-03-13 16:24:04,205 - token_storage - INFO - Token will expire on 2025-03-18T16:24:04.201008
2025-03-13 16:24:04,233 - views - INFO - CSV Header: token,created_at,expires_at,organization_name,generated_by
2025-03-13 16:24:04,238 - views - INFO - CSV columns detected: ['token', 'created_at', 'expires_at', 'organization_name', 'generated_by']
2025-03-13 16:24:04,244 - views - ERROR - Token loading error: cannot access local variable 'row' where it is not associated with a value
Traceback (most recent call last):
  File "C:\Users\vella\Downloads\DPDPAssesment\Modular_code\Modular_code\views.py", line 849, in render_admin_page
    if pd.notna(row['expires_at']):
                ^^^
UnboundLocalError: cannot access local variable 'row' where it is not associated with a value
2025-03-13 16:24:10,259 - views - INFO - CSV Header: token,created_at,expires_at,organization_name,generated_by
2025-03-13 16:24:10,268 - views - INFO - CSV columns detected: ['token', 'created_at', 'expires_at', 'organization_name', 'generated_by']
2025-03-13 16:24:10,278 - views - ERROR - Token loading error: cannot access local variable 'row' where it is not associated with a value
Traceback (most recent call last):
  File "C:\Users\vella\Downloads\DPDPAssesment\Modular_code\Modular_code\views.py", line 849, in render_admin_page
    if pd.notna(row['expires_at']):
                ^^^
UnboundLocalError: cannot access local variable 'row' where it is not associated with a value
2025-03-13 16:24:11,483 - views - INFO - CSV Header: token,created_at,expires_at,organization_name,generated_by
2025-03-13 16:24:11,488 - views - INFO - CSV columns detected: ['token', 'created_at', 'expires_at', 'organization_name', 'generated_by']
2025-03-13 16:24:11,497 - views - ERROR - Token loading error: cannot access local variable 'row' where it is not associated with a value
Traceback (most recent call last):
  File "C:\Users\vella\Downloads\DPDPAssesment\Modular_code\Modular_code\views.py", line 849, in render_admin_page
    if pd.notna(row['expires_at']):
                ^^^
UnboundLocalError: cannot access local variable 'row' where it is not associated with a value
2025-03-13 16:30:30,386 - helpers - INFO - Admin token validated
2025-03-13 16:30:34,373 - views - INFO - Starting new assessment for fewqf, regulation: DPDP, industry: ecommerce
2025-03-13 16:30:34,375 - helpers - INFO - Navigating to page: assessment from welcome
2025-03-13 16:30:34,485 - __main__ - INFO - Current responses count: 0
2025-03-13 16:30:34,487 - assessment - INFO - Loaded questionnaire from C:\Users\vella\Downloads\DPDPAssesment\Modular_code\Modular_code\Questionnaire\DPDP\ecommerce.json with 4 sections, total weight: 1.0
2025-03-13 16:30:34,490 - __main__ - INFO - Current section 0 has 2 questions
2025-03-13 16:30:34,491 - __main__ - INFO - Question 1 response key s0_q0: missing
2025-03-13 16:30:34,493 - __main__ - INFO - Question 2 response key s0_q1: missing
2025-03-13 16:30:34,507 - assessment - INFO - Loaded questionnaire from C:\Users\vella\Downloads\DPDPAssesment\Modular_code\Modular_code\Questionnaire\DPDP\ecommerce.json with 4 sections, total weight: 1.0
2025-03-13 16:30:34,514 - assessment - INFO - Loaded questionnaire from C:\Users\vella\Downloads\DPDPAssesment\Modular_code\Modular_code\Questionnaire\DPDP\ecommerce.json with 4 sections, total weight: 1.0
2025-03-13 16:30:39,562 - __main__ - INFO - Current responses count: 0
2025-03-13 16:30:39,565 - assessment - INFO - Loaded questionnaire from C:\Users\vella\Downloads\DPDPAssesment\Modular_code\Modular_code\Questionnaire\DPDP\general.json with 3 sections, total weight: 1.0
2025-03-13 16:30:39,566 - __main__ - INFO - Current section 0 has 2 questions
2025-03-13 16:30:39,568 - __main__ - INFO - Question 1 response key s0_q0: missing
2025-03-13 16:30:39,568 - __main__ - INFO - Question 2 response key s0_q1: missing
2025-03-13 16:30:39,583 - assessment - INFO - Loaded questionnaire from C:\Users\vella\Downloads\DPDPAssesment\Modular_code\Modular_code\Questionnaire\DPDP\general.json with 3 sections, total weight: 1.0
2025-03-13 16:30:39,590 - assessment - INFO - Loaded questionnaire from C:\Users\vella\Downloads\DPDPAssesment\Modular_code\Modular_code\Questionnaire\DPDP\general.json with 3 sections, total weight: 1.0
2025-03-13 16:30:45,243 - __main__ - INFO - Current responses count: 0
2025-03-13 16:30:45,245 - assessment - INFO - Loaded questionnaire from C:\Users\vella\Downloads\DPDPAssesment\Modular_code\Modular_code\Questionnaire\DPDP\general.json with 3 sections, total weight: 1.0
2025-03-13 16:30:45,246 - __main__ - INFO - Current section 0 has 2 questions
2025-03-13 16:30:45,246 - __main__ - INFO - Question 1 response key s0_q0: missing
2025-03-13 16:30:45,247 - __main__ - INFO - Question 2 response key s0_q1: missing
2025-03-13 16:30:45,262 - assessment - INFO - Loaded questionnaire from C:\Users\vella\Downloads\DPDPAssesment\Modular_code\Modular_code\Questionnaire\DPDP\general.json with 3 sections, total weight: 1.0
2025-03-13 16:30:45,269 - assessment - INFO - Loaded questionnaire from C:\Users\vella\Downloads\DPDPAssesment\Modular_code\Modular_code\Questionnaire\DPDP\general.json with 3 sections, total weight: 1.0
2025-03-13 16:30:45,303 - helpers - INFO - EVENT: section_completed - {"section": "Consent Management"}
2025-03-13 16:30:45,427 - __main__ - INFO - Current responses count: 2
2025-03-13 16:30:45,430 - assessment - INFO - Loaded questionnaire from C:\Users\vella\Downloads\DPDPAssesment\Modular_code\Modular_code\Questionnaire\DPDP\general.json with 3 sections, total weight: 1.0
2025-03-13 16:30:45,432 - __main__ - INFO - Current section 1 has 2 questions
2025-03-13 16:30:45,433 - __main__ - INFO - Question 1 response key s1_q0: missing
2025-03-13 16:30:45,433 - __main__ - INFO - Question 2 response key s1_q1: missing
2025-03-13 16:30:45,450 - assessment - INFO - Loaded questionnaire from C:\Users\vella\Downloads\DPDPAssesment\Modular_code\Modular_code\Questionnaire\DPDP\general.json with 3 sections, total weight: 1.0
2025-03-13 16:30:45,458 - assessment - INFO - Loaded questionnaire from C:\Users\vella\Downloads\DPDPAssesment\Modular_code\Modular_code\Questionnaire\DPDP\general.json with 3 sections, total weight: 1.0
2025-03-13 16:31:37,038 - helpers - INFO - Admin token validated
2025-03-13 16:31:41,461 - views - INFO - Starting new assessment for sefg, regulation: DPDP, industry: New banking fin
2025-03-13 16:31:41,462 - helpers - INFO - Navigating to page: assessment from welcome
2025-03-13 16:31:41,572 - __main__ - INFO - Current responses count: 0
2025-03-13 16:31:41,577 - assessment - INFO - Loaded questionnaire from C:\Users\vella\Downloads\DPDPAssesment\Modular_code\Modular_code\Questionnaire\DPDP\New banking fin.json with 2 sections, total weight: 1.0
2025-03-13 16:31:41,579 - __main__ - INFO - Current section 0 has 5 questions
2025-03-13 16:31:41,580 - __main__ - INFO - Question 1 response key s0_q0: missing
2025-03-13 16:31:41,581 - __main__ - INFO - Question 2 response key s0_q1: missing
2025-03-13 16:31:41,583 - __main__ - INFO - Question 3 response key s0_q2: missing
2025-03-13 16:31:41,583 - __main__ - INFO - Question 4 response key s0_q3: missing
2025-03-13 16:31:41,584 - __main__ - INFO - Question 5 response key s0_q4: missing
2025-03-13 16:31:41,598 - assessment - INFO - Loaded questionnaire from C:\Users\vella\Downloads\DPDPAssesment\Modular_code\Modular_code\Questionnaire\DPDP\New banking fin.json with 2 sections, total weight: 1.0
2025-03-13 16:31:41,604 - assessment - INFO - Loaded questionnaire from C:\Users\vella\Downloads\DPDPAssesment\Modular_code\Modular_code\Questionnaire\DPDP\New banking fin.json with 2 sections, total weight: 1.0
2025-03-13 16:31:54,913 - __main__ - INFO - Current responses count: 0
2025-03-13 16:31:54,914 - assessment - WARNING - Questionnaire not found for DPDP/general, using default
2025-03-13 16:31:54,915 - assessment - ERROR - Error loading default questionnaire: [Errno 2] No such file or directory: 'C:\\Users\\vella\\Downloads\\DPDPAssesment\\Modular_code\\Modular_code\\Questionnaire\\DPDP\\general.json'
2025-03-13 16:31:54,915 - __main__ - INFO - Current section 0 has 1 questions
2025-03-13 16:31:54,917 - __main__ - INFO - Question 1 response key s0_q0: missing
2025-03-13 16:31:54,929 - assessment - WARNING - Questionnaire not found for DPDP/general, using default
2025-03-13 16:31:54,932 - assessment - ERROR - Error loading default questionnaire: [Errno 2] No such file or directory: 'C:\\Users\\vella\\Downloads\\DPDPAssesment\\Modular_code\\Modular_code\\Questionnaire\\DPDP\\general.json'
2025-03-13 16:31:54,937 - assessment - WARNING - Questionnaire not found for DPDP/general, using default
2025-03-13 16:31:54,940 - assessment - ERROR - Error loading default questionnaire: [Errno 2] No such file or directory: 'C:\\Users\\vella\\Downloads\\DPDPAssesment\\Modular_code\\Modular_code\\Questionnaire\\DPDP\\general.json'
2025-03-13 16:32:01,718 - __main__ - INFO - Current responses count: 0
2025-03-13 16:32:01,719 - assessment - WARNING - Questionnaire not found for DPDP/general, using default
2025-03-13 16:32:01,720 - assessment - ERROR - Error loading default questionnaire: [Errno 2] No such file or directory: 'C:\\Users\\vella\\Downloads\\DPDPAssesment\\Modular_code\\Modular_code\\Questionnaire\\DPDP\\general.json'
2025-03-13 16:32:01,722 - __main__ - INFO - Current section 0 has 1 questions
2025-03-13 16:32:01,723 - __main__ - INFO - Question 1 response key s0_q0: missing
2025-03-13 16:32:01,735 - assessment - WARNING - Questionnaire not found for DPDP/general, using default
2025-03-13 16:32:01,736 - assessment - ERROR - Error loading default questionnaire: [Errno 2] No such file or directory: 'C:\\Users\\vella\\Downloads\\DPDPAssesment\\Modular_code\\Modular_code\\Questionnaire\\DPDP\\general.json'
2025-03-13 16:32:01,742 - assessment - WARNING - Questionnaire not found for DPDP/general, using default
2025-03-13 16:32:01,744 - assessment - ERROR - Error loading default questionnaire: [Errno 2] No such file or directory: 'C:\\Users\\vella\\Downloads\\DPDPAssesment\\Modular_code\\Modular_code\\Questionnaire\\DPDP\\general.json'
2025-03-13 16:32:01,770 - assessment - WARNING - Questionnaire not found for DPDP/general, using default
2025-03-13 16:32:01,771 - assessment - ERROR - Error loading default questionnaire: [Errno 2] No such file or directory: 'C:\\Users\\vella\\Downloads\\DPDPAssesment\\Modular_code\\Modular_code\\Questionnaire\\DPDP\\general.json'
2025-03-13 16:32:01,772 - assessment - WARNING - No answer_points defined in questionnaire for DPDP/general. Using default scoring.
2025-03-13 16:32:01,774 - assessment - INFO - Answer points dictionary has 0 entries
2025-03-13 16:32:01,775 - assessment - INFO - Current responses to score:
2025-03-13 16:32:01,776 - assessment - INFO -   s0_q0: 'Yes'
2025-03-13 16:32:01,776 - assessment - INFO -   Added dynamic score for 'Yes': 1.0
2025-03-13 16:32:01,777 - assessment - INFO - Calculated section scores: {'Default Section': 1.0}
2025-03-13 16:32:01,778 - assessment - INFO - Total weighted score: 1.0, Total weight: 1.0
2025-03-13 16:32:01,779 - helpers - INFO - EVENT: section_completed - {"section": "Default Section"}
2025-03-13 16:32:01,909 - assessment - WARNING - Questionnaire not found for DPDP/general, using default
2025-03-13 16:32:01,910 - assessment - ERROR - Error loading default questionnaire: [Errno 2] No such file or directory: 'C:\\Users\\vella\\Downloads\\DPDPAssesment\\Modular_code\\Modular_code\\Questionnaire\\DPDP\\general.json'
2025-03-13 16:32:01,923 - assessment - WARNING - Questionnaire not found for DPDP/general, using default
2025-03-13 16:32:01,925 - assessment - ERROR - Error loading default questionnaire: [Errno 2] No such file or directory: 'C:\\Users\\vella\\Downloads\\DPDPAssesment\\Modular_code\\Modular_code\\Questionnaire\\DPDP\\general.json'
2025-03-13 16:32:01,998 - __main__ - ERROR - Error in main application: module 'config' has no attribute 'INDUSTRIES'
Traceback (most recent call last):
  File "C:\Users\vella\Downloads\DPDPAssesment\Modular_code\Modular_code\app.py", line 154, in main
    render_report()
  File "C:\Users\vella\Downloads\DPDPAssesment\Modular_code\Modular_code\views.py", line 460, in render_report
    excel_link = generate_excel_download_link(
                 ^^^^^^^^^^^^^^^^^^^^^^^^^^^^^
  File "C:\Users\vella\Downloads\DPDPAssesment\Modular_code\Modular_code\helpers.py", line 213, in generate_excel_download_link
    {"Key": "Industry", "Value": config.INDUSTRIES.get(industry, industry)},
                                 ^^^^^^^^^^^^^^^^^
AttributeError: module 'config' has no attribute 'INDUSTRIES'
2025-03-13 16:32:05,879 - helpers - INFO - Navigating to page: recommendations from report
2025-03-13 16:32:07,602 - helpers - INFO - Navigating to page: welcome from recommendations
2025-03-13 16:32:09,029 - helpers - INFO - Navigating to page: assessment from welcome
2025-03-13 16:32:09,134 - __main__ - INFO - Current responses count: 1
2025-03-13 16:32:09,136 - assessment - WARNING - Questionnaire not found for DPDP/general, using default
2025-03-13 16:32:09,138 - assessment - ERROR - Error loading default questionnaire: [Errno 2] No such file or directory: 'C:\\Users\\vella\\Downloads\\DPDPAssesment\\Modular_code\\Modular_code\\Questionnaire\\DPDP\\general.json'
2025-03-13 16:32:09,140 - __main__ - INFO - Current section 0 has 1 questions
2025-03-13 16:32:09,141 - __main__ - INFO - Question 1 response key s0_q0: exists
2025-03-13 16:32:09,157 - assessment - WARNING - Questionnaire not found for DPDP/general, using default
2025-03-13 16:32:09,158 - assessment - ERROR - Error loading default questionnaire: [Errno 2] No such file or directory: 'C:\\Users\\vella\\Downloads\\DPDPAssesment\\Modular_code\\Modular_code\\Questionnaire\\DPDP\\general.json'
2025-03-13 16:32:09,163 - assessment - WARNING - Questionnaire not found for DPDP/general, using default
2025-03-13 16:32:09,164 - assessment - ERROR - Error loading default questionnaire: [Errno 2] No such file or directory: 'C:\\Users\\vella\\Downloads\\DPDPAssesment\\Modular_code\\Modular_code\\Questionnaire\\DPDP\\general.json'
2025-03-13 16:32:09,644 - __main__ - INFO - Current responses count: 1
2025-03-13 16:32:09,646 - assessment - WARNING - Questionnaire not found for DPDP/general, using default
2025-03-13 16:32:09,646 - assessment - ERROR - Error loading default questionnaire: [Errno 2] No such file or directory: 'C:\\Users\\vella\\Downloads\\DPDPAssesment\\Modular_code\\Modular_code\\Questionnaire\\DPDP\\general.json'
2025-03-13 16:32:09,648 - __main__ - INFO - Current section 0 has 1 questions
2025-03-13 16:32:09,648 - __main__ - INFO - Question 1 response key s0_q0: exists
2025-03-13 16:32:09,663 - helpers - INFO - Navigating to page: dashboard from assessment
2025-03-13 16:32:18,035 - helpers - INFO - Navigating to page: welcome from dashboard
2025-03-13 16:41:16,237 - helpers - INFO - Admin token validated
2025-03-13 16:41:18,328 - helpers - INFO - Navigating to page: admin from welcome
2025-03-13 16:41:18,428 - views - INFO - CSV Header: token,created_at,expires_at,organization_name,generated_by
2025-03-13 16:41:18,441 - views - INFO - CSV columns detected: ['token', 'created_at', 'expires_at', 'organization_name', 'generated_by']
2025-03-13 16:41:33,843 - helpers - INFO - Attempting to validate token: DATAINFA...
2025-03-13 16:41:33,844 - token_storage - INFO - Found matching token: DATAINFA...
2025-03-13 16:41:33,845 - token_storage - ERROR - Error getting organization for token: 'organization'
2025-03-13 16:41:33,846 - helpers - INFO - Token validation successful for organization: None
2025-03-13 16:41:36,720 - views - INFO - Starting new assessment for ad, regulation: DPDP, industry: New banking fin
2025-03-13 16:41:36,721 - helpers - INFO - Navigating to page: assessment from welcome
2025-03-13 16:41:36,810 - __main__ - INFO - Current responses count: 0
2025-03-13 16:41:36,811 - assessment - INFO - Loaded questionnaire from C:\Users\vella\Downloads\DPDPAssesment\Modular_code\Modular_code\Questionnaire\DPDP\New banking fin.json with 2 sections, total weight: 1.0
2025-03-13 16:41:36,812 - __main__ - INFO - Current section 0 has 5 questions
2025-03-13 16:41:36,812 - __main__ - INFO - Question 1 response key s0_q0: missing
2025-03-13 16:41:36,813 - __main__ - INFO - Question 2 response key s0_q1: missing
2025-03-13 16:41:36,813 - __main__ - INFO - Question 3 response key s0_q2: missing
2025-03-13 16:41:36,814 - __main__ - INFO - Question 4 response key s0_q3: missing
2025-03-13 16:41:36,814 - __main__ - INFO - Question 5 response key s0_q4: missing
2025-03-13 16:41:36,821 - assessment - INFO - Loaded questionnaire from C:\Users\vella\Downloads\DPDPAssesment\Modular_code\Modular_code\Questionnaire\DPDP\New banking fin.json with 2 sections, total weight: 1.0
2025-03-13 16:41:36,826 - assessment - INFO - Loaded questionnaire from C:\Users\vella\Downloads\DPDPAssesment\Modular_code\Modular_code\Questionnaire\DPDP\New banking fin.json with 2 sections, total weight: 1.0
2025-03-13 16:41:41,673 - __main__ - INFO - Current responses count: 0
2025-03-13 16:41:41,674 - assessment - WARNING - Questionnaire not found for DPDP/general, using default
2025-03-13 16:41:41,675 - assessment - ERROR - Error loading default questionnaire: [Errno 2] No such file or directory: 'C:\\Users\\vella\\Downloads\\DPDPAssesment\\Modular_code\\Modular_code\\Questionnaire\\DPDP\\general.json'
2025-03-13 16:41:41,675 - __main__ - INFO - Current section 0 has 1 questions
2025-03-13 16:41:41,676 - __main__ - INFO - Question 1 response key s0_q0: missing
2025-03-13 16:41:41,680 - helpers - INFO - Navigating to page: welcome from assessment
2025-03-13 16:45:58,540 - helpers - INFO - Admin token validated
2025-03-13 16:46:04,194 - views - INFO - Starting new assessment for adwwa, regulation: DPDP, industry: New banking fin
2025-03-13 16:46:04,195 - helpers - INFO - Navigating to page: assessment from welcome
2025-03-13 16:46:04,286 - __main__ - INFO - Current responses count: 0
2025-03-13 16:46:04,289 - assessment - INFO - Loaded questionnaire from C:\Users\vella\Downloads\DPDPAssesment\Modular_code\Modular_code\Questionnaire\DPDP\New banking fin.json with 2 sections, total weight: 1.0
2025-03-13 16:46:04,290 - __main__ - INFO - Current section 0 has 5 questions
2025-03-13 16:46:04,290 - __main__ - INFO - Question 1 response key s0_q0: missing
2025-03-13 16:46:04,291 - __main__ - INFO - Question 2 response key s0_q1: missing
2025-03-13 16:46:04,291 - __main__ - INFO - Question 3 response key s0_q2: missing
2025-03-13 16:46:04,292 - __main__ - INFO - Question 4 response key s0_q3: missing
2025-03-13 16:46:04,292 - __main__ - INFO - Question 5 response key s0_q4: missing
2025-03-13 16:46:04,301 - assessment - INFO - Loaded questionnaire from C:\Users\vella\Downloads\DPDPAssesment\Modular_code\Modular_code\Questionnaire\DPDP\New banking fin.json with 2 sections, total weight: 1.0
2025-03-13 16:46:04,304 - assessment - INFO - Loaded questionnaire from C:\Users\vella\Downloads\DPDPAssesment\Modular_code\Modular_code\Questionnaire\DPDP\New banking fin.json with 2 sections, total weight: 1.0
2025-03-13 16:46:12,586 - __main__ - INFO - Current responses count: 0
2025-03-13 16:46:12,588 - assessment - WARNING - Questionnaire not found for DPDP/general, using default
2025-03-13 16:46:12,588 - assessment - ERROR - Error loading default questionnaire: [Errno 2] No such file or directory: 'C:\\Users\\vella\\Downloads\\DPDPAssesment\\Modular_code\\Modular_code\\Questionnaire\\DPDP\\general.json'
2025-03-13 16:46:12,589 - __main__ - INFO - Current section 0 has 1 questions
2025-03-13 16:46:12,589 - __main__ - INFO - Question 1 response key s0_q0: missing
2025-03-13 16:46:12,595 - assessment - WARNING - Questionnaire not found for DPDP/general, using default
2025-03-13 16:46:12,596 - assessment - ERROR - Error loading default questionnaire: [Errno 2] No such file or directory: 'C:\\Users\\vella\\Downloads\\DPDPAssesment\\Modular_code\\Modular_code\\Questionnaire\\DPDP\\general.json'
2025-03-13 16:46:12,600 - assessment - WARNING - Questionnaire not found for DPDP/general, using default
2025-03-13 16:46:12,601 - assessment - ERROR - Error loading default questionnaire: [Errno 2] No such file or directory: 'C:\\Users\\vella\\Downloads\\DPDPAssesment\\Modular_code\\Modular_code\\Questionnaire\\DPDP\\general.json'
2025-03-13 16:47:32,407 - helpers - INFO - Admin token validated
2025-03-13 16:47:34,080 - views - INFO - Starting new assessment for awd, regulation: DPDP, industry: New banking fin
2025-03-13 16:47:34,081 - helpers - INFO - Navigating to page: assessment from welcome
2025-03-13 16:47:34,172 - __main__ - INFO - Current responses count: 0
2025-03-13 16:47:34,176 - assessment - INFO - Loaded questionnaire from C:\Users\vella\Downloads\DPDPAssesment\Modular_code\Modular_code\Questionnaire\DPDP\New banking fin.json with 2 sections, total weight: 1.0
2025-03-13 16:47:34,177 - __main__ - INFO - Current section 0 has 5 questions
2025-03-13 16:47:34,177 - __main__ - INFO - Question 1 response key s0_q0: missing
2025-03-13 16:47:34,178 - __main__ - INFO - Question 2 response key s0_q1: missing
2025-03-13 16:47:34,178 - __main__ - INFO - Question 3 response key s0_q2: missing
2025-03-13 16:47:34,179 - __main__ - INFO - Question 4 response key s0_q3: missing
2025-03-13 16:47:34,179 - __main__ - INFO - Question 5 response key s0_q4: missing
2025-03-13 16:47:34,187 - assessment - INFO - Loaded questionnaire from C:\Users\vella\Downloads\DPDPAssesment\Modular_code\Modular_code\Questionnaire\DPDP\New banking fin.json with 2 sections, total weight: 1.0
2025-03-13 16:47:34,192 - assessment - INFO - Loaded questionnaire from C:\Users\vella\Downloads\DPDPAssesment\Modular_code\Modular_code\Questionnaire\DPDP\New banking fin.json with 2 sections, total weight: 1.0
2025-03-13 16:48:31,003 - helpers - INFO - Admin token validated
2025-03-13 16:48:33,897 - views - INFO - Starting new assessment for affW, regulation: DPDP, industry: New banking fin
2025-03-13 16:48:33,898 - helpers - INFO - Navigating to page: assessment from welcome
2025-03-13 16:48:33,985 - __main__ - INFO - Current responses count: 0
2025-03-13 16:48:33,988 - assessment - INFO - Loaded questionnaire from C:\Users\vella\Downloads\DPDPAssesment\Modular_code\Modular_code\Questionnaire\DPDP\New banking fin.json with 2 sections, total weight: 1.0
2025-03-13 16:48:33,988 - __main__ - INFO - Current section 0 has 5 questions
2025-03-13 16:48:33,989 - __main__ - INFO - Question 1 response key s0_q0: missing
2025-03-13 16:48:33,989 - __main__ - INFO - Question 2 response key s0_q1: missing
2025-03-13 16:48:33,990 - __main__ - INFO - Question 3 response key s0_q2: missing
2025-03-13 16:48:33,991 - __main__ - INFO - Question 4 response key s0_q3: missing
2025-03-13 16:48:33,991 - __main__ - INFO - Question 5 response key s0_q4: missing
2025-03-13 16:48:34,001 - assessment - INFO - Loaded questionnaire from C:\Users\vella\Downloads\DPDPAssesment\Modular_code\Modular_code\Questionnaire\DPDP\New banking fin.json with 2 sections, total weight: 1.0
2025-03-13 16:48:34,006 - assessment - INFO - Loaded questionnaire from C:\Users\vella\Downloads\DPDPAssesment\Modular_code\Modular_code\Questionnaire\DPDP\New banking fin.json with 2 sections, total weight: 1.0
2025-03-13 16:50:49,736 - helpers - INFO - Admin token validated
2025-03-13 16:50:51,636 - views - INFO - Starting new assessment for adawd, regulation: DPDP, industry: New banking fin
2025-03-13 16:50:51,637 - helpers - INFO - Navigating to page: assessment from welcome
2025-03-13 16:50:51,731 - __main__ - INFO - Current responses count: 0
2025-03-13 16:50:51,736 - assessment - INFO - Loaded questionnaire from C:\Users\vella\Downloads\DPDPAssesment\Modular_code\Modular_code\Questionnaire\DPDP\New banking fin.json with 2 sections, total weight: 1.0
2025-03-13 16:50:51,736 - __main__ - INFO - Current section 0 has 5 questions
2025-03-13 16:50:51,737 - __main__ - INFO - Question 1 response key s0_q0: missing
2025-03-13 16:50:51,737 - __main__ - INFO - Question 2 response key s0_q1: missing
2025-03-13 16:50:51,738 - __main__ - INFO - Question 3 response key s0_q2: missing
2025-03-13 16:50:51,738 - __main__ - INFO - Question 4 response key s0_q3: missing
2025-03-13 16:50:51,738 - __main__ - INFO - Question 5 response key s0_q4: missing
2025-03-13 16:50:51,750 - assessment - INFO - Loaded questionnaire from C:\Users\vella\Downloads\DPDPAssesment\Modular_code\Modular_code\Questionnaire\DPDP\New banking fin.json with 2 sections, total weight: 1.0
2025-03-13 16:50:51,756 - assessment - INFO - Loaded questionnaire from C:\Users\vella\Downloads\DPDPAssesment\Modular_code\Modular_code\Questionnaire\DPDP\New banking fin.json with 2 sections, total weight: 1.0
2025-03-13 17:54:16,381 - __main__ - INFO - Current responses count: 0
2025-03-13 17:54:16,383 - questionnaire_loader - ERROR - No questionnaire found for DPDP/general
2025-03-13 17:54:16,386 - assessment - INFO - Loaded questionnaire for DPDP/general with 0 sections, total weight: 0
2025-03-13 17:54:16,387 - questionnaire_loader - ERROR - Error loading default questionnaire: [Errno 2] No such file or directory: 'C:\\Users\\vella\\Downloads\\DPDPAssesment\\Modular_code\\Modular_code\\Questionnaire\\DPDP\\general.json'
2025-03-13 17:54:16,388 - __main__ - INFO - Current section 0 has 1 questions
2025-03-13 17:54:16,389 - __main__ - INFO - Question 1 response key s0_q0: missing
2025-03-13 17:54:16,401 - questionnaire_loader - ERROR - No questionnaire found for DPDP/general
2025-03-13 17:54:16,402 - assessment - INFO - Loaded questionnaire for DPDP/general with 0 sections, total weight: 0
2025-03-13 17:54:16,405 - questionnaire_loader - ERROR - Error loading default questionnaire: [Errno 2] No such file or directory: 'C:\\Users\\vella\\Downloads\\DPDPAssesment\\Modular_code\\Modular_code\\Questionnaire\\DPDP\\general.json'
2025-03-13 17:54:16,415 - questionnaire_loader - ERROR - No questionnaire found for DPDP/general
2025-03-13 17:54:16,416 - assessment - INFO - Loaded questionnaire for DPDP/general with 0 sections, total weight: 0
2025-03-13 17:54:16,419 - questionnaire_loader - ERROR - Error loading default questionnaire: [Errno 2] No such file or directory: 'C:\\Users\\vella\\Downloads\\DPDPAssesment\\Modular_code\\Modular_code\\Questionnaire\\DPDP\\general.json'
2025-03-13 18:49:56,008 - asyncio - ERROR - Task exception was never retrieved
future: <Task finished name='Task-15455' coro=<WebSocketProtocol13.write_message.<locals>.wrapper() done, defined at C:\Users\vella\anaconda3\Lib\site-packages\tornado\websocket.py:1086> exception=WebSocketClosedError()>
Traceback (most recent call last):
  File "C:\Users\vella\anaconda3\Lib\site-packages\tornado\websocket.py", line 1088, in wrapper
    await fut
tornado.iostream.StreamClosedError: Stream is closed

During handling of the above exception, another exception occurred:

Traceback (most recent call last):
  File "C:\Users\vella\anaconda3\Lib\site-packages\tornado\websocket.py", line 1090, in wrapper
    raise WebSocketClosedError()
tornado.websocket.WebSocketClosedError
2025-03-13 18:49:59,043 - __main__ - INFO - Current responses count: 0
2025-03-13 18:49:59,046 - questionnaire_loader - ERROR - No questionnaire found for DPDP/general
2025-03-13 18:49:59,047 - assessment - INFO - Loaded questionnaire for DPDP/general with 0 sections, total weight: 0
2025-03-13 18:49:59,048 - questionnaire_loader - ERROR - Error loading default questionnaire: [Errno 2] No such file or directory: 'C:\\Users\\vella\\Downloads\\DPDPAssesment\\Modular_code\\Modular_code\\Questionnaire\\DPDP\\general.json'
2025-03-13 18:49:59,048 - __main__ - INFO - Current section 0 has 1 questions
2025-03-13 18:49:59,049 - __main__ - INFO - Question 1 response key s0_q0: missing
2025-03-13 18:49:59,065 - questionnaire_loader - ERROR - No questionnaire found for DPDP/general
2025-03-13 18:49:59,066 - assessment - INFO - Loaded questionnaire for DPDP/general with 0 sections, total weight: 0
2025-03-13 18:49:59,068 - questionnaire_loader - ERROR - Error loading default questionnaire: [Errno 2] No such file or directory: 'C:\\Users\\vella\\Downloads\\DPDPAssesment\\Modular_code\\Modular_code\\Questionnaire\\DPDP\\general.json'
2025-03-13 18:49:59,074 - questionnaire_loader - ERROR - No questionnaire found for DPDP/general
2025-03-13 18:49:59,076 - assessment - INFO - Loaded questionnaire for DPDP/general with 0 sections, total weight: 0
2025-03-13 18:49:59,077 - questionnaire_loader - ERROR - Error loading default questionnaire: [Errno 2] No such file or directory: 'C:\\Users\\vella\\Downloads\\DPDPAssesment\\Modular_code\\Modular_code\\Questionnaire\\DPDP\\general.json'
2025-03-15 17:29:09,570 - helpers - INFO - Admin token validated
2025-03-15 17:29:11,781 - views - INFO - Starting new assessment for adwa, regulation: DPDP, industry: New banking fin
2025-03-15 17:29:11,782 - helpers - INFO - Navigating to page: assessment from welcome
2025-03-15 17:29:11,883 - __main__ - INFO - Current responses count: 0
2025-03-15 17:29:11,905 - assessment - INFO - Loaded questionnaire for DPDP/New banking fin with 2 sections, total weight: 1.0
2025-03-15 17:29:11,906 - __main__ - INFO - Current section 0 has 5 questions
2025-03-15 17:29:11,907 - __main__ - INFO - Question 1 response key s0_q0: missing
2025-03-15 17:29:11,908 - __main__ - INFO - Question 2 response key s0_q1: missing
2025-03-15 17:29:11,908 - __main__ - INFO - Question 3 response key s0_q2: missing
2025-03-15 17:29:11,909 - __main__ - INFO - Question 4 response key s0_q3: missing
2025-03-15 17:29:11,909 - __main__ - INFO - Question 5 response key s0_q4: missing
2025-03-15 17:29:11,920 - assessment - INFO - Loaded questionnaire for DPDP/New banking fin with 2 sections, total weight: 1.0
2025-03-15 17:29:11,925 - assessment - INFO - Loaded questionnaire for DPDP/New banking fin with 2 sections, total weight: 1.0
2025-03-15 17:29:20,399 - __main__ - INFO - Current responses count: 0
2025-03-15 17:29:20,401 - questionnaire_loader - ERROR - No questionnaire found for DPDP/general
2025-03-15 17:29:20,402 - assessment - INFO - Loaded questionnaire for DPDP/general with 0 sections, total weight: 0
2025-03-15 17:29:20,403 - questionnaire_loader - ERROR - Error loading default questionnaire: [Errno 2] No such file or directory: 'C:\\Users\\vella\\Downloads\\DPDPAssesment\\Modular_code\\Modular_code\\Questionnaire\\DPDP\\general.json'
2025-03-15 17:29:20,403 - __main__ - INFO - Current section 0 has 1 questions
2025-03-15 17:29:20,404 - __main__ - INFO - Question 1 response key s0_q0: missing
2025-03-15 17:29:20,409 - questionnaire_loader - ERROR - No questionnaire found for DPDP/general
2025-03-15 17:29:20,410 - assessment - INFO - Loaded questionnaire for DPDP/general with 0 sections, total weight: 0
2025-03-15 17:29:20,411 - questionnaire_loader - ERROR - Error loading default questionnaire: [Errno 2] No such file or directory: 'C:\\Users\\vella\\Downloads\\DPDPAssesment\\Modular_code\\Modular_code\\Questionnaire\\DPDP\\general.json'
2025-03-15 17:29:20,415 - questionnaire_loader - ERROR - No questionnaire found for DPDP/general
2025-03-15 17:29:20,416 - assessment - INFO - Loaded questionnaire for DPDP/general with 0 sections, total weight: 0
2025-03-15 17:29:20,417 - questionnaire_loader - ERROR - Error loading default questionnaire: [Errno 2] No such file or directory: 'C:\\Users\\vella\\Downloads\\DPDPAssesment\\Modular_code\\Modular_code\\Questionnaire\\DPDP\\general.json'
2025-03-15 17:32:16,767 - helpers - INFO - Admin token validated
2025-03-15 17:32:19,811 - views - INFO - Starting new assessment for adwwad, regulation: DPDP, industry: New banking fin
2025-03-15 17:32:19,812 - helpers - INFO - Navigating to page: assessment from welcome
2025-03-15 17:32:19,908 - __main__ - INFO - Current responses count: 0
2025-03-15 17:32:19,910 - assessment - INFO - Loaded questionnaire for DPDP/New banking fin with 2 sections, total weight: 1.0
2025-03-15 17:32:19,911 - __main__ - INFO - Current section 0 has 5 questions
2025-03-15 17:32:19,911 - __main__ - INFO - Question 1 response key s0_q0: missing
2025-03-15 17:32:19,912 - __main__ - INFO - Question 2 response key s0_q1: missing
2025-03-15 17:32:19,912 - __main__ - INFO - Question 3 response key s0_q2: missing
2025-03-15 17:32:19,913 - __main__ - INFO - Question 4 response key s0_q3: missing
2025-03-15 17:32:19,915 - __main__ - INFO - Question 5 response key s0_q4: missing
2025-03-15 17:32:19,933 - assessment - INFO - Loaded questionnaire for DPDP/New banking fin with 2 sections, total weight: 1.0
2025-03-15 17:32:19,938 - assessment - INFO - Loaded questionnaire for DPDP/New banking fin with 2 sections, total weight: 1.0
2025-03-15 17:32:27,698 - __main__ - INFO - Current responses count: 0
2025-03-15 17:32:27,699 - questionnaire_loader - ERROR - No questionnaire found for DPDP/general
2025-03-15 17:32:27,701 - assessment - INFO - Loaded questionnaire for DPDP/general with 0 sections, total weight: 0
2025-03-15 17:32:27,701 - questionnaire_loader - ERROR - Error loading default questionnaire: [Errno 2] No such file or directory: 'C:\\Users\\vella\\Downloads\\DPDPAssesment\\Modular_code\\Modular_code\\Questionnaire\\DPDP\\general.json'
2025-03-15 17:32:27,702 - __main__ - INFO - Current section 0 has 1 questions
2025-03-15 17:32:27,702 - __main__ - INFO - Question 1 response key s0_q0: missing
2025-03-15 17:32:27,709 - questionnaire_loader - ERROR - No questionnaire found for DPDP/general
2025-03-15 17:32:27,711 - assessment - INFO - Loaded questionnaire for DPDP/general with 0 sections, total weight: 0
2025-03-15 17:32:27,712 - questionnaire_loader - ERROR - Error loading default questionnaire: [Errno 2] No such file or directory: 'C:\\Users\\vella\\Downloads\\DPDPAssesment\\Modular_code\\Modular_code\\Questionnaire\\DPDP\\general.json'
2025-03-15 17:32:27,716 - questionnaire_loader - ERROR - No questionnaire found for DPDP/general
2025-03-15 17:32:27,717 - assessment - INFO - Loaded questionnaire for DPDP/general with 0 sections, total weight: 0
2025-03-15 17:32:27,717 - questionnaire_loader - ERROR - Error loading default questionnaire: [Errno 2] No such file or directory: 'C:\\Users\\vella\\Downloads\\DPDPAssesment\\Modular_code\\Modular_code\\Questionnaire\\DPDP\\general.json'
2025-03-15 17:37:48,839 - helpers - INFO - Admin token validated
2025-03-15 17:37:52,180 - views - INFO - Starting new assessment for sacvfa, regulation: DPDP, industry: New banking fin
2025-03-15 17:37:52,181 - helpers - INFO - Navigating to page: assessment from welcome
2025-03-15 17:37:52,265 - __main__ - INFO - Current responses count: 0
2025-03-15 17:37:52,290 - assessment - INFO - Loaded questionnaire for DPDP/New banking fin with 2 sections, total weight: 1.0
2025-03-15 17:37:52,291 - __main__ - INFO - Current section 0 has 5 questions
2025-03-15 17:37:52,291 - __main__ - INFO - Question 1 response key s0_q0: missing
2025-03-15 17:37:52,293 - __main__ - INFO - Question 2 response key s0_q1: missing
2025-03-15 17:37:52,293 - __main__ - INFO - Question 3 response key s0_q2: missing
2025-03-15 17:37:52,294 - __main__ - INFO - Question 4 response key s0_q3: missing
2025-03-15 17:37:52,294 - __main__ - INFO - Question 5 response key s0_q4: missing
2025-03-15 17:37:52,309 - assessment - INFO - Loaded questionnaire for DPDP/New banking fin with 2 sections, total weight: 1.0
2025-03-15 17:37:52,320 - assessment - INFO - Loaded questionnaire for DPDP/New banking fin with 2 sections, total weight: 1.0
2025-03-15 17:38:02,011 - __main__ - INFO - Current responses count: 0
2025-03-15 17:38:02,012 - questionnaire_loader - ERROR - No questionnaire found for DPDP/general
2025-03-15 17:38:02,013 - assessment - INFO - Loaded questionnaire for DPDP/general with 0 sections, total weight: 0
2025-03-15 17:38:02,014 - questionnaire_loader - ERROR - Error loading default questionnaire: [Errno 2] No such file or directory: 'C:\\Users\\vella\\Downloads\\DPDPAssesment\\Modular_code\\Modular_code\\Questionnaire\\DPDP\\general.json'
2025-03-15 17:38:02,014 - __main__ - INFO - Current section 0 has 1 questions
2025-03-15 17:38:02,015 - __main__ - INFO - Question 1 response key s0_q0: missing
2025-03-15 17:38:02,023 - questionnaire_loader - ERROR - No questionnaire found for DPDP/general
2025-03-15 17:38:02,024 - assessment - INFO - Loaded questionnaire for DPDP/general with 0 sections, total weight: 0
2025-03-15 17:38:02,025 - questionnaire_loader - ERROR - Error loading default questionnaire: [Errno 2] No such file or directory: 'C:\\Users\\vella\\Downloads\\DPDPAssesment\\Modular_code\\Modular_code\\Questionnaire\\DPDP\\general.json'
2025-03-15 17:38:02,029 - questionnaire_loader - ERROR - No questionnaire found for DPDP/general
2025-03-15 17:38:02,029 - assessment - INFO - Loaded questionnaire for DPDP/general with 0 sections, total weight: 0
2025-03-15 17:38:02,030 - questionnaire_loader - ERROR - Error loading default questionnaire: [Errno 2] No such file or directory: 'C:\\Users\\vella\\Downloads\\DPDPAssesment\\Modular_code\\Modular_code\\Questionnaire\\DPDP\\general.json'
