2025-03-15 17:57:38,042 - helpers - INFO - Admin token validated
2025-03-15 17:57:41,023 - views - INFO - Starting new assessment for qwdawd, regulation: DPDP, industry: New banking fin
2025-03-15 17:57:41,024 - helpers - INFO - Navigating to page: assessment from welcome
2025-03-15 17:57:41,116 - __main__ - INFO - Current responses count: 0
2025-03-15 17:57:41,121 - assessment - INFO - Loaded questionnaire for DPDP/New banking fin with 2 sections, total weight: 1.0
2025-03-15 17:57:41,121 - __main__ - INFO - Current section 0 has 5 questions
2025-03-15 17:57:41,122 - __main__ - INFO - Question 1 response key s0_q0: missing
2025-03-15 17:57:41,122 - __main__ - INFO - Question 2 response key s0_q1: missing
2025-03-15 17:57:41,123 - __main__ - INFO - Question 3 response key s0_q2: missing
2025-03-15 17:57:41,124 - __main__ - INFO - Question 4 response key s0_q3: missing
2025-03-15 17:57:41,124 - __main__ - INFO - Question 5 response key s0_q4: missing
2025-03-15 17:57:41,136 - assessment - INFO - Loaded questionnaire for DPDP/New banking fin with 2 sections, total weight: 1.0
2025-03-15 17:57:41,144 - assessment - INFO - Loaded questionnaire for DPDP/New banking fin with 2 sections, total weight: 1.0
2025-03-15 18:16:32,888 - __main__ - INFO - Current responses count: 0
2025-03-15 18:16:32,890 - questionnaire_loader - ERROR - No questionnaire found for DPDP/general
2025-03-15 18:16:32,891 - assessment - INFO - Loaded questionnaire for DPDP/general with 0 sections, total weight: 0
2025-03-15 18:16:32,892 - questionnaire_loader - ERROR - Error loading default questionnaire: [Errno 2] No such file or directory: 'C:\\Users\\vella\\Downloads\\DPDPAssesment\\Modular_code\\Modular_code\\Questionnaire\\DPDP\\general.json'
2025-03-15 18:16:32,894 - __main__ - INFO - Current section 0 has 1 questions
2025-03-15 18:16:32,895 - __main__ - INFO - Question 1 response key s0_q0: missing
2025-03-15 18:16:32,913 - questionnaire_loader - ERROR - No questionnaire found for DPDP/general
2025-03-15 18:16:32,914 - assessment - INFO - Loaded questionnaire for DPDP/general with 0 sections, total weight: 0
2025-03-15 18:16:32,916 - questionnaire_loader - ERROR - Error loading default questionnaire: [Errno 2] No such file or directory: 'C:\\Users\\vella\\Downloads\\DPDPAssesment\\Modular_code\\Modular_code\\Questionnaire\\DPDP\\general.json'
2025-03-15 18:16:32,925 - questionnaire_loader - ERROR - No questionnaire found for DPDP/general
2025-03-15 18:16:32,927 - assessment - INFO - Loaded questionnaire for DPDP/general with 0 sections, total weight: 0
2025-03-15 18:16:32,929 - questionnaire_loader - ERROR - Error loading default questionnaire: [Errno 2] No such file or directory: 'C:\\Users\\vella\\Downloads\\DPDPAssesment\\Modular_code\\Modular_code\\Questionnaire\\DPDP\\general.json'
2025-03-15 18:58:56,834 - helpers - INFO - Admin token validated
2025-03-15 18:58:59,068 - views - INFO - Starting new assessment for ad, regulation: DPDP, industry: New banking fin
2025-03-15 18:58:59,068 - helpers - INFO - Navigating to page: assessment from welcome
2025-03-15 18:58:59,156 - __main__ - INFO - Current responses count: 0
2025-03-15 18:58:59,160 - assessment - INFO - Loaded questionnaire for DPDP/New banking fin with 2 sections, total weight: 1.0
2025-03-15 18:58:59,161 - __main__ - INFO - Current section 0 has 5 questions
2025-03-15 18:58:59,161 - __main__ - INFO - Question 1 response key s0_q0: missing
2025-03-15 18:58:59,161 - __main__ - INFO - Question 2 response key s0_q1: missing
2025-03-15 18:58:59,161 - __main__ - INFO - Question 3 response key s0_q2: missing
2025-03-15 18:58:59,163 - __main__ - INFO - Question 4 response key s0_q3: missing
2025-03-15 18:58:59,163 - __main__ - INFO - Question 5 response key s0_q4: missing
2025-03-15 18:58:59,175 - assessment - INFO - Loaded questionnaire for DPDP/New banking fin with 2 sections, total weight: 1.0
2025-03-15 18:58:59,183 - assessment - INFO - Loaded questionnaire for DPDP/New banking fin with 2 sections, total weight: 1.0
2025-03-15 18:59:44,613 - helpers - INFO - Admin token validated
2025-03-15 18:59:46,568 - views - INFO - Starting new assessment for adw, regulation: DPDP, industry: New banking fin
2025-03-15 18:59:46,568 - helpers - INFO - Navigating to page: assessment from welcome
2025-03-15 18:59:46,667 - __main__ - INFO - Current responses count: 0
2025-03-15 18:59:46,671 - assessment - INFO - Loaded questionnaire for DPDP/New banking fin with 2 sections, total weight: 1.0
2025-03-15 18:59:46,671 - __main__ - INFO - Current section 0 has 5 questions
2025-03-15 18:59:46,672 - __main__ - INFO - Question 1 response key s0_q0: missing
2025-03-15 18:59:46,672 - __main__ - INFO - Question 2 response key s0_q1: missing
2025-03-15 18:59:46,672 - __main__ - INFO - Question 3 response key s0_q2: missing
2025-03-15 18:59:46,673 - __main__ - INFO - Question 4 response key s0_q3: missing
2025-03-15 18:59:46,673 - __main__ - INFO - Question 5 response key s0_q4: missing
2025-03-15 18:59:46,682 - assessment - INFO - Loaded questionnaire for DPDP/New banking fin with 2 sections, total weight: 1.0
2025-03-15 18:59:46,687 - assessment - INFO - Loaded questionnaire for DPDP/New banking fin with 2 sections, total weight: 1.0
2025-03-15 19:01:47,180 - helpers - INFO - Admin token validated
2025-03-15 19:01:48,940 - views - INFO - Starting new assessment for ad, regulation: DPDP, industry: New banking fin
2025-03-15 19:01:48,940 - helpers - INFO - Navigating to page: assessment from welcome
2025-03-15 19:01:49,032 - __main__ - INFO - Current responses count: 0
2025-03-15 19:01:49,034 - assessment - INFO - Loaded questionnaire for DPDP/New banking fin with 2 sections, total weight: 1.0
2025-03-15 19:01:49,036 - __main__ - INFO - Current section 0 has 5 questions
2025-03-15 19:01:49,036 - __main__ - INFO - Question 1 response key s0_q0: missing
2025-03-15 19:01:49,037 - __main__ - INFO - Question 2 response key s0_q1: missing
2025-03-15 19:01:49,037 - __main__ - INFO - Question 3 response key s0_q2: missing
2025-03-15 19:01:49,037 - __main__ - INFO - Question 4 response key s0_q3: missing
2025-03-15 19:01:49,038 - __main__ - INFO - Question 5 response key s0_q4: missing
2025-03-15 19:01:49,049 - assessment - INFO - Loaded questionnaire for DPDP/New banking fin with 2 sections, total weight: 1.0
2025-03-15 19:01:49,055 - assessment - INFO - Loaded questionnaire for DPDP/New banking fin with 2 sections, total weight: 1.0
2025-03-15 19:02:15,208 - helpers - INFO - Admin token validated
2025-03-15 19:02:16,700 - views - INFO - Starting new assessment for wqr, regulation: DPDP, industry: New banking fin
2025-03-15 19:02:16,701 - helpers - INFO - Navigating to page: assessment from welcome
2025-03-15 19:02:16,798 - __main__ - INFO - Current responses count: 0
2025-03-15 19:02:16,803 - assessment - INFO - Loaded questionnaire for DPDP/New banking fin with 2 sections, total weight: 1.0
2025-03-15 19:02:16,803 - __main__ - INFO - Current section 0 has 5 questions
2025-03-15 19:02:16,803 - __main__ - INFO - Question 1 response key s0_q0: missing
2025-03-15 19:02:16,805 - __main__ - INFO - Question 2 response key s0_q1: missing
2025-03-15 19:02:16,805 - __main__ - INFO - Question 3 response key s0_q2: missing
2025-03-15 19:02:16,806 - __main__ - INFO - Question 4 response key s0_q3: missing
2025-03-15 19:02:16,807 - __main__ - INFO - Question 5 response key s0_q4: missing
2025-03-15 19:02:16,818 - assessment - INFO - Loaded questionnaire for DPDP/New banking fin with 2 sections, total weight: 1.0
2025-03-15 19:02:16,830 - assessment - INFO - Loaded questionnaire for DPDP/New banking fin with 2 sections, total weight: 1.0
2025-03-15 19:03:21,878 - helpers - INFO - Admin token validated
2025-03-15 19:18:55,419 - helpers - INFO - Attempting to validate token: None...
2025-03-15 19:18:55,436 - token_storage - WARNING - No matching token found: ...
2025-03-15 19:18:55,437 - helpers - WARNING - Token validation failed
2025-03-15 19:18:57,097 - helpers - INFO - Admin token validated
2025-03-15 19:19:01,159 - views - INFO - Starting new assessment for ewf, regulation: DPDP, industry: New banking fin
2025-03-15 19:19:01,160 - helpers - INFO - Navigating to page: assessment from welcome
2025-03-15 19:19:01,239 - __main__ - INFO - Current responses count: 0
2025-03-15 19:19:01,242 - assessment - INFO - Loaded questionnaire for DPDP/New banking fin with 2 sections, total weight: 1.0
2025-03-15 19:19:01,242 - __main__ - INFO - Current section 0 has 5 questions
2025-03-15 19:19:01,244 - __main__ - INFO - Question 1 response key s0_q0: missing
2025-03-15 19:19:01,244 - __main__ - INFO - Question 2 response key s0_q1: missing
2025-03-15 19:19:01,244 - __main__ - INFO - Question 3 response key s0_q2: missing
2025-03-15 19:19:01,244 - __main__ - INFO - Question 4 response key s0_q3: missing
2025-03-15 19:19:01,245 - __main__ - INFO - Question 5 response key s0_q4: missing
2025-03-15 19:19:01,257 - assessment - INFO - Loaded questionnaire for DPDP/New banking fin with 2 sections, total weight: 1.0
2025-03-15 19:19:01,263 - assessment - INFO - Loaded questionnaire for DPDP/New banking fin with 2 sections, total weight: 1.0
2025-03-15 19:20:07,876 - __main__ - INFO - Current responses count: 0
2025-03-15 19:20:07,878 - questionnaire_loader - ERROR - No questionnaire found for DPDP/general
2025-03-15 19:20:07,879 - assessment - WARNING - No questionnaire found for DPDP/general. Returning default questionnaire.
2025-03-15 19:20:07,880 - questionnaire_loader - ERROR - Error loading default questionnaire: [Errno 2] No such file or directory: 'C:\\Users\\vella\\Downloads\\DPDPAssesment\\Modular_code\\Modular_code\\Questionnaire\\DPDP\\general.json'
2025-03-15 19:20:07,880 - __main__ - INFO - Current section 0 has 1 questions
2025-03-15 19:20:07,881 - __main__ - INFO - Question 1 response key s0_q0: missing
2025-03-15 19:20:07,890 - questionnaire_loader - ERROR - No questionnaire found for DPDP/general
2025-03-15 19:20:07,892 - assessment - WARNING - No questionnaire found for DPDP/general. Returning default questionnaire.
2025-03-15 19:20:07,892 - questionnaire_loader - ERROR - Error loading default questionnaire: [Errno 2] No such file or directory: 'C:\\Users\\vella\\Downloads\\DPDPAssesment\\Modular_code\\Modular_code\\Questionnaire\\DPDP\\general.json'
2025-03-15 19:20:07,897 - questionnaire_loader - ERROR - No questionnaire found for DPDP/general
2025-03-15 19:20:07,900 - assessment - WARNING - No questionnaire found for DPDP/general. Returning default questionnaire.
2025-03-15 19:20:07,900 - questionnaire_loader - ERROR - Error loading default questionnaire: [Errno 2] No such file or directory: 'C:\\Users\\vella\\Downloads\\DPDPAssesment\\Modular_code\\Modular_code\\Questionnaire\\DPDP\\general.json'
2025-03-15 20:57:06,997 - helpers - INFO - Admin token validated
2025-03-15 20:57:09,351 - views - INFO - Starting new assessment for ada, regulation: DPDP, industry: New banking fin
2025-03-15 20:57:09,352 - helpers - INFO - Navigating to page: assessment from welcome
2025-03-15 20:57:09,431 - __main__ - INFO - Current responses count: 0
2025-03-15 20:57:09,433 - assessment - INFO - Loaded questionnaire for DPDP/New banking fin with 2 sections, total weight: 1.0
2025-03-15 20:57:09,433 - __main__ - INFO - Current section 0 has 5 questions
2025-03-15 20:57:09,433 - __main__ - INFO - Question 1 response key s0_q0: missing
2025-03-15 20:57:09,434 - __main__ - INFO - Question 2 response key s0_q1: missing
2025-03-15 20:57:09,434 - __main__ - INFO - Question 3 response key s0_q2: missing
2025-03-15 20:57:09,434 - __main__ - INFO - Question 4 response key s0_q3: missing
2025-03-15 20:57:09,435 - __main__ - INFO - Question 5 response key s0_q4: missing
2025-03-15 20:57:09,440 - assessment - INFO - Using cached questionnaire for DPDP/New banking fin
2025-03-15 20:57:19,209 - __main__ - INFO - Current responses count: 0
2025-03-15 20:57:19,210 - questionnaire_loader - WARNING - Questionnaire file not found: C:\Users\vella\Downloads\DPDPAssesment\Modular_code\Modular_code\Questionnaire\DPDP\general.json
2025-03-15 20:57:19,211 - assessment - WARNING - Empty or invalid questionnaire for DPDP/general
2025-03-15 20:57:19,211 - assessment - WARNING - Creating default minimal questionnaire for DPDP/general
2025-03-15 20:57:19,211 - __main__ - INFO - Current section 0 has 1 questions
2025-03-15 20:57:19,213 - __main__ - INFO - Question 1 response key s0_q0: missing
2025-03-15 20:57:19,245 - helpers - INFO - EVENT: section_completed - {"section": "Data Collection and Processing"}
2025-03-15 20:57:19,337 - __main__ - INFO - Current responses count: 5
2025-03-15 20:57:19,338 - assessment - INFO - Using cached questionnaire for DPDP/general
2025-03-15 22:42:11,379 - helpers - INFO - Admin token validated
2025-03-15 22:42:14,672 - helpers - INFO - Admin token validated
2025-03-15 22:42:26,368 - helpers - INFO - Admin token validated
2025-03-15 22:42:58,047 - helpers - INFO - Admin token validated
